#
# There is insufficient memory for the Java Runtime Environment to continue.
# Native memory allocation (mmap) failed to map 65536 bytes for Failed to commit metaspace.
# Possible reasons:
#   The system is out of physical RAM or swap space
#   The process is running with CompressedOops enabled, and the Java Heap may be blocking the growth of the native heap
# Possible solutions:
#   Reduce memory load on the system
#   Increase physical memory or swap space
#   Check if swap backing store is full
#   Decrease Java heap size (-Xmx/-Xms)
#   Decrease number of Java threads
#   Decrease Java thread stack sizes (-Xss)
#   Set larger code cache with -XX:ReservedCodeCacheSize=
#   JVM is running with Unscaled Compressed Oops mode in which the Java heap is
#     placed in the first 4GB address space. The Java Heap base address is the
#     maximum limit for the native heap growth. Please use -XX:HeapBaseMinAddress
#     to set the Java Heap base and to place the Java Heap above 4GB virtual address.
# This output file may be truncated or incomplete.
#
#  Out of Memory Error (virtualSpaceNode.cpp:110), pid=7188, tid=10704
#
# JRE version: OpenJDK Runtime Environment Temurin-20.0.2+9 (20.0.2+9) (build 20.0.2+9)
# Java VM: OpenJDK 64-Bit Server VM Temurin-20.0.2+9 (20.0.2+9, mixed mode, tiered, compressed oops, compressed class ptrs, g1 gc, windows-amd64)
# No core dump will be written. Minidumps are not enabled by default on client versions of Windows
#

---------------  S U M M A R Y ------------

Command Line: -javaagent:C:\Users\FIGHTER\eclipse\java-2023-06\eclipse\configuration\org.eclipse.osgi\471\0\.cp\jacocoagent.jar=includes=*,excludes=,exclclassloader=sun.reflect.DelegatingClassLoader,output=tcpclient,port=59880 -Dfile.encoding=UTF-8 --module-path=C:\Users\FIGHTER\eclipse-workspace\prj\bin;C:\Users\FIGHTER\Documents\mysql-connector-j-8.2.0\mysql-connector-j-8.2.0\mysql-connector-j-8.2.0.jar -XX:+ShowCodeDetailsInExceptionMessages -Djdk.module.main=prj prj/prj.Main

Host: AMD Ryzen 5 5500U with Radeon Graphics         , 12 cores, 7G,  Windows 11 , 64 bit Build 22621 (10.0.22621.2506)
Time: Wed Jan 10 07:03:01 2024 Bangladesh Standard Time elapsed time: 1.270649 seconds (0d 0h 0m 1s)

---------------  T H R E A D  ---------------

Current thread (0x0000028e97f68760):  JavaThread "main" [_thread_in_vm, id=10704, stack(0x000000b33d800000,0x000000b33d900000)]

Stack: [0x000000b33d800000,0x000000b33d900000]
Native frames: (J=compiled Java code, j=interpreted, Vv=VM code, C=native code)
V  [jvm.dll+0x6c4a1a]
V  [jvm.dll+0x8a341c]
V  [jvm.dll+0x8a5025]
V  [jvm.dll+0x8a5723]
V  [jvm.dll+0x284aff]
V  [jvm.dll+0x89f28b]
V  [jvm.dll+0x667616]
V  [jvm.dll+0x66767a]
V  [jvm.dll+0x669f4e]
V  [jvm.dll+0x669e0e]
V  [jvm.dll+0x66800e]
V  [jvm.dll+0x2711b0]
V  [jvm.dll+0x21f68b]
V  [jvm.dll+0x214d50]
V  [jvm.dll+0x5a34db]
V  [jvm.dll+0x226227]
V  [jvm.dll+0x81cdf4]
V  [jvm.dll+0x81defa]
V  [jvm.dll+0x81e6e2]
V  [jvm.dll+0x21d34f]
V  [jvm.dll+0x21fb93]
V  [jvm.dll+0x214d50]
V  [jvm.dll+0x5a34db]
V  [jvm.dll+0x226227]
V  [jvm.dll+0x81cdf4]
V  [jvm.dll+0x81defa]
V  [jvm.dll+0x81e4bf]
V  [jvm.dll+0x81e168]
V  [jvm.dll+0x273946]
V  [jvm.dll+0x3deafe]
C  0x0000028ea2e4f7d6

Java frames: (J=compiled Java code, j=interpreted, Vv=VM code)
j  javax.swing.KeyStroke.<clinit>()V+0 java.desktop@20.0.2
v  ~StubRoutines::call_stub 0x0000028ea2e2100d
j  jdk.internal.misc.Unsafe.ensureClassInitialized0(Ljava/lang/Class;)V+0 java.base@20.0.2
j  jdk.internal.misc.Unsafe.ensureClassInitialized(Ljava/lang/Class;)V+14 java.base@20.0.2
j  java.lang.invoke.MethodHandles$Lookup.ensureInitialized(Ljava/lang/Class;)Ljava/lang/Class;+102 java.base@20.0.2
j  sun.swing.SwingAccessor.ensureClassInitialized(Ljava/lang/Class;)V+4 java.desktop@20.0.2
j  sun.swing.SwingAccessor.getKeyStrokeAccessor()Lsun/swing/SwingAccessor$KeyStrokeAccessor;+10 java.desktop@20.0.2
j  java.awt.AWTKeyStroke.getCachedStroke(CIIZ)Ljava/awt/AWTKeyStroke;+59 java.desktop@20.0.2
j  java.awt.AWTKeyStroke.getAWTKeyStroke(IIZ)Ljava/awt/AWTKeyStroke;+5 java.desktop@20.0.2
j  java.awt.KeyboardFocusManager.<init>()V+44 java.desktop@20.0.2
j  java.awt.DefaultKeyboardFocusManager.<init>()V+1 java.desktop@20.0.2
j  java.awt.KeyboardFocusManager.getCurrentKeyboardFocusManager(Lsun/awt/AppContext;)Ljava/awt/KeyboardFocusManager;+18 java.desktop@20.0.2
j  java.awt.KeyboardFocusManager.getCurrentKeyboardFocusManager()Ljava/awt/KeyboardFocusManager;+3 java.desktop@20.0.2
j  sun.awt.SunToolkit.checkAndSetPolicy(Ljava/awt/Container;)V+0 java.desktop@20.0.2
j  java.awt.Window.init(Ljava/awt/GraphicsConfiguration;)V+194 java.desktop@20.0.2
j  java.awt.Window.<init>()V+114 java.desktop@20.0.2
j  java.awt.Frame.<init>(Ljava/lang/String;)V+1 java.desktop@20.0.2
j  java.awt.Frame.<init>()V+3 java.desktop@20.0.2
j  javax.swing.JFrame.<init>()V+1 java.desktop@20.0.2
j  prj.login.<init>()V+7 prj
j  prj.Main.main([Ljava/lang/String;)V+9 prj
v  ~StubRoutines::call_stub 0x0000028ea2e2100d

---------------  P R O C E S S  ---------------

Threads class SMR info:
_java_thread_list=0x0000028eb4b4b250, length=15, elements={
0x0000028e97f68760, 0x0000028eb443f070, 0x0000028eb443fae0, 0x0000028eb445a480,
0x0000028eb445b0d0, 0x0000028eb445bbb0, 0x0000028eb444c570, 0x0000028eb444f1f0,
0x0000028eb44821d0, 0x0000028eb451bc30, 0x0000028eb47fe680, 0x0000028eb4a73160,
0x0000028eb4b0e120, 0x0000028eb4b0e670, 0x0000028eb4b0fbd0
}

Java Threads: ( => current thread )
=>0x0000028e97f68760 JavaThread "main" [_thread_in_vm, id=10704, stack(0x000000b33d800000,0x000000b33d900000)]
  0x0000028eb443f070 JavaThread "Reference Handler" daemon [_thread_blocked, id=15620, stack(0x000000b33df00000,0x000000b33e000000)]
  0x0000028eb443fae0 JavaThread "Finalizer" daemon [_thread_blocked, id=10960, stack(0x000000b33e000000,0x000000b33e100000)]
  0x0000028eb445a480 JavaThread "Signal Dispatcher" daemon [_thread_blocked, id=2992, stack(0x000000b33e100000,0x000000b33e200000)]
  0x0000028eb445b0d0 JavaThread "Attach Listener" daemon [_thread_blocked, id=12020, stack(0x000000b33e200000,0x000000b33e300000)]
  0x0000028eb445bbb0 JavaThread "Service Thread" daemon [_thread_blocked, id=7196, stack(0x000000b33e300000,0x000000b33e400000)]
  0x0000028eb444c570 JavaThread "Monitor Deflation Thread" daemon [_thread_blocked, id=13624, stack(0x000000b33e400000,0x000000b33e500000)]
  0x0000028eb444f1f0 JavaThread "C2 CompilerThread0" daemon [_thread_blocked, id=14112, stack(0x000000b33e500000,0x000000b33e600000)]
  0x0000028eb44821d0 JavaThread "C1 CompilerThread0" daemon [_thread_blocked, id=16456, stack(0x000000b33e600000,0x000000b33e700000)]
  0x0000028eb451bc30 JavaThread "Common-Cleaner" daemon [_thread_blocked, id=1608, stack(0x000000b33e700000,0x000000b33e800000)]
  0x0000028eb47fe680 JavaThread "org.jacoco.agent.rt.internal_4a7f17c.output.TcpClientOutput" daemon [_thread_in_native, id=17924, stack(0x000000b33e800000,0x000000b33e900000)]
  0x0000028eb4a73160 JavaThread "Notification Thread" daemon [_thread_blocked, id=16428, stack(0x000000b33e900000,0x000000b33ea00000)]
  0x0000028eb4b0e120 JavaThread "Java2D Disposer" daemon [_thread_blocked, id=3528, stack(0x000000b33eb00000,0x000000b33ec00000)]
  0x0000028eb4b0e670 JavaThread "AWT-Shutdown" [_thread_blocked, id=7916, stack(0x000000b33ec00000,0x000000b33ed00000)]
  0x0000028eb4b0fbd0 JavaThread "AWT-Windows" daemon [_thread_in_native, id=11552, stack(0x000000b33ed00000,0x000000b33ee00000)]

Other Threads:
  0x0000028eb0351020 VMThread "VM Thread" [stack: 0x000000b33de00000,0x000000b33df00000] [id=3896]
  0x0000028e97f69780 WatcherThread "VM Periodic Task Thread" [stack: 0x000000b33ea00000,0x000000b33eb00000] [id=9900]
  0x0000028e97fc6500 WorkerThread "GC Thread#0" [stack: 0x000000b33d900000,0x000000b33da00000] [id=13560]
  0x0000028e97fd5fd0 ConcurrentGCThread "G1 Main Marker" [stack: 0x000000b33da00000,0x000000b33db00000] [id=14620]
  0x0000028e97fd7340 WorkerThread "G1 Conc#0" [stack: 0x000000b33db00000,0x000000b33dc00000] [id=4228]
  0x0000028eb01b44e0 ConcurrentGCThread "G1 Refine#0" [stack: 0x000000b33dc00000,0x000000b33dd00000] [id=3364]
  0x0000028e9802acc0 ConcurrentGCThread "G1 Service" [stack: 0x000000b33dd00000,0x000000b33de00000] [id=15404]

Threads with active compile tasks:

VM state: not at safepoint (normal execution)

VM Mutex/Monitor currently owned by a thread:  ([mutex/lock_event])
[0x0000028e97f4fe60] Metaspace_lock - owner thread: 0x0000028e97f68760

Heap address: 0x000000008a200000, size: 1886 MB, Compressed Oops mode: 32-bit

CDS archive(s) not mapped
Compressed class space mapped at: 0x0000000100000000-0x0000000140000000, reserved size: 1073741824
Narrow klass base: 0x0000000000000000, Narrow klass shift: 3, Narrow klass range: 0x140000000

GC Precious Log:
 CardTable entry size: 512
 Card Set container configuration: InlinePtr #cards 5 size 8 Array Of Cards #cards 12 size 40 Howl #buckets 4 coarsen threshold 1843 Howl Bitmap #cards 512 size 80 coarsen threshold 460 Card regions per heap region 1 cards per card region 2048
 CPUs: 12 total, 12 available
 Memory: 7541M
 Large Page Support: Disabled
 NUMA Support: Disabled
 Compressed Oops: Enabled (32-bit)
 Heap Region Size: 1M
 Heap Min Capacity: 8M
 Heap Initial Capacity: 118M
 Heap Max Capacity: 1886M
 Pre-touch: Disabled
 Parallel Workers: 10
 Concurrent Workers: 3
 Concurrent Refinement Workers: 10
 Periodic GC: Disabled

Heap:
 garbage-first heap   total 120832K, used 10240K [0x000000008a200000, 0x0000000100000000)
  region size 1024K, 12 young (12288K), 0 survivors (0K)
 Metaspace       used 13094K, committed 13312K, reserved 1114112K
  class space    used 1235K, committed 1344K, reserved 1048576K

Heap Regions: E=young(eden), S=young(survivor), O=old, HS=humongous(starts), HC=humongous(continues), CS=collection set, F=free, OA=open archive, CA=closed archive, TAMS=top-at-mark-start, PB=parsable bottom
|   0|0x000000008a200000, 0x000000008a200000, 0x000000008a300000|  0%| F|  |TAMS 0x000000008a200000| PB 0x000000008a200000| Untracked 
|   1|0x000000008a300000, 0x000000008a300000, 0x000000008a400000|  0%| F|  |TAMS 0x000000008a300000| PB 0x000000008a300000| Untracked 
|   2|0x000000008a400000, 0x000000008a400000, 0x000000008a500000|  0%| F|  |TAMS 0x000000008a400000| PB 0x000000008a400000| Untracked 
|   3|0x000000008a500000, 0x000000008a500000, 0x000000008a600000|  0%| F|  |TAMS 0x000000008a500000| PB 0x000000008a500000| Untracked 
|   4|0x000000008a600000, 0x000000008a600000, 0x000000008a700000|  0%| F|  |TAMS 0x000000008a600000| PB 0x000000008a600000| Untracked 
|   5|0x000000008a700000, 0x000000008a700000, 0x000000008a800000|  0%| F|  |TAMS 0x000000008a700000| PB 0x000000008a700000| Untracked 
|   6|0x000000008a800000, 0x000000008a800000, 0x000000008a900000|  0%| F|  |TAMS 0x000000008a800000| PB 0x000000008a800000| Untracked 
|   7|0x000000008a900000, 0x000000008a900000, 0x000000008aa00000|  0%| F|  |TAMS 0x000000008a900000| PB 0x000000008a900000| Untracked 
|   8|0x000000008aa00000, 0x000000008aa00000, 0x000000008ab00000|  0%| F|  |TAMS 0x000000008aa00000| PB 0x000000008aa00000| Untracked 
|   9|0x000000008ab00000, 0x000000008ab00000, 0x000000008ac00000|  0%| F|  |TAMS 0x000000008ab00000| PB 0x000000008ab00000| Untracked 
|  10|0x000000008ac00000, 0x000000008ac00000, 0x000000008ad00000|  0%| F|  |TAMS 0x000000008ac00000| PB 0x000000008ac00000| Untracked 
|  11|0x000000008ad00000, 0x000000008ad00000, 0x000000008ae00000|  0%| F|  |TAMS 0x000000008ad00000| PB 0x000000008ad00000| Untracked 
|  12|0x000000008ae00000, 0x000000008ae00000, 0x000000008af00000|  0%| F|  |TAMS 0x000000008ae00000| PB 0x000000008ae00000| Untracked 
|  13|0x000000008af00000, 0x000000008af00000, 0x000000008b000000|  0%| F|  |TAMS 0x000000008af00000| PB 0x000000008af00000| Untracked 
|  14|0x000000008b000000, 0x000000008b000000, 0x000000008b100000|  0%| F|  |TAMS 0x000000008b000000| PB 0x000000008b000000| Untracked 
|  15|0x000000008b100000, 0x000000008b100000, 0x000000008b200000|  0%| F|  |TAMS 0x000000008b100000| PB 0x000000008b100000| Untracked 
|  16|0x000000008b200000, 0x000000008b200000, 0x000000008b300000|  0%| F|  |TAMS 0x000000008b200000| PB 0x000000008b200000| Untracked 
|  17|0x000000008b300000, 0x000000008b300000, 0x000000008b400000|  0%| F|  |TAMS 0x000000008b300000| PB 0x000000008b300000| Untracked 
|  18|0x000000008b400000, 0x000000008b400000, 0x000000008b500000|  0%| F|  |TAMS 0x000000008b400000| PB 0x000000008b400000| Untracked 
|  19|0x000000008b500000, 0x000000008b500000, 0x000000008b600000|  0%| F|  |TAMS 0x000000008b500000| PB 0x000000008b500000| Untracked 
|  20|0x000000008b600000, 0x000000008b600000, 0x000000008b700000|  0%| F|  |TAMS 0x000000008b600000| PB 0x000000008b600000| Untracked 
|  21|0x000000008b700000, 0x000000008b700000, 0x000000008b800000|  0%| F|  |TAMS 0x000000008b700000| PB 0x000000008b700000| Untracked 
|  22|0x000000008b800000, 0x000000008b800000, 0x000000008b900000|  0%| F|  |TAMS 0x000000008b800000| PB 0x000000008b800000| Untracked 
|  23|0x000000008b900000, 0x000000008b900000, 0x000000008ba00000|  0%| F|  |TAMS 0x000000008b900000| PB 0x000000008b900000| Untracked 
|  24|0x000000008ba00000, 0x000000008ba00000, 0x000000008bb00000|  0%| F|  |TAMS 0x000000008ba00000| PB 0x000000008ba00000| Untracked 
|  25|0x000000008bb00000, 0x000000008bb00000, 0x000000008bc00000|  0%| F|  |TAMS 0x000000008bb00000| PB 0x000000008bb00000| Untracked 
|  26|0x000000008bc00000, 0x000000008bc00000, 0x000000008bd00000|  0%| F|  |TAMS 0x000000008bc00000| PB 0x000000008bc00000| Untracked 
|  27|0x000000008bd00000, 0x000000008bd00000, 0x000000008be00000|  0%| F|  |TAMS 0x000000008bd00000| PB 0x000000008bd00000| Untracked 
|  28|0x000000008be00000, 0x000000008be00000, 0x000000008bf00000|  0%| F|  |TAMS 0x000000008be00000| PB 0x000000008be00000| Untracked 
|  29|0x000000008bf00000, 0x000000008bf00000, 0x000000008c000000|  0%| F|  |TAMS 0x000000008bf00000| PB 0x000000008bf00000| Untracked 
|  30|0x000000008c000000, 0x000000008c000000, 0x000000008c100000|  0%| F|  |TAMS 0x000000008c000000| PB 0x000000008c000000| Untracked 
|  31|0x000000008c100000, 0x000000008c100000, 0x000000008c200000|  0%| F|  |TAMS 0x000000008c100000| PB 0x000000008c100000| Untracked 
|  32|0x000000008c200000, 0x000000008c200000, 0x000000008c300000|  0%| F|  |TAMS 0x000000008c200000| PB 0x000000008c200000| Untracked 
|  33|0x000000008c300000, 0x000000008c300000, 0x000000008c400000|  0%| F|  |TAMS 0x000000008c300000| PB 0x000000008c300000| Untracked 
|  34|0x000000008c400000, 0x000000008c400000, 0x000000008c500000|  0%| F|  |TAMS 0x000000008c400000| PB 0x000000008c400000| Untracked 
|  35|0x000000008c500000, 0x000000008c500000, 0x000000008c600000|  0%| F|  |TAMS 0x000000008c500000| PB 0x000000008c500000| Untracked 
|  36|0x000000008c600000, 0x000000008c600000, 0x000000008c700000|  0%| F|  |TAMS 0x000000008c600000| PB 0x000000008c600000| Untracked 
|  37|0x000000008c700000, 0x000000008c700000, 0x000000008c800000|  0%| F|  |TAMS 0x000000008c700000| PB 0x000000008c700000| Untracked 
|  38|0x000000008c800000, 0x000000008c800000, 0x000000008c900000|  0%| F|  |TAMS 0x000000008c800000| PB 0x000000008c800000| Untracked 
|  39|0x000000008c900000, 0x000000008c900000, 0x000000008ca00000|  0%| F|  |TAMS 0x000000008c900000| PB 0x000000008c900000| Untracked 
|  40|0x000000008ca00000, 0x000000008ca00000, 0x000000008cb00000|  0%| F|  |TAMS 0x000000008ca00000| PB 0x000000008ca00000| Untracked 
|  41|0x000000008cb00000, 0x000000008cb00000, 0x000000008cc00000|  0%| F|  |TAMS 0x000000008cb00000| PB 0x000000008cb00000| Untracked 
|  42|0x000000008cc00000, 0x000000008cc00000, 0x000000008cd00000|  0%| F|  |TAMS 0x000000008cc00000| PB 0x000000008cc00000| Untracked 
|  43|0x000000008cd00000, 0x000000008cd00000, 0x000000008ce00000|  0%| F|  |TAMS 0x000000008cd00000| PB 0x000000008cd00000| Untracked 
|  44|0x000000008ce00000, 0x000000008ce00000, 0x000000008cf00000|  0%| F|  |TAMS 0x000000008ce00000| PB 0x000000008ce00000| Untracked 
|  45|0x000000008cf00000, 0x000000008cf00000, 0x000000008d000000|  0%| F|  |TAMS 0x000000008cf00000| PB 0x000000008cf00000| Untracked 
|  46|0x000000008d000000, 0x000000008d000000, 0x000000008d100000|  0%| F|  |TAMS 0x000000008d000000| PB 0x000000008d000000| Untracked 
|  47|0x000000008d100000, 0x000000008d100000, 0x000000008d200000|  0%| F|  |TAMS 0x000000008d100000| PB 0x000000008d100000| Untracked 
|  48|0x000000008d200000, 0x000000008d200000, 0x000000008d300000|  0%| F|  |TAMS 0x000000008d200000| PB 0x000000008d200000| Untracked 
|  49|0x000000008d300000, 0x000000008d300000, 0x000000008d400000|  0%| F|  |TAMS 0x000000008d300000| PB 0x000000008d300000| Untracked 
|  50|0x000000008d400000, 0x000000008d400000, 0x000000008d500000|  0%| F|  |TAMS 0x000000008d400000| PB 0x000000008d400000| Untracked 
|  51|0x000000008d500000, 0x000000008d500000, 0x000000008d600000|  0%| F|  |TAMS 0x000000008d500000| PB 0x000000008d500000| Untracked 
|  52|0x000000008d600000, 0x000000008d600000, 0x000000008d700000|  0%| F|  |TAMS 0x000000008d600000| PB 0x000000008d600000| Untracked 
|  53|0x000000008d700000, 0x000000008d700000, 0x000000008d800000|  0%| F|  |TAMS 0x000000008d700000| PB 0x000000008d700000| Untracked 
|  54|0x000000008d800000, 0x000000008d800000, 0x000000008d900000|  0%| F|  |TAMS 0x000000008d800000| PB 0x000000008d800000| Untracked 
|  55|0x000000008d900000, 0x000000008d900000, 0x000000008da00000|  0%| F|  |TAMS 0x000000008d900000| PB 0x000000008d900000| Untracked 
|  56|0x000000008da00000, 0x000000008da00000, 0x000000008db00000|  0%| F|  |TAMS 0x000000008da00000| PB 0x000000008da00000| Untracked 
|  57|0x000000008db00000, 0x000000008db00000, 0x000000008dc00000|  0%| F|  |TAMS 0x000000008db00000| PB 0x000000008db00000| Untracked 
|  58|0x000000008dc00000, 0x000000008dc00000, 0x000000008dd00000|  0%| F|  |TAMS 0x000000008dc00000| PB 0x000000008dc00000| Untracked 
|  59|0x000000008dd00000, 0x000000008dd00000, 0x000000008de00000|  0%| F|  |TAMS 0x000000008dd00000| PB 0x000000008dd00000| Untracked 
|  60|0x000000008de00000, 0x000000008de00000, 0x000000008df00000|  0%| F|  |TAMS 0x000000008de00000| PB 0x000000008de00000| Untracked 
|  61|0x000000008df00000, 0x000000008df00000, 0x000000008e000000|  0%| F|  |TAMS 0x000000008df00000| PB 0x000000008df00000| Untracked 
|  62|0x000000008e000000, 0x000000008e000000, 0x000000008e100000|  0%| F|  |TAMS 0x000000008e000000| PB 0x000000008e000000| Untracked 
|  63|0x000000008e100000, 0x000000008e100000, 0x000000008e200000|  0%| F|  |TAMS 0x000000008e100000| PB 0x000000008e100000| Untracked 
|  64|0x000000008e200000, 0x000000008e200000, 0x000000008e300000|  0%| F|  |TAMS 0x000000008e200000| PB 0x000000008e200000| Untracked 
|  65|0x000000008e300000, 0x000000008e300000, 0x000000008e400000|  0%| F|  |TAMS 0x000000008e300000| PB 0x000000008e300000| Untracked 
|  66|0x000000008e400000, 0x000000008e400000, 0x000000008e500000|  0%| F|  |TAMS 0x000000008e400000| PB 0x000000008e400000| Untracked 
|  67|0x000000008e500000, 0x000000008e500000, 0x000000008e600000|  0%| F|  |TAMS 0x000000008e500000| PB 0x000000008e500000| Untracked 
|  68|0x000000008e600000, 0x000000008e600000, 0x000000008e700000|  0%| F|  |TAMS 0x000000008e600000| PB 0x000000008e600000| Untracked 
|  69|0x000000008e700000, 0x000000008e700000, 0x000000008e800000|  0%| F|  |TAMS 0x000000008e700000| PB 0x000000008e700000| Untracked 
|  70|0x000000008e800000, 0x000000008e800000, 0x000000008e900000|  0%| F|  |TAMS 0x000000008e800000| PB 0x000000008e800000| Untracked 
|  71|0x000000008e900000, 0x000000008e900000, 0x000000008ea00000|  0%| F|  |TAMS 0x000000008e900000| PB 0x000000008e900000| Untracked 
|  72|0x000000008ea00000, 0x000000008ea00000, 0x000000008eb00000|  0%| F|  |TAMS 0x000000008ea00000| PB 0x000000008ea00000| Untracked 
|  73|0x000000008eb00000, 0x000000008eb00000, 0x000000008ec00000|  0%| F|  |TAMS 0x000000008eb00000| PB 0x000000008eb00000| Untracked 
|  74|0x000000008ec00000, 0x000000008ec00000, 0x000000008ed00000|  0%| F|  |TAMS 0x000000008ec00000| PB 0x000000008ec00000| Untracked 
|  75|0x000000008ed00000, 0x000000008ed00000, 0x000000008ee00000|  0%| F|  |TAMS 0x000000008ed00000| PB 0x000000008ed00000| Untracked 
|  76|0x000000008ee00000, 0x000000008ee00000, 0x000000008ef00000|  0%| F|  |TAMS 0x000000008ee00000| PB 0x000000008ee00000| Untracked 
|  77|0x000000008ef00000, 0x000000008ef00000, 0x000000008f000000|  0%| F|  |TAMS 0x000000008ef00000| PB 0x000000008ef00000| Untracked 
|  78|0x000000008f000000, 0x000000008f000000, 0x000000008f100000|  0%| F|  |TAMS 0x000000008f000000| PB 0x000000008f000000| Untracked 
|  79|0x000000008f100000, 0x000000008f100000, 0x000000008f200000|  0%| F|  |TAMS 0x000000008f100000| PB 0x000000008f100000| Untracked 
|  80|0x000000008f200000, 0x000000008f200000, 0x000000008f300000|  0%| F|  |TAMS 0x000000008f200000| PB 0x000000008f200000| Untracked 
|  81|0x000000008f300000, 0x000000008f300000, 0x000000008f400000|  0%| F|  |TAMS 0x000000008f300000| PB 0x000000008f300000| Untracked 
|  82|0x000000008f400000, 0x000000008f400000, 0x000000008f500000|  0%| F|  |TAMS 0x000000008f400000| PB 0x000000008f400000| Untracked 
|  83|0x000000008f500000, 0x000000008f500000, 0x000000008f600000|  0%| F|  |TAMS 0x000000008f500000| PB 0x000000008f500000| Untracked 
|  84|0x000000008f600000, 0x000000008f600000, 0x000000008f700000|  0%| F|  |TAMS 0x000000008f600000| PB 0x000000008f600000| Untracked 
|  85|0x000000008f700000, 0x000000008f700000, 0x000000008f800000|  0%| F|  |TAMS 0x000000008f700000| PB 0x000000008f700000| Untracked 
|  86|0x000000008f800000, 0x000000008f800000, 0x000000008f900000|  0%| F|  |TAMS 0x000000008f800000| PB 0x000000008f800000| Untracked 
|  87|0x000000008f900000, 0x000000008f900000, 0x000000008fa00000|  0%| F|  |TAMS 0x000000008f900000| PB 0x000000008f900000| Untracked 
|  88|0x000000008fa00000, 0x000000008fa00000, 0x000000008fb00000|  0%| F|  |TAMS 0x000000008fa00000| PB 0x000000008fa00000| Untracked 
|  89|0x000000008fb00000, 0x000000008fb00000, 0x000000008fc00000|  0%| F|  |TAMS 0x000000008fb00000| PB 0x000000008fb00000| Untracked 
|  90|0x000000008fc00000, 0x000000008fc00000, 0x000000008fd00000|  0%| F|  |TAMS 0x000000008fc00000| PB 0x000000008fc00000| Untracked 
|  91|0x000000008fd00000, 0x000000008fd00000, 0x000000008fe00000|  0%| F|  |TAMS 0x000000008fd00000| PB 0x000000008fd00000| Untracked 
|  92|0x000000008fe00000, 0x000000008fe00000, 0x000000008ff00000|  0%| F|  |TAMS 0x000000008fe00000| PB 0x000000008fe00000| Untracked 
|  93|0x000000008ff00000, 0x000000008ff00000, 0x0000000090000000|  0%| F|  |TAMS 0x000000008ff00000| PB 0x000000008ff00000| Untracked 
|  94|0x0000000090000000, 0x0000000090000000, 0x0000000090100000|  0%| F|  |TAMS 0x0000000090000000| PB 0x0000000090000000| Untracked 
|  95|0x0000000090100000, 0x0000000090100000, 0x0000000090200000|  0%| F|  |TAMS 0x0000000090100000| PB 0x0000000090100000| Untracked 
|  96|0x0000000090200000, 0x0000000090200000, 0x0000000090300000|  0%| F|  |TAMS 0x0000000090200000| PB 0x0000000090200000| Untracked 
|  97|0x0000000090300000, 0x0000000090300000, 0x0000000090400000|  0%| F|  |TAMS 0x0000000090300000| PB 0x0000000090300000| Untracked 
|  98|0x0000000090400000, 0x0000000090400000, 0x0000000090500000|  0%| F|  |TAMS 0x0000000090400000| PB 0x0000000090400000| Untracked 
|  99|0x0000000090500000, 0x0000000090500000, 0x0000000090600000|  0%| F|  |TAMS 0x0000000090500000| PB 0x0000000090500000| Untracked 
| 100|0x0000000090600000, 0x0000000090600000, 0x0000000090700000|  0%| F|  |TAMS 0x0000000090600000| PB 0x0000000090600000| Untracked 
| 101|0x0000000090700000, 0x0000000090700000, 0x0000000090800000|  0%| F|  |TAMS 0x0000000090700000| PB 0x0000000090700000| Untracked 
| 102|0x0000000090800000, 0x0000000090800000, 0x0000000090900000|  0%| F|  |TAMS 0x0000000090800000| PB 0x0000000090800000| Untracked 
| 103|0x0000000090900000, 0x0000000090900000, 0x0000000090a00000|  0%| F|  |TAMS 0x0000000090900000| PB 0x0000000090900000| Untracked 
| 104|0x0000000090a00000, 0x0000000090a00000, 0x0000000090b00000|  0%| F|  |TAMS 0x0000000090a00000| PB 0x0000000090a00000| Untracked 
| 105|0x0000000090b00000, 0x0000000090b00000, 0x0000000090c00000|  0%| F|  |TAMS 0x0000000090b00000| PB 0x0000000090b00000| Untracked 
| 106|0x0000000090c00000, 0x0000000090c81218, 0x0000000090d00000| 50%| E|  |TAMS 0x0000000090c00000| PB 0x0000000090c00000| Complete 
| 107|0x0000000090d00000, 0x0000000090e00000, 0x0000000090e00000|100%| E|  |TAMS 0x0000000090d00000| PB 0x0000000090d00000| Complete 
| 108|0x0000000090e00000, 0x0000000090f00000, 0x0000000090f00000|100%| E|CS|TAMS 0x0000000090e00000| PB 0x0000000090e00000| Complete 
| 109|0x0000000090f00000, 0x0000000091000000, 0x0000000091000000|100%| E|CS|TAMS 0x0000000090f00000| PB 0x0000000090f00000| Complete 
| 110|0x0000000091000000, 0x0000000091100000, 0x0000000091100000|100%| E|CS|TAMS 0x0000000091000000| PB 0x0000000091000000| Complete 
| 111|0x0000000091100000, 0x0000000091200000, 0x0000000091200000|100%| E|CS|TAMS 0x0000000091100000| PB 0x0000000091100000| Complete 
| 112|0x0000000091200000, 0x0000000091300000, 0x0000000091300000|100%| E|CS|TAMS 0x0000000091200000| PB 0x0000000091200000| Complete 
| 113|0x0000000091300000, 0x0000000091400000, 0x0000000091400000|100%| E|CS|TAMS 0x0000000091300000| PB 0x0000000091300000| Complete 
| 114|0x0000000091400000, 0x0000000091500000, 0x0000000091500000|100%| E|CS|TAMS 0x0000000091400000| PB 0x0000000091400000| Complete 
| 115|0x0000000091500000, 0x0000000091600000, 0x0000000091600000|100%| E|CS|TAMS 0x0000000091500000| PB 0x0000000091500000| Complete 
| 116|0x0000000091600000, 0x0000000091700000, 0x0000000091700000|100%| E|CS|TAMS 0x0000000091600000| PB 0x0000000091600000| Complete 
| 117|0x0000000091700000, 0x0000000091800000, 0x0000000091800000|100%| E|CS|TAMS 0x0000000091700000| PB 0x0000000091700000| Complete 

Card table byte_map: [0x0000028eab1f0000,0x0000028eab5a0000] _byte_map_base: 0x0000028eaad9f000

Marking Bits: (CMBitMap*) 0x0000028e97fc6b30
 Bits: [0x0000028eab950000, 0x0000028ead6c8000)

Polling page: 0x0000028e95f00000

Metaspace:

Usage:
  Non-class:     11.58 MB used.
      Class:      1.21 MB used.
       Both:     12.79 MB used.

Virtual space:
  Non-class space:       64.00 MB reserved,      11.69 MB ( 18%) committed,  1 nodes.
      Class space:        1.00 GB reserved,       1.31 MB ( <1%) committed,  1 nodes.
             Both:        1.06 GB reserved,      13.00 MB (  1%) committed. 

Chunk freelists:
   Non-Class:  243.00 KB
       Class:  2.73 MB
        Both:  2.96 MB

MaxMetaspaceSize: unlimited
CompressedClassSpaceSize: 1.00 GB
Initial GC threshold: 21.00 MB
Current GC threshold: 21.00 MB
CDS: off
MetaspaceReclaimPolicy: balanced
 - commit_granule_bytes: 65536.
 - commit_granule_words: 8192.
 - virtual_space_node_default_size: 8388608.
 - enlarge_chunks_in_place: 1.
 - new_chunks_are_fully_committed: 0.
 - uncommit_free_chunks: 1.
 - use_allocation_guard: 0.


Internal statistics:

num_allocs_failed_limit: 0.
num_arena_births: 152.
num_arena_deaths: 0.
num_vsnodes_births: 2.
num_vsnodes_deaths: 0.
num_space_committed: 208.
num_space_uncommitted: 0.
num_chunks_returned_to_freelist: 0.
num_chunks_taken_from_freelist: 236.
num_chunk_merges: 0.
num_chunk_splits: 135.
num_chunks_enlarged: 71.
num_inconsistent_stats: 0.

CodeHeap 'non-profiled nmethods': size=120000Kb used=217Kb max_used=217Kb free=119782Kb
 bounds [0x0000028ea33c0000, 0x0000028ea3630000, 0x0000028eaa8f0000]
CodeHeap 'profiled nmethods': size=120000Kb used=1053Kb max_used=1053Kb free=118946Kb
 bounds [0x0000028e9b8f0000, 0x0000028e9bb60000, 0x0000028ea2e20000]
CodeHeap 'non-nmethods': size=5760Kb used=1466Kb max_used=1466Kb free=4293Kb
 bounds [0x0000028ea2e20000, 0x0000028ea3090000, 0x0000028ea33c0000]
 total_blobs=1233 nmethods=730 adapters=414
 compilation: enabled
              stopped_count=0, restarted_count=0
 full_count=0

Compilation events (20 events):
Event: 1.074 Thread 0x0000028eb44821d0  721       3       java.lang.Integer::stringSize (47 bytes)
Event: 1.075 Thread 0x0000028eb44821d0 nmethod 721 0x0000028e9b9f3590 code [0x0000028e9b9f3720, 0x0000028e9b9f3988]
Event: 1.075 Thread 0x0000028eb44821d0  720       1       java.lang.invoke.InfoFromMemberName::getReferenceKind (5 bytes)
Event: 1.075 Thread 0x0000028eb44821d0 nmethod 720 0x0000028ea33f5f10 code [0x0000028ea33f6080, 0x0000028ea33f6148]
Event: 1.076 Thread 0x0000028eb44821d0  722       3       jdk.internal.org.objectweb.asm.MethodWriter::visitCode (1 bytes)
Event: 1.076 Thread 0x0000028eb44821d0 nmethod 722 0x0000028e9b9f3a90 code [0x0000028e9b9f3c20, 0x0000028e9b9f3d30]
Event: 1.092 Thread 0x0000028eb44821d0  723       3       java.lang.invoke.MethodHandles$Lookup::hasFullPrivilegeAccess (18 bytes)
Event: 1.093 Thread 0x0000028eb44821d0 nmethod 723 0x0000028e9b9f3d90 code [0x0000028e9b9f3f20, 0x0000028e9b9f4090]
Event: 1.093 Thread 0x0000028eb44821d0  724       3       sun.invoke.util.VerifyAccess::isTypeVisible (47 bytes)
Event: 1.094 Thread 0x0000028eb44821d0 nmethod 724 0x0000028e9b9f4110 code [0x0000028e9b9f42e0, 0x0000028e9b9f46e8]
Event: 1.215 Thread 0x0000028eb44821d0  725       3       jdk.internal.loader.NativeLibraries$NativeLibraryImpl::find (9 bytes)
Event: 1.215 Thread 0x0000028eb44821d0 nmethod 725 0x0000028e9b9f4910 code [0x0000028e9b9f4aa0, 0x0000028e9b9f4bd8]
Event: 1.215 Thread 0x0000028eb44821d0  727       3       java.util.HashSet::contains (9 bytes)
Event: 1.216 Thread 0x0000028eb44821d0 nmethod 727 0x0000028e9b9f4c90 code [0x0000028e9b9f4e20, 0x0000028e9b9f5098]
Event: 1.216 Thread 0x0000028eb44821d0  728       3       java.lang.invoke.MethodHandles$Lookup::checkAccess (232 bytes)
Event: 1.218 Thread 0x0000028eb44821d0 nmethod 728 0x0000028e9b9f5190 code [0x0000028e9b9f5460, 0x0000028e9b9f64d0]
Event: 1.218 Thread 0x0000028eb44821d0  730       3       java.util.ImmutableCollections$List12::size (16 bytes)
Event: 1.218 Thread 0x0000028eb44821d0 nmethod 730 0x0000028e9b9f6910 code [0x0000028e9b9f6aa0, 0x0000028e9b9f6c38]
Event: 1.218 Thread 0x0000028eb44821d0  729       3       java.lang.invoke.DirectMethodHandle::preparedLambdaForm (31 bytes)
Event: 1.219 Thread 0x0000028eb44821d0 nmethod 729 0x0000028e9b9f6d10 code [0x0000028e9b9f6ee0, 0x0000028e9b9f7370]

GC Heap History (0 events):
No events

Dll operation events (9 events):
Event: 0.018 Loaded shared library C:\Users\FIGHTER\.p2\pool\plugins\org.eclipse.justj.openjdk.hotspot.jre.full.win32.x86_64_20.0.2.v20230801-2057\jre\bin\java.dll
Event: 0.029 Loaded shared library C:\Users\FIGHTER\.p2\pool\plugins\org.eclipse.justj.openjdk.hotspot.jre.full.win32.x86_64_20.0.2.v20230801-2057\jre\bin\zip.dll
Event: 0.297 Loaded shared library C:\Users\FIGHTER\.p2\pool\plugins\org.eclipse.justj.openjdk.hotspot.jre.full.win32.x86_64_20.0.2.v20230801-2057\jre\bin\net.dll
Event: 0.301 Loaded shared library C:\Users\FIGHTER\.p2\pool\plugins\org.eclipse.justj.openjdk.hotspot.jre.full.win32.x86_64_20.0.2.v20230801-2057\jre\bin\nio.dll
Event: 0.385 Loaded shared library C:\Users\FIGHTER\.p2\pool\plugins\org.eclipse.justj.openjdk.hotspot.jre.full.win32.x86_64_20.0.2.v20230801-2057\jre\bin\zip.dll
Event: 0.543 Loaded shared library C:\Users\FIGHTER\.p2\pool\plugins\org.eclipse.justj.openjdk.hotspot.jre.full.win32.x86_64_20.0.2.v20230801-2057\jre\bin\instrument.dll
Event: 0.562 Loaded shared library C:\Users\FIGHTER\.p2\pool\plugins\org.eclipse.justj.openjdk.hotspot.jre.full.win32.x86_64_20.0.2.v20230801-2057\jre\bin\verify.dll
Event: 0.623 Loaded shared library C:\Users\FIGHTER\.p2\pool\plugins\org.eclipse.justj.openjdk.hotspot.jre.full.win32.x86_64_20.0.2.v20230801-2057\jre\bin\jimage.dll
Event: 0.941 Loaded shared library C:\Users\FIGHTER\.p2\pool\plugins\org.eclipse.justj.openjdk.hotspot.jre.full.win32.x86_64_20.0.2.v20230801-2057\jre\bin\awt.dll

Deoptimization events (10 events):
Event: 0.518 Thread 0x0000028e97f68760 Uncommon trap: trap_request=0xffffff45 fr.pc=0x0000028ea33d2640 relative=0x00000000000004a0
Event: 0.518 Thread 0x0000028e97f68760 Uncommon trap: reason=unstable_if action=reinterpret pc=0x0000028ea33d2640 method=java.lang.StringLatin1.newString([BII)Ljava/lang/String; @ 1 c2
Event: 0.518 Thread 0x0000028e97f68760 DEOPT PACKING pc=0x0000028ea33d2640 sp=0x000000b33d8fe9b0
Event: 0.518 Thread 0x0000028e97f68760 DEOPT UNPACKING pc=0x0000028ea2e89d22 sp=0x000000b33d8fe910 mode 2
Event: 0.810 Thread 0x0000028e97f68760 Uncommon trap: trap_request=0xffffff45 fr.pc=0x0000028ea33c9b30 relative=0x00000000000000b0
Event: 0.810 Thread 0x0000028e97f68760 Uncommon trap: reason=unstable_if action=reinterpret pc=0x0000028ea33c9b30 method=java.lang.String.isLatin1()Z @ 10 c2
Event: 0.810 Thread 0x0000028e97f68760 DEOPT PACKING pc=0x0000028ea33c9b30 sp=0x000000b33d8fee90
Event: 0.810 Thread 0x0000028e97f68760 DEOPT UNPACKING pc=0x0000028ea2e89d22 sp=0x000000b33d8fedd0 mode 2
Event: 0.857 Thread 0x0000028e97f68760 DEOPT PACKING pc=0x0000028e9b934c6f sp=0x000000b33d8f8440
Event: 0.857 Thread 0x0000028e97f68760 DEOPT UNPACKING pc=0x0000028ea2e8a4c2 sp=0x000000b33d8f78c8 mode 0

Classes loaded (20 events):
Event: 1.228 Loading class java/awt/DefaultKeyboardFocusManager$1
Event: 1.228 Loading class sun/awt/AWTAccessor$DefaultKeyboardFocusManagerAccessor
Event: 1.228 Loading class sun/awt/AWTAccessor$DefaultKeyboardFocusManagerAccessor done
Event: 1.228 Loading class java/awt/DefaultKeyboardFocusManager$1 done
Event: 1.228 Loading class java/awt/DefaultKeyboardFocusManager$2
Event: 1.228 Loading class java/awt/DefaultKeyboardFocusManager$2 done
Event: 1.228 Loading class java/awt/DefaultFocusTraversalPolicy
Event: 1.228 Loading class java/awt/ContainerOrderFocusTraversalPolicy
Event: 1.229 Loading class java/awt/FocusTraversalPolicy
Event: 1.229 Loading class java/awt/FocusTraversalPolicy done
Event: 1.229 Loading class java/awt/ContainerOrderFocusTraversalPolicy done
Event: 1.229 Loading class java/awt/DefaultFocusTraversalPolicy done
Event: 1.229 Loading class java/awt/AWTKeyStroke
Event: 1.230 Loading class java/awt/AWTKeyStroke done
Event: 1.230 Loading class sun/swing/SwingAccessor
Event: 1.231 Loading class sun/swing/SwingAccessor done
Event: 1.231 Loading class javax/swing/KeyStroke
Event: 1.231 Loading class javax/swing/KeyStroke done
Event: 1.231 Loading class javax/swing/KeyStroke$1
Event: 1.231 Loading class sun/swing/SwingAccessor$KeyStrokeAccessor

Classes unloaded (0 events):
No events

Classes redefined (0 events):
No events

Internal exceptions (20 events):
Event: 0.501 Thread 0x0000028e97f68760 Exception <a 'java/lang/NoSuchMethodError'{0x000000009144f270}: 'java.lang.Object java.lang.invoke.DirectMethodHandle$Holder.invokeInterface(java.lang.Object, java.lang.Object)'> (0x000000009144f270) 
thrown [s\src\hotspot\share\interpreter\linkResolver.cpp, line 773]
Event: 0.502 Thread 0x0000028e97f68760 Exception <a 'java/lang/IncompatibleClassChangeError'{0x00000000914524d8}: Found class java.lang.Object, but interface was expected> (0x00000000914524d8) 
thrown [s\src\hotspot\share\interpreter\linkResolver.cpp, line 840]
Event: 0.503 Thread 0x0000028e97f68760 Exception <a 'java/lang/NoSuchMethodError'{0x0000000091455308}: 'void java.lang.invoke.DirectMethodHandle$Holder.invokeStatic(java.lang.Object, java.lang.Object, java.lang.Object, java.lang.Object)'> (0x0000000091455308) 
thrown [s\src\hotspot\share\interpreter\linkResolver.cpp, line 773]
Event: 0.565 Thread 0x0000028e97f68760 Exception <a 'java/lang/NoSuchMethodError'{0x00000000914d3810}: 'void java.lang.invoke.DirectMethodHandle$Holder.invokeStatic(java.lang.Object, java.lang.Object, java.lang.Object)'> (0x00000000914d3810) 
thrown [s\src\hotspot\share\interpreter\linkResolver.cpp, line 773]
Event: 0.577 Thread 0x0000028e97f68760 Exception <a 'java/lang/NoSuchMethodError'{0x00000000914e9438}: 'java.lang.Object java.lang.invoke.Invokers$Holder.invokeExact_MT(java.lang.Object, java.lang.Object, java.lang.Object, java.lang.Object, java.lang.Object)'> (0x00000000914e9438) 
thrown [s\src\hotspot\share\interpreter\linkResolver.cpp, line 773]
Event: 0.633 Thread 0x0000028e97f68760 Exception <a 'sun/nio/fs/WindowsException'{0x00000000913382e8}> (0x00000000913382e8) 
thrown [s\src\hotspot\share\prims\jni.cpp, line 519]
Event: 0.680 Thread 0x0000028e97f68760 Exception <a 'java/lang/ClassNotFoundException'{0x0000000091354370}: jdk/net/ExtendedSocketOptions> (0x0000000091354370) 
thrown [s\src\hotspot\share\classfile\systemDictionary.cpp, line 305]
Event: 0.681 Thread 0x0000028e97f68760 Exception <a 'java/lang/NoSuchMethodError'{0x0000000091355b90}: 'void java.lang.invoke.DirectMethodHandle$Holder.invokeStatic(java.lang.Object, java.lang.Object)'> (0x0000000091355b90) 
thrown [s\src\hotspot\share\interpreter\linkResolver.cpp, line 773]
Event: 0.707 Thread 0x0000028e97f68760 Exception <a 'java/lang/NoSuchMethodError'{0x000000009120aeb0}: 'void java.lang.invoke.DelegatingMethodHandle$Holder.reinvoke_L(java.lang.Object, java.lang.Object, java.lang.Object, java.lang.Object, java.lang.Object, java.lang.Object, java.lang.Object, java.lang.Object)'> (0x000000009120aeb0) 
thrown [s\src\hotspot\share\interpreter\linkResolver.cpp, line 773]
Event: 0.717 Thread 0x0000028e97f68760 Exception <a 'java/lang/NoSuchMethodError'{0x000000009121f9b8}: 'java.lang.Object java.lang.invoke.DirectMethodHandle$Holder.invokeStatic(java.lang.Object, java.lang.Object, int)'> (0x000000009121f9b8) 
thrown [s\src\hotspot\share\interpreter\linkResolver.cpp, line 773]
Event: 0.719 Thread 0x0000028e97f68760 Exception <a 'java/lang/NoSuchMethodError'{0x000000009122aeb8}: 'void java.lang.invoke.DelegatingMethodHandle$Holder.delegate(java.lang.Object, java.lang.Object, int, java.lang.Object)'> (0x000000009122aeb8) 
thrown [s\src\hotspot\share\interpreter\linkResolver.cpp, line 773]
Event: 0.719 Thread 0x0000028e97f68760 Exception <a 'java/lang/NoSuchMethodError'{0x000000009122e8e8}: 'int java.lang.invoke.DirectMethodHandle$Holder.invokeSpecial(java.lang.Object, java.lang.Object, java.lang.Object)'> (0x000000009122e8e8) 
thrown [s\src\hotspot\share\interpreter\linkResolver.cpp, line 773]
Event: 0.733 Thread 0x0000028e97f68760 Exception <a 'sun/nio/fs/WindowsException'{0x00000000912573a0}> (0x00000000912573a0) 
thrown [s\src\hotspot\share\prims\jni.cpp, line 519]
Event: 0.744 Thread 0x0000028e97f68760 Exception <a 'sun/nio/fs/WindowsException'{0x0000000091267450}> (0x0000000091267450) 
thrown [s\src\hotspot\share\prims\jni.cpp, line 519]
Event: 0.795 Thread 0x0000028e97f68760 Exception <a 'java/lang/NoSuchMethodError'{0x000000009113aa88}: 'void java.lang.invoke.Invokers$Holder.invokeExact_MT(java.lang.Object, java.lang.Object, java.lang.Object)'> (0x000000009113aa88) 
thrown [s\src\hotspot\share\interpreter\linkResolver.cpp, line 773]
Event: 0.891 Thread 0x0000028e97f68760 Exception <a 'java/lang/NoSuchMethodError'{0x0000000091064898}: 'java.lang.Object java.lang.invoke.Invokers$Holder.invoke_MT(java.lang.Object, java.lang.Object, java.lang.Object, java.lang.Object, java.lang.Object)'> (0x0000000091064898) 
thrown [s\src\hotspot\share\interpreter\linkResolver.cpp, line 773]
Event: 0.917 Thread 0x0000028e97f68760 Exception <a 'sun/nio/fs/WindowsException'{0x00000000910eb820}> (0x00000000910eb820) 
thrown [s\src\hotspot\share\prims\jni.cpp, line 519]
Event: 0.926 Thread 0x0000028e97f68760 Exception <a 'java/lang/ClassNotFoundException'{0x0000000090f14bf0}: sun/awt/resources/spi/awtProvider> (0x0000000090f14bf0) 
thrown [s\src\hotspot\share\classfile\systemDictionary.cpp, line 305]
Event: 0.965 Thread 0x0000028e97f68760 Exception <a 'java/io/FileNotFoundException'{0x0000000090f70620}> (0x0000000090f70620) 
thrown [s\src\hotspot\share\prims\jni.cpp, line 519]
Event: 0.979 Thread 0x0000028e97f68760 Exception <a 'java/io/FileNotFoundException'{0x0000000090f9b348}> (0x0000000090f9b348) 
thrown [s\src\hotspot\share\prims\jni.cpp, line 519]

VM Operations (10 events):
Event: 0.495 Executing VM operation: HandshakeAllThreads
Event: 0.495 Executing VM operation: HandshakeAllThreads done
Event: 0.596 Executing VM operation: HandshakeAllThreads
Event: 0.596 Executing VM operation: HandshakeAllThreads done
Event: 0.642 Executing VM operation: HandshakeAllThreads
Event: 0.642 Executing VM operation: HandshakeAllThreads done
Event: 0.737 Executing VM operation: HandshakeAllThreads
Event: 0.737 Executing VM operation: HandshakeAllThreads done
Event: 1.001 Executing VM operation: HandshakeAllThreads
Event: 1.001 Executing VM operation: HandshakeAllThreads done

Events (17 events):
Event: 0.074 Thread 0x0000028e97f68760 Thread added: 0x0000028e97f68760
Event: 0.131 Thread 0x0000028eb443f070 Thread added: 0x0000028eb443f070
Event: 0.131 Thread 0x0000028eb443fae0 Thread added: 0x0000028eb443fae0
Event: 0.133 Thread 0x0000028eb445a480 Thread added: 0x0000028eb445a480
Event: 0.133 Thread 0x0000028eb445b0d0 Thread added: 0x0000028eb445b0d0
Event: 0.133 Thread 0x0000028eb445bbb0 Thread added: 0x0000028eb445bbb0
Event: 0.133 Thread 0x0000028eb444c570 Thread added: 0x0000028eb444c570
Event: 0.133 Thread 0x0000028eb444f1f0 Thread added: 0x0000028eb444f1f0
Event: 0.134 Thread 0x0000028eb44821d0 Thread added: 0x0000028eb44821d0
Event: 0.273 Thread 0x0000028eb451bc30 Thread added: 0x0000028eb451bc30
Event: 0.455 Thread 0x0000028eb4483810 Thread added: 0x0000028eb4483810
Event: 0.685 Thread 0x0000028eb4483810 Thread exited: 0x0000028eb4483810
Event: 0.697 Thread 0x0000028eb47fe680 Thread added: 0x0000028eb47fe680
Event: 0.807 Thread 0x0000028eb4a73160 Thread added: 0x0000028eb4a73160
Event: 1.072 Thread 0x0000028eb4b0e120 Thread added: 0x0000028eb4b0e120
Event: 1.075 Thread 0x0000028eb4b0e670 Thread added: 0x0000028eb4b0e670
Event: 1.077 Thread 0x0000028eb4b0fbd0 Thread added: 0x0000028eb4b0fbd0


Dynamic libraries:
0x00007ff7853d0000 - 0x00007ff7853de000 	C:\Users\FIGHTER\.p2\pool\plugins\org.eclipse.justj.openjdk.hotspot.jre.full.win32.x86_64_20.0.2.v20230801-2057\jre\bin\javaw.exe
0x00007ff80e610000 - 0x00007ff80e827000 	C:\WINDOWS\SYSTEM32\ntdll.dll
0x00007ff80d9f0000 - 0x00007ff80dab4000 	C:\WINDOWS\System32\KERNEL32.DLL
0x00007ff80bd70000 - 0x00007ff80c115000 	C:\WINDOWS\System32\KERNELBASE.dll
0x00007ff80c240000 - 0x00007ff80c351000 	C:\WINDOWS\System32\ucrtbase.dll
0x00007ff8004b0000 - 0x00007ff8004cb000 	C:\Users\FIGHTER\.p2\pool\plugins\org.eclipse.justj.openjdk.hotspot.jre.full.win32.x86_64_20.0.2.v20230801-2057\jre\bin\VCRUNTIME140.dll
0x00007ff800370000 - 0x00007ff800387000 	C:\Users\FIGHTER\.p2\pool\plugins\org.eclipse.justj.openjdk.hotspot.jre.full.win32.x86_64_20.0.2.v20230801-2057\jre\bin\jli.dll
0x00007ff80d840000 - 0x00007ff80d9ee000 	C:\WINDOWS\System32\USER32.dll
0x00007ff80bab0000 - 0x00007ff80bad6000 	C:\WINDOWS\System32\win32u.dll
0x00007ff80d630000 - 0x00007ff80d659000 	C:\WINDOWS\System32\GDI32.dll
0x00007ffff6680000 - 0x00007ffff6913000 	C:\WINDOWS\WinSxS\amd64_microsoft.windows.common-controls_6595b64144ccf1df_6.0.22621.2506_none_270c5ae97388e100\COMCTL32.dll
0x00007ff80c120000 - 0x00007ff80c239000 	C:\WINDOWS\System32\gdi32full.dll
0x00007ff80cc70000 - 0x00007ff80cd17000 	C:\WINDOWS\System32\msvcrt.dll
0x00007ff80bae0000 - 0x00007ff80bb7a000 	C:\WINDOWS\System32\msvcp_win.dll
0x00007ff80de30000 - 0x00007ff80de61000 	C:\WINDOWS\System32\IMM32.DLL
0x00007ff800570000 - 0x00007ff80057c000 	C:\Users\FIGHTER\.p2\pool\plugins\org.eclipse.justj.openjdk.hotspot.jre.full.win32.x86_64_20.0.2.v20230801-2057\jre\bin\vcruntime140_1.dll
0x00007ffffc920000 - 0x00007ffffc9ad000 	C:\Users\FIGHTER\.p2\pool\plugins\org.eclipse.justj.openjdk.hotspot.jre.full.win32.x86_64_20.0.2.v20230801-2057\jre\bin\msvcp140.dll
0x00007fffda1f0000 - 0x00007fffdaeff000 	C:\Users\FIGHTER\.p2\pool\plugins\org.eclipse.justj.openjdk.hotspot.jre.full.win32.x86_64_20.0.2.v20230801-2057\jre\bin\server\jvm.dll
0x00007ff80d780000 - 0x00007ff80d831000 	C:\WINDOWS\System32\ADVAPI32.dll
0x00007ff80cbc0000 - 0x00007ff80cc66000 	C:\WINDOWS\System32\sechost.dll
0x00007ff80de70000 - 0x00007ff80df87000 	C:\WINDOWS\System32\RPCRT4.dll
0x00007ff808bc0000 - 0x00007ff808bc9000 	C:\WINDOWS\SYSTEM32\WSOCK32.dll
0x00007ff804e50000 - 0x00007ff804e84000 	C:\WINDOWS\SYSTEM32\WINMM.dll
0x00007ff80d700000 - 0x00007ff80d771000 	C:\WINDOWS\System32\WS2_32.dll
0x00007ff802cf0000 - 0x00007ff802cfa000 	C:\WINDOWS\SYSTEM32\VERSION.dll
0x00007ff80a8e0000 - 0x00007ff80a8f8000 	C:\WINDOWS\SYSTEM32\kernel.appcore.dll
0x00007ff808b70000 - 0x00007ff808b7a000 	C:\Users\FIGHTER\.p2\pool\plugins\org.eclipse.justj.openjdk.hotspot.jre.full.win32.x86_64_20.0.2.v20230801-2057\jre\bin\jimage.dll
0x00007ff802de0000 - 0x00007ff803013000 	C:\WINDOWS\SYSTEM32\DBGHELP.DLL
0x00007ff80d1a0000 - 0x00007ff80d529000 	C:\WINDOWS\System32\combase.dll
0x00007ff80df90000 - 0x00007ff80e067000 	C:\WINDOWS\System32\OLEAUT32.dll
0x00007ffff48f0000 - 0x00007ffff4922000 	C:\WINDOWS\SYSTEM32\dbgcore.DLL
0x00007ff80bb80000 - 0x00007ff80bbfa000 	C:\WINDOWS\System32\bcryptPrimitives.dll
0x00007ff8004a0000 - 0x00007ff8004ae000 	C:\Users\FIGHTER\.p2\pool\plugins\org.eclipse.justj.openjdk.hotspot.jre.full.win32.x86_64_20.0.2.v20230801-2057\jre\bin\instrument.dll
0x00007ff807020000 - 0x00007ff807046000 	C:\Users\FIGHTER\.p2\pool\plugins\org.eclipse.justj.openjdk.hotspot.jre.full.win32.x86_64_20.0.2.v20230801-2057\jre\bin\java.dll
0x00007ff806240000 - 0x00007ff806258000 	C:\Users\FIGHTER\.p2\pool\plugins\org.eclipse.justj.openjdk.hotspot.jre.full.win32.x86_64_20.0.2.v20230801-2057\jre\bin\zip.dll
0x00007ff80c360000 - 0x00007ff80cbb9000 	C:\WINDOWS\System32\SHELL32.dll
0x00007ff809850000 - 0x00007ff80a144000 	C:\WINDOWS\SYSTEM32\windows.storage.dll
0x00007ff809710000 - 0x00007ff80984e000 	C:\WINDOWS\SYSTEM32\wintypes.dll
0x00007ff80dd20000 - 0x00007ff80de13000 	C:\WINDOWS\System32\SHCORE.dll
0x00007ff80cda0000 - 0x00007ff80cdfe000 	C:\WINDOWS\System32\shlwapi.dll
0x00007ff80b8b0000 - 0x00007ff80b8d6000 	C:\WINDOWS\SYSTEM32\profapi.dll
0x00007ff804ee0000 - 0x00007ff804ef3000 	C:\Users\FIGHTER\.p2\pool\plugins\org.eclipse.justj.openjdk.hotspot.jre.full.win32.x86_64_20.0.2.v20230801-2057\jre\bin\net.dll
0x00007ff805f50000 - 0x00007ff806087000 	C:\WINDOWS\SYSTEM32\WINHTTP.dll
0x00007ff80adb0000 - 0x00007ff80ae19000 	C:\WINDOWS\system32\mswsock.dll
0x00007ff8006d0000 - 0x00007ff8006e6000 	C:\Users\FIGHTER\.p2\pool\plugins\org.eclipse.justj.openjdk.hotspot.jre.full.win32.x86_64_20.0.2.v20230801-2057\jre\bin\nio.dll
0x00007ff806ef0000 - 0x00007ff806f00000 	C:\Users\FIGHTER\.p2\pool\plugins\org.eclipse.justj.openjdk.hotspot.jre.full.win32.x86_64_20.0.2.v20230801-2057\jre\bin\verify.dll
0x00007fffeb2d0000 - 0x00007fffeb2e7000 	C:\WINDOWS\system32\napinsp.dll
0x00007ffff0160000 - 0x00007ffff017b000 	C:\WINDOWS\system32\pnrpnsp.dll
0x00007ff80a420000 - 0x00007ff80a519000 	C:\WINDOWS\SYSTEM32\DNSAPI.dll
0x00007ff80a3f0000 - 0x00007ff80a41d000 	C:\WINDOWS\SYSTEM32\IPHLPAPI.DLL
0x00007ff80d660000 - 0x00007ff80d669000 	C:\WINDOWS\System32\NSI.dll
0x00007fffeb2f0000 - 0x00007fffeb301000 	C:\WINDOWS\System32\winrnr.dll
0x00007ffff7060000 - 0x00007ffff7075000 	C:\WINDOWS\system32\wshbth.dll
0x00007ffff4ac0000 - 0x00007ffff4ae1000 	C:\WINDOWS\system32\nlansp_c.dll
0x00007ff8048f0000 - 0x00007ff8048fa000 	C:\Windows\System32\rasadhlp.dll
0x00007ff804c60000 - 0x00007ff804ce3000 	C:\WINDOWS\System32\fwpuclnt.dll
0x00007ff805a30000 - 0x00007ff805a49000 	C:\WINDOWS\SYSTEM32\dhcpcsvc6.DLL
0x00007ff805950000 - 0x00007ff80596f000 	C:\WINDOWS\SYSTEM32\dhcpcsvc.DLL
0x00007fffdc800000 - 0x00007fffdc990000 	C:\Users\FIGHTER\.p2\pool\plugins\org.eclipse.justj.openjdk.hotspot.jre.full.win32.x86_64_20.0.2.v20230801-2057\jre\bin\awt.dll
0x00007ff808c80000 - 0x00007ff808d17000 	C:\WINDOWS\SYSTEM32\apphelp.dll
0x00007ff8090b0000 - 0x00007ff8090db000 	C:\WINDOWS\system32\DWMAPI.DLL
0x00007ff808e40000 - 0x00007ff808eeb000 	C:\WINDOWS\system32\uxtheme.dll
0x00007ffff9370000 - 0x00007ffff9470000 	C:\WINDOWS\system32\opengl32.dll
0x00007ffff92d0000 - 0x00007ffff92fd000 	C:\WINDOWS\SYSTEM32\GLU32.dll
0x00007ff808f50000 - 0x00007ff808f86000 	C:\WINDOWS\SYSTEM32\dxcore.dll
0x00007ff80d050000 - 0x00007ff80d19f000 	C:\WINDOWS\System32\MSCTF.dll
0x00007ff80dac0000 - 0x00007ff80dc60000 	C:\WINDOWS\System32\ole32.dll
0x00007ffff9470000 - 0x00007ffff9619000 	C:\WINDOWS\system32\d3d9.dll
0x00007ff8016d0000 - 0x00007ff80188b000 	C:\WINDOWS\System32\DriverStore\FileRepository\u0382307.inf_amd64_186ddabffbbb414f\B382066\aticfx64.dll
0x00007ff800330000 - 0x00007ff800364000 	C:\WINDOWS\System32\DriverStore\FileRepository\u0382307.inf_amd64_186ddabffbbb414f\B382066\atiu9p64.dll
0x00007fffd8000000 - 0x00007fffd8d55000 	C:\WINDOWS\System32\DriverStore\FileRepository\u0382307.inf_amd64_186ddabffbbb414f\B382066\atiumd64.dll
0x000000006c690000 - 0x000000006d5b6000 	C:\WINDOWS\System32\DriverStore\FileRepository\u0382307.inf_amd64_186ddabffbbb414f\B382066\atiumd6a.dll
0x00007ff80e070000 - 0x00007ff80e4e4000 	C:\WINDOWS\System32\SETUPAPI.dll
0x00007ff80b850000 - 0x00007ff80b89d000 	C:\WINDOWS\SYSTEM32\POWRPROF.dll
0x00007ff80b780000 - 0x00007ff80b793000 	C:\WINDOWS\SYSTEM32\UMPDC.dll
0x00007ff801480000 - 0x00007ff8014b5000 	C:\WINDOWS\SYSTEM32\amdihk64.dll
0x00007ff804e90000 - 0x00007ff804eda000 	C:\WINDOWS\SYSTEM32\directxdatabasehelper.dll

dbghelp: loaded successfully - version: 4.0.5 - missing functions: none
symbol engine: initialized successfully - sym options: 0x614 - pdb path: .;C:\Users\FIGHTER\.p2\pool\plugins\org.eclipse.justj.openjdk.hotspot.jre.full.win32.x86_64_20.0.2.v20230801-2057\jre\bin;C:\WINDOWS\SYSTEM32;C:\WINDOWS\WinSxS\amd64_microsoft.windows.common-controls_6595b64144ccf1df_6.0.22621.2506_none_270c5ae97388e100;C:\Users\FIGHTER\.p2\pool\plugins\org.eclipse.justj.openjdk.hotspot.jre.full.win32.x86_64_20.0.2.v20230801-2057\jre\bin\server;C:\WINDOWS\System32\DriverStore\FileRepository\u0382307.inf_amd64_186ddabffbbb414f\B382066

VM Arguments:
jvm_args: -javaagent:C:\Users\FIGHTER\eclipse\java-2023-06\eclipse\configuration\org.eclipse.osgi\471\0\.cp\jacocoagent.jar=includes=*,excludes=,exclclassloader=sun.reflect.DelegatingClassLoader,output=tcpclient,port=59880 -Dfile.encoding=UTF-8 --module-path=C:\Users\FIGHTER\eclipse-workspace\prj\bin;C:\Users\FIGHTER\Documents\mysql-connector-j-8.2.0\mysql-connector-j-8.2.0\mysql-connector-j-8.2.0.jar -XX:+ShowCodeDetailsInExceptionMessages -Djdk.module.main=prj 
java_command: prj/prj.Main
java_class_path (initial): <not set>
Launcher Type: SUN_STANDARD

[Global flags]
     intx CICompilerCount                          = 4                                         {product} {ergonomic}
     uint ConcGCThreads                            = 3                                         {product} {ergonomic}
     uint G1ConcRefinementThreads                  = 10                                        {product} {ergonomic}
   size_t G1HeapRegionSize                         = 1048576                                   {product} {ergonomic}
    uintx GCDrainStackTargetSize                   = 64                                        {product} {ergonomic}
   size_t InitialHeapSize                          = 123731968                                 {product} {ergonomic}
   size_t MarkStackSize                            = 4194304                                   {product} {ergonomic}
   size_t MaxHeapSize                              = 1977614336                                {product} {ergonomic}
   size_t MaxNewSize                               = 1185939456                                {product} {ergonomic}
   size_t MinHeapDeltaBytes                        = 1048576                                   {product} {ergonomic}
   size_t MinHeapSize                              = 8388608                                   {product} {ergonomic}
    uintx NonNMethodCodeHeapSize                   = 5839372                                {pd product} {ergonomic}
    uintx NonProfiledCodeHeapSize                  = 122909434                              {pd product} {ergonomic}
    uintx ProfiledCodeHeapSize                     = 122909434                              {pd product} {ergonomic}
    uintx ReservedCodeCacheSize                    = 251658240                              {pd product} {ergonomic}
     bool SegmentedCodeCache                       = true                                      {product} {ergonomic}
     bool ShowCodeDetailsInExceptionMessages       = true                                   {manageable} {command line}
   size_t SoftMaxHeapSize                          = 1977614336                             {manageable} {ergonomic}
     bool UseCompressedClassPointers               = true                           {product lp64_product} {ergonomic}
     bool UseCompressedOops                        = true                           {product lp64_product} {ergonomic}
     bool UseG1GC                                  = true                                      {product} {ergonomic}
     bool UseLargePagesIndividualAllocation        = false                                  {pd product} {ergonomic}

Logging:
Log output configuration:
 #0: stdout all=warning uptime,level,tags foldmultilines=false
 #1: stderr all=off uptime,level,tags foldmultilines=false

Environment Variables:
PATH=C:/Users/FIGHTER/.p2/pool/plugins/org.eclipse.justj.openjdk.hotspot.jre.full.win32.x86_64_20.0.2.v20230801-2057/jre/bin/server;C:/Users/FIGHTER/.p2/pool/plugins/org.eclipse.justj.openjdk.hotspot.jre.full.win32.x86_64_20.0.2.v20230801-2057/jre/bin;C:\app\FIGHTER\product\21c\dbhomeXE\bin;C:\Program Files\Common Files\Oracle\Java\javapath;C:\WINDOWS\system32;C:\WINDOWS;C:\WINDOWS\System32\Wbem;C:\WINDOWS\System32\WindowsPowerShell\v1.0\;C:\WINDOWS\System32\OpenSSH\;C:\MinGW\bin;C:\Users\FIGHTER\AppData\Local\Microsoft\WindowsApps;C:\Program Files\CodeBlocks\MinGW\bin;;C:\Users\FIGHTER\AppData\Local\Programs\Microsoft VS Code\bin;C:\Users\FIGHTER\Desktop;
USERNAME=FIGHTER
OS=Windows_NT
PROCESSOR_IDENTIFIER=AMD64 Family 23 Model 104 Stepping 1, AuthenticAMD
TMP=C:\Users\FIGHTER\AppData\Local\Temp
TEMP=C:\Users\FIGHTER\AppData\Local\Temp




---------------  S Y S T E M  ---------------

OS:
 Windows 11 , 64 bit Build 22621 (10.0.22621.2506)
OS uptime: 24 days 9:13 hours
Hyper-V role detected

CPU: total 12 (initial active 12) (12 cores per cpu, 2 threads per core) family 23 model 104 stepping 1 microcode 0x0, cx8, cmov, fxsr, ht, mmx, 3dnowpref, sse, sse2, sse3, ssse3, sse4a, sse4.1, sse4.2, popcnt, lzcnt, tsc, tscinvbit, avx, avx2, aes, clmul, bmi1, bmi2, adx, sha, fma, vzeroupper, clflush, clflushopt, hv, rdtscp, rdpid, f16c

Memory: 4k page, system-wide physical 7541M (1388M free)
TotalPageFile size 9589M (AvailPageFile size 5M)
current process WorkingSet (physical memory assigned to process): 71M, peak: 71M
current process commit charge ("private bytes"): 224M, peak: 224M

vm_info: OpenJDK 64-Bit Server VM (20.0.2+9) for windows-amd64 JRE (20.0.2+9), built on 2023-07-18T00:00:00Z by "admin" with MS VC++ 16.10 / 16.11 (VS2019)

END.
