#
# There is insufficient memory for the Java Runtime Environment to continue.
# Native memory allocation (mmap) failed to map 123731968 bytes for G1 virtual space
# Possible reasons:
#   The system is out of physical RAM or swap space
#   The process is running with CompressedOops enabled, and the Java Heap may be blocking the growth of the native heap
# Possible solutions:
#   Reduce memory load on the system
#   Increase physical memory or swap space
#   Check if swap backing store is full
#   Decrease Java heap size (-Xmx/-Xms)
#   Decrease number of Java threads
#   Decrease Java thread stack sizes (-Xss)
#   Set larger code cache with -XX:ReservedCodeCacheSize=
#   JVM is running with Unscaled Compressed Oops mode in which the Java heap is
#     placed in the first 4GB address space. The Java Heap base address is the
#     maximum limit for the native heap growth. Please use -XX:HeapBaseMinAddress
#     to set the Java Heap base and to place the Java Heap above 4GB virtual address.
# This output file may be truncated or incomplete.
#
#  Out of Memory Error (os_windows.cpp:3528), pid=9928, tid=2712
#
# JRE version:  (20.0.2+9) (build )
# Java VM: OpenJDK 64-Bit Server VM (20.0.2+9, mixed mode, sharing, tiered, compressed oops, compressed class ptrs, g1 gc, windows-amd64)
# No core dump will be written. Minidumps are not enabled by default on client versions of Windows
#

---------------  S U M M A R Y ------------

Command Line: -javaagent:C:\Users\FIGHTER\eclipse\java-2023-06\eclipse\configuration\org.eclipse.osgi\471\0\.cp\jacocoagent.jar=includes=*,excludes=,exclclassloader=sun.reflect.DelegatingClassLoader,output=tcpclient,port=52553 -Dfile.encoding=UTF-8 --module-path=C:\Users\FIGHTER\eclipse-workspace\prj\bin;C:\Users\FIGHTER\Documents\mysql-connector-j-8.2.0\mysql-connector-j-8.2.0\mysql-connector-j-8.2.0.jar -XX:+ShowCodeDetailsInExceptionMessages -Djdk.module.main=prj prj/prj.Main

Host: AMD Ryzen 5 5500U with Radeon Graphics         , 12 cores, 7G,  Windows 11 , 64 bit Build 22621 (10.0.22621.2506)
Time: Tue Jan  9 06:46:09 2024 Bangladesh Standard Time elapsed time: 0.053576 seconds (0d 0h 0m 0s)

---------------  T H R E A D  ---------------

Current thread (0x000001596f479480):  JavaThread "Unknown thread" [_thread_in_vm, id=2712, stack(0x0000000cf1a00000,0x0000000cf1b00000)]

Stack: [0x0000000cf1a00000,0x0000000cf1b00000]
Native frames: (J=compiled Java code, j=interpreted, Vv=VM code, C=native code)
V  [jvm.dll+0x6c4a1a]
V  [jvm.dll+0x8a341c]
V  [jvm.dll+0x8a5025]
V  [jvm.dll+0x8a5723]
V  [jvm.dll+0x284aff]
V  [jvm.dll+0x6c1799]
V  [jvm.dll+0x6b627a]
V  [jvm.dll+0x360e2d]
V  [jvm.dll+0x368fa6]
V  [jvm.dll+0x3b9f0e]
V  [jvm.dll+0x3ba185]
V  [jvm.dll+0x33142a]
V  [jvm.dll+0x33223b]
V  [jvm.dll+0x86bd0f]
V  [jvm.dll+0x3c7191]
V  [jvm.dll+0x857a96]
V  [jvm.dll+0x452b9f]
V  [jvm.dll+0x454681]
C  [jli.dll+0x528f]
C  [ucrtbase.dll+0x29363]
C  [KERNEL32.DLL+0x1257d]
C  [ntdll.dll+0x5aa58]


---------------  P R O C E S S  ---------------

Threads class SMR info:
_java_thread_list=0x00007fffbeaea5d8, length=0, elements={
}

Java Threads: ( => current thread )

Other Threads:
  0x000001596f4d62a0 WorkerThread "GC Thread#0" [stack: 0x0000000cf1b00000,0x0000000cf1c00000] [id=9248]
  0x000001596f4e5d70 ConcurrentGCThread "G1 Main Marker" [stack: 0x0000000cf1c00000,0x0000000cf1d00000] [id=7588]
  0x000001596f4e70e0 WorkerThread "G1 Conc#0" [stack: 0x0000000cf1d00000,0x0000000cf1e00000] [id=8544]

[error occurred during error reporting (printing all threads), id 0xc0000005, EXCEPTION_ACCESS_VIOLATION (0xc0000005) at pc=0x00007fffbe264a07]
VM state: not at safepoint (not fully initialized)

VM Mutex/Monitor currently owned by a thread:  ([mutex/lock_event])
[0x000001596f4754c0] Heap_lock - owner thread: 0x000001596f479480

Heap address: 0x000000008a200000, size: 1886 MB, Compressed Oops mode: 32-bit

CDS archive(s) mapped at: [0x0000000000000000-0x0000000000000000-0x0000000000000000), size 0, SharedBaseAddress: 0x0000000800000000, ArchiveRelocationMode: 1.
Narrow klass base: 0x0000000000000000, Narrow klass shift: 0, Narrow klass range: 0x0

GC Precious Log:
 CardTable entry size: 512
 Card Set container configuration: InlinePtr #cards 5 size 8 Array Of Cards #cards 12 size 40 Howl #buckets 4 coarsen threshold 1843 Howl Bitmap #cards 512 size 80 coarsen threshold 460 Card regions per heap region 1 cards per card region 2048

Heap:
 garbage-first heap   total 0K, used 0K [0x000000008a200000, 0x0000000100000000)
  region size 1024K, 0 young (0K), 0 survivors (0K)

[error occurred during error reporting (printing heap information), id 0xc0000005, EXCEPTION_ACCESS_VIOLATION (0xc0000005) at pc=0x00007fffbe63de19]
GC Heap History (0 events):
No events

Dll operation events (1 events):
Event: 0.012 Loaded shared library C:\Users\FIGHTER\.p2\pool\plugins\org.eclipse.justj.openjdk.hotspot.jre.full.win32.x86_64_20.0.2.v20230801-2057\jre\bin\java.dll

Deoptimization events (0 events):
No events

Classes loaded (0 events):
No events

Classes unloaded (0 events):
No events

Classes redefined (0 events):
No events

Internal exceptions (0 events):
No events

VM Operations (0 events):
No events

Events (0 events):
No events


Dynamic libraries:
0x00007ff6c1e80000 - 0x00007ff6c1e8e000 	C:\Users\FIGHTER\.p2\pool\plugins\org.eclipse.justj.openjdk.hotspot.jre.full.win32.x86_64_20.0.2.v20230801-2057\jre\bin\javaw.exe
0x00007ff80e610000 - 0x00007ff80e827000 	C:\WINDOWS\SYSTEM32\ntdll.dll
0x00007ff80d9f0000 - 0x00007ff80dab4000 	C:\WINDOWS\System32\KERNEL32.DLL
0x00007ff80bd70000 - 0x00007ff80c115000 	C:\WINDOWS\System32\KERNELBASE.dll
0x00007ff80c240000 - 0x00007ff80c351000 	C:\WINDOWS\System32\ucrtbase.dll
0x00007ff804ee0000 - 0x00007ff804ef7000 	C:\Users\FIGHTER\.p2\pool\plugins\org.eclipse.justj.openjdk.hotspot.jre.full.win32.x86_64_20.0.2.v20230801-2057\jre\bin\jli.dll
0x00007ff808b80000 - 0x00007ff808b9b000 	C:\Users\FIGHTER\.p2\pool\plugins\org.eclipse.justj.openjdk.hotspot.jre.full.win32.x86_64_20.0.2.v20230801-2057\jre\bin\VCRUNTIME140.dll
0x00007ff80d840000 - 0x00007ff80d9ee000 	C:\WINDOWS\System32\USER32.dll
0x00007ff80bab0000 - 0x00007ff80bad6000 	C:\WINDOWS\System32\win32u.dll
0x00007ffff6680000 - 0x00007ffff6913000 	C:\WINDOWS\WinSxS\amd64_microsoft.windows.common-controls_6595b64144ccf1df_6.0.22621.2506_none_270c5ae97388e100\COMCTL32.dll
0x00007ff80d630000 - 0x00007ff80d659000 	C:\WINDOWS\System32\GDI32.dll
0x00007ff80cc70000 - 0x00007ff80cd17000 	C:\WINDOWS\System32\msvcrt.dll
0x00007ff80c120000 - 0x00007ff80c239000 	C:\WINDOWS\System32\gdi32full.dll
0x00007ff80bae0000 - 0x00007ff80bb7a000 	C:\WINDOWS\System32\msvcp_win.dll
0x00007ff80de30000 - 0x00007ff80de61000 	C:\WINDOWS\System32\IMM32.DLL
0x00007ff808bf0000 - 0x00007ff808bfc000 	C:\Users\FIGHTER\.p2\pool\plugins\org.eclipse.justj.openjdk.hotspot.jre.full.win32.x86_64_20.0.2.v20230801-2057\jre\bin\vcruntime140_1.dll
0x00007ffff32e0000 - 0x00007ffff336d000 	C:\Users\FIGHTER\.p2\pool\plugins\org.eclipse.justj.openjdk.hotspot.jre.full.win32.x86_64_20.0.2.v20230801-2057\jre\bin\msvcp140.dll
0x00007fffbdf20000 - 0x00007fffbec2f000 	C:\Users\FIGHTER\.p2\pool\plugins\org.eclipse.justj.openjdk.hotspot.jre.full.win32.x86_64_20.0.2.v20230801-2057\jre\bin\server\jvm.dll
0x00007ff80d780000 - 0x00007ff80d831000 	C:\WINDOWS\System32\ADVAPI32.dll
0x00007ff80cbc0000 - 0x00007ff80cc66000 	C:\WINDOWS\System32\sechost.dll
0x00007ff80de70000 - 0x00007ff80df87000 	C:\WINDOWS\System32\RPCRT4.dll
0x00007ff804e50000 - 0x00007ff804e84000 	C:\WINDOWS\SYSTEM32\WINMM.dll
0x00007ffffbe90000 - 0x00007ffffbe99000 	C:\WINDOWS\SYSTEM32\WSOCK32.dll
0x00007ff802cf0000 - 0x00007ff802cfa000 	C:\WINDOWS\SYSTEM32\VERSION.dll
0x00007ff80d700000 - 0x00007ff80d771000 	C:\WINDOWS\System32\WS2_32.dll
0x00007ff80a8e0000 - 0x00007ff80a8f8000 	C:\WINDOWS\SYSTEM32\kernel.appcore.dll
0x00007ffff4b20000 - 0x00007ffff4b2a000 	C:\Users\FIGHTER\.p2\pool\plugins\org.eclipse.justj.openjdk.hotspot.jre.full.win32.x86_64_20.0.2.v20230801-2057\jre\bin\jimage.dll
0x00007ff802de0000 - 0x00007ff803013000 	C:\WINDOWS\SYSTEM32\DBGHELP.DLL
0x00007ff80d1a0000 - 0x00007ff80d529000 	C:\WINDOWS\System32\combase.dll
0x00007ff80df90000 - 0x00007ff80e067000 	C:\WINDOWS\System32\OLEAUT32.dll
0x00007ffff48f0000 - 0x00007ffff4922000 	C:\WINDOWS\SYSTEM32\dbgcore.DLL
0x00007ff80bb80000 - 0x00007ff80bbfa000 	C:\WINDOWS\System32\bcryptPrimitives.dll
0x00007ff808bd0000 - 0x00007ff808bde000 	C:\Users\FIGHTER\.p2\pool\plugins\org.eclipse.justj.openjdk.hotspot.jre.full.win32.x86_64_20.0.2.v20230801-2057\jre\bin\instrument.dll
0x00007fffe3fb0000 - 0x00007fffe3fd6000 	C:\Users\FIGHTER\.p2\pool\plugins\org.eclipse.justj.openjdk.hotspot.jre.full.win32.x86_64_20.0.2.v20230801-2057\jre\bin\java.dll

dbghelp: loaded successfully - version: 4.0.5 - missing functions: none
symbol engine: initialized successfully - sym options: 0x614 - pdb path: .;C:\Users\FIGHTER\.p2\pool\plugins\org.eclipse.justj.openjdk.hotspot.jre.full.win32.x86_64_20.0.2.v20230801-2057\jre\bin;C:\WINDOWS\SYSTEM32;C:\WINDOWS\WinSxS\amd64_microsoft.windows.common-controls_6595b64144ccf1df_6.0.22621.2506_none_270c5ae97388e100;C:\Users\FIGHTER\.p2\pool\plugins\org.eclipse.justj.openjdk.hotspot.jre.full.win32.x86_64_20.0.2.v20230801-2057\jre\bin\server

VM Arguments:
jvm_args: -javaagent:C:\Users\FIGHTER\eclipse\java-2023-06\eclipse\configuration\org.eclipse.osgi\471\0\.cp\jacocoagent.jar=includes=*,excludes=,exclclassloader=sun.reflect.DelegatingClassLoader,output=tcpclient,port=52553 -Dfile.encoding=UTF-8 --module-path=C:\Users\FIGHTER\eclipse-workspace\prj\bin;C:\Users\FIGHTER\Documents\mysql-connector-j-8.2.0\mysql-connector-j-8.2.0\mysql-connector-j-8.2.0.jar -XX:+ShowCodeDetailsInExceptionMessages -Djdk.module.main=prj 
java_command: prj/prj.Main
java_class_path (initial): <not set>
Launcher Type: SUN_STANDARD

[Global flags]
     intx CICompilerCount                          = 4                                         {product} {ergonomic}
     uint ConcGCThreads                            = 3                                         {product} {ergonomic}
     uint G1ConcRefinementThreads                  = 10                                        {product} {ergonomic}
   size_t G1HeapRegionSize                         = 1048576                                   {product} {ergonomic}
    uintx GCDrainStackTargetSize                   = 64                                        {product} {ergonomic}
   size_t InitialHeapSize                          = 123731968                                 {product} {ergonomic}
   size_t MarkStackSize                            = 4194304                                   {product} {ergonomic}
   size_t MaxHeapSize                              = 1977614336                                {product} {ergonomic}
   size_t MinHeapDeltaBytes                        = 1048576                                   {product} {ergonomic}
   size_t MinHeapSize                              = 8388608                                   {product} {ergonomic}
    uintx NonNMethodCodeHeapSize                   = 5839372                                {pd product} {ergonomic}
    uintx NonProfiledCodeHeapSize                  = 122909434                              {pd product} {ergonomic}
    uintx ProfiledCodeHeapSize                     = 122909434                              {pd product} {ergonomic}
    uintx ReservedCodeCacheSize                    = 251658240                              {pd product} {ergonomic}
     bool SegmentedCodeCache                       = true                                      {product} {ergonomic}
     bool ShowCodeDetailsInExceptionMessages       = true                                   {manageable} {command line}
   size_t SoftMaxHeapSize                          = 1977614336                             {manageable} {ergonomic}
     bool UseCompressedClassPointers               = true                           {product lp64_product} {ergonomic}
     bool UseCompressedOops                        = true                           {product lp64_product} {ergonomic}
     bool UseG1GC                                  = true                                      {product} {ergonomic}
     bool UseLargePagesIndividualAllocation        = false                                  {pd product} {ergonomic}

Logging:
Log output configuration:
 #0: stdout all=warning uptime,level,tags foldmultilines=false
 #1: stderr all=off uptime,level,tags foldmultilines=false

Environment Variables:
PATH=C:/Users/FIGHTER/.p2/pool/plugins/org.eclipse.justj.openjdk.hotspot.jre.full.win32.x86_64_20.0.2.v20230801-2057/jre/bin/server;C:/Users/FIGHTER/.p2/pool/plugins/org.eclipse.justj.openjdk.hotspot.jre.full.win32.x86_64_20.0.2.v20230801-2057/jre/bin;C:\app\FIGHTER\product\21c\dbhomeXE\bin;C:\Program Files\Common Files\Oracle\Java\javapath;C:\WINDOWS\system32;C:\WINDOWS;C:\WINDOWS\System32\Wbem;C:\WINDOWS\System32\WindowsPowerShell\v1.0\;C:\WINDOWS\System32\OpenSSH\;C:\MinGW\bin;C:\Users\FIGHTER\AppData\Local\Microsoft\WindowsApps;C:\Program Files\CodeBlocks\MinGW\bin;;C:\Users\FIGHTER\AppData\Local\Programs\Microsoft VS Code\bin;C:\Users\FIGHTER\Desktop;
USERNAME=FIGHTER
OS=Windows_NT
PROCESSOR_IDENTIFIER=AMD64 Family 23 Model 104 Stepping 1, AuthenticAMD
TMP=C:\Users\FIGHTER\AppData\Local\Temp
TEMP=C:\Users\FIGHTER\AppData\Local\Temp




---------------  S Y S T E M  ---------------

OS:
 Windows 11 , 64 bit Build 22621 (10.0.22621.2506)
OS uptime: 23 days 8:56 hours
Hyper-V role detected

CPU: total 12 (initial active 12) (12 cores per cpu, 2 threads per core) family 23 model 104 stepping 1 microcode 0x0, cx8, cmov, fxsr, ht, mmx, 3dnowpref, sse, sse2, sse3, ssse3, sse4a, sse4.1, sse4.2, popcnt, lzcnt, tsc, tscinvbit, avx, avx2, aes, clmul, bmi1, bmi2, adx, sha, fma, vzeroupper, clflush, clflushopt, hv, rdtscp, rdpid, f16c

Memory: 4k page, system-wide physical 7541M (1398M free)
TotalPageFile size 9589M (AvailPageFile size 81M)
current process WorkingSet (physical memory assigned to process): 12M, peak: 12M
current process commit charge ("private bytes"): 64M, peak: 182M

vm_info: OpenJDK 64-Bit Server VM (20.0.2+9) for windows-amd64 JRE (20.0.2+9), built on 2023-07-18T00:00:00Z by "admin" with MS VC++ 16.10 / 16.11 (VS2019)

END.
