#
# There is insufficient memory for the Java Runtime Environment to continue.
# Native memory allocation (mmap) failed to map 65536 bytes for Failed to commit metaspace.
# Possible reasons:
#   The system is out of physical RAM or swap space
#   The process is running with CompressedOops enabled, and the Java Heap may be blocking the growth of the native heap
# Possible solutions:
#   Reduce memory load on the system
#   Increase physical memory or swap space
#   Check if swap backing store is full
#   Decrease Java heap size (-Xmx/-Xms)
#   Decrease number of Java threads
#   Decrease Java thread stack sizes (-Xss)
#   Set larger code cache with -XX:ReservedCodeCacheSize=
#   JVM is running with Unscaled Compressed Oops mode in which the Java heap is
#     placed in the first 4GB address space. The Java Heap base address is the
#     maximum limit for the native heap growth. Please use -XX:HeapBaseMinAddress
#     to set the Java Heap base and to place the Java Heap above 4GB virtual address.
# This output file may be truncated or incomplete.
#
#  Out of Memory Error (virtualSpaceNode.cpp:110), pid=16460, tid=3860
#
# JRE version: OpenJDK Runtime Environment Temurin-20.0.2+9 (20.0.2+9) (build 20.0.2+9)
# Java VM: OpenJDK 64-Bit Server VM Temurin-20.0.2+9 (20.0.2+9, mixed mode, tiered, compressed oops, compressed class ptrs, g1 gc, windows-amd64)
# No core dump will be written. Minidumps are not enabled by default on client versions of Windows
#

---------------  S U M M A R Y ------------

Command Line: -javaagent:C:\Users\FIGHTER\eclipse\java-2023-06\eclipse\configuration\org.eclipse.osgi\471\0\.cp\jacocoagent.jar=includes=*,excludes=,exclclassloader=sun.reflect.DelegatingClassLoader,output=tcpclient,port=59853 -Dfile.encoding=UTF-8 --module-path=C:\Users\FIGHTER\eclipse-workspace\prj\bin;C:\Users\FIGHTER\Documents\mysql-connector-j-8.2.0\mysql-connector-j-8.2.0\mysql-connector-j-8.2.0.jar -XX:+ShowCodeDetailsInExceptionMessages -Djdk.module.main=prj prj/prj.Main

Host: AMD Ryzen 5 5500U with Radeon Graphics         , 12 cores, 7G,  Windows 11 , 64 bit Build 22621 (10.0.22621.2506)
Time: Wed Jan 10 06:56:33 2024 Bangladesh Standard Time elapsed time: 0.243510 seconds (0d 0h 0m 0s)

---------------  T H R E A D  ---------------

Current thread (0x000001a9666d9d90):  JavaThread "main" [_thread_in_vm, id=3860, stack(0x000000274cc00000,0x000000274cd00000)]

Stack: [0x000000274cc00000,0x000000274cd00000]
Native frames: (J=compiled Java code, j=interpreted, Vv=VM code, C=native code)
V  [jvm.dll+0x6c4a1a]
V  [jvm.dll+0x8a341c]
V  [jvm.dll+0x8a5025]
V  [jvm.dll+0x8a5723]
V  [jvm.dll+0x284aff]
V  [jvm.dll+0x89f28b]
V  [jvm.dll+0x667616]
V  [jvm.dll+0x66767a]
V  [jvm.dll+0x669f4e]
V  [jvm.dll+0x669e0e]
V  [jvm.dll+0x66800e]
V  [jvm.dll+0x271166]
V  [jvm.dll+0x21f68b]
V  [jvm.dll+0x214d50]
V  [jvm.dll+0x5a34db]
V  [jvm.dll+0x226227]
V  [jvm.dll+0x81cdf4]
V  [jvm.dll+0x81defa]
V  [jvm.dll+0x81e4bf]
V  [jvm.dll+0x81e168]
V  [jvm.dll+0x273946]
V  [jvm.dll+0x273b7f]
V  [jvm.dll+0x5c5288]
V  [jvm.dll+0x5c81e6]
V  [jvm.dll+0x3e2610]
V  [jvm.dll+0x3e1c4f]
C  0x000001a9715be740

Java frames: (J=compiled Java code, j=interpreted, Vv=VM code)
j  jdk.internal.module.ModulePath.toPackageName(Ljava/nio/file/Path;Ljava/lang/String;)Ljava/util/Optional;+117 java.base@20.0.2
j  jdk.internal.module.ModulePath.lambda$explodedPackages$8(Ljava/lang/String;Ljava/nio/file/Path;)Ljava/util/Optional;+3 java.base@20.0.2
j  jdk.internal.module.ModulePath$$Lambda$13+0x0000000100080000.apply(Ljava/lang/Object;)Ljava/lang/Object;+12 java.base@20.0.2
j  java.util.stream.ReferencePipeline$3$1.accept(Ljava/lang/Object;)V+12 java.base@20.0.2
j  java.util.stream.ReferencePipeline$3$1.accept(Ljava/lang/Object;)V+17 java.base@20.0.2
j  java.util.stream.ReferencePipeline$3$1.accept(Ljava/lang/Object;)V+17 java.base@20.0.2
j  java.util.stream.ReferencePipeline$2$1.accept(Ljava/lang/Object;)V+21 java.base@20.0.2
j  java.util.Iterator.forEachRemaining(Ljava/util/function/Consumer;)V+21 java.base@20.0.2
j  java.util.Spliterators$IteratorSpliterator.forEachRemaining(Ljava/util/function/Consumer;)V+52 java.base@20.0.2
j  java.util.stream.AbstractPipeline.copyInto(Ljava/util/stream/Sink;Ljava/util/Spliterator;)V+32 java.base@20.0.2
j  java.util.stream.AbstractPipeline.wrapAndCopyInto(Ljava/util/stream/Sink;Ljava/util/Spliterator;)Ljava/util/stream/Sink;+13 java.base@20.0.2
j  java.util.stream.ReduceOps$ReduceOp.evaluateSequential(Ljava/util/stream/PipelineHelper;Ljava/util/Spliterator;)Ljava/lang/Object;+6 java.base@20.0.2
j  java.util.stream.AbstractPipeline.evaluate(Ljava/util/stream/TerminalOp;)Ljava/lang/Object;+88 java.base@20.0.2
j  java.util.stream.ReferencePipeline.collect(Ljava/util/stream/Collector;)Ljava/lang/Object;+86 java.base@20.0.2
j  jdk.internal.module.ModulePath.explodedPackages(Ljava/nio/file/Path;)Ljava/util/Set;+70 java.base@20.0.2
j  jdk.internal.module.ModulePath.lambda$readExplodedModule$9(Ljava/nio/file/Path;)Ljava/util/Set;+2 java.base@20.0.2
j  jdk.internal.module.ModulePath$$Lambda$7+0x0000000100004528.get()Ljava/lang/Object;+8 java.base@20.0.2
j  jdk.internal.module.ModuleInfo.doRead(Ljava/io/DataInput;)Ljdk/internal/module/ModuleInfo$Attributes;+762 java.base@20.0.2
j  jdk.internal.module.ModuleInfo.read(Ljava/io/InputStream;Ljava/util/function/Supplier;)Ljdk/internal/module/ModuleInfo$Attributes;+16 java.base@20.0.2
j  jdk.internal.module.ModulePath.readExplodedModule(Ljava/nio/file/Path;)Ljava/lang/module/ModuleReference;+35 java.base@20.0.2
j  jdk.internal.module.ModulePath.readModule(Ljava/nio/file/Path;Ljava/nio/file/attribute/BasicFileAttributes;)Ljava/lang/module/ModuleReference;+11 java.base@20.0.2
j  jdk.internal.module.ModulePath.scan(Ljava/nio/file/Path;)Ljava/util/Map;+67 java.base@20.0.2
j  jdk.internal.module.ModulePath.scanNextEntry()V+23 java.base@20.0.2
j  jdk.internal.module.ModulePath.find(Ljava/lang/String;)Ljava/util/Optional;+36 java.base@20.0.2
j  java.lang.module.ModuleFinder$2.lambda$find$0(Ljava/lang/String;Ljava/lang/module/ModuleFinder;)Ljava/util/Optional;+2 java.base@20.0.2
j  java.lang.module.ModuleFinder$2$$Lambda$1+0x0000000100012bd0.apply(Ljava/lang/Object;)Ljava/lang/Object;+8 java.base@20.0.2
j  java.util.stream.ReferencePipeline$3$1.accept(Ljava/lang/Object;)V+12 java.base@20.0.2
j  java.util.AbstractList$RandomAccessSpliterator.tryAdvance(Ljava/util/function/Consumer;)Z+43 java.base@20.0.2
j  java.util.stream.ReferencePipeline.forEachWithCancel(Ljava/util/Spliterator;Ljava/util/stream/Sink;)Z+13 java.base@20.0.2
j  java.util.stream.AbstractPipeline.copyIntoWithCancel(Ljava/util/stream/Sink;Ljava/util/Spliterator;)Z+32 java.base@20.0.2
j  java.util.stream.AbstractPipeline.copyInto(Ljava/util/stream/Sink;Ljava/util/Spliterator;)V+49 java.base@20.0.2
j  java.util.stream.AbstractPipeline.wrapAndCopyInto(Ljava/util/stream/Sink;Ljava/util/Spliterator;)Ljava/util/stream/Sink;+13 java.base@20.0.2
j  java.util.stream.FindOps$FindOp.evaluateSequential(Ljava/util/stream/PipelineHelper;Ljava/util/Spliterator;)Ljava/lang/Object;+14 java.base@20.0.2
j  java.util.stream.AbstractPipeline.evaluate(Ljava/util/stream/TerminalOp;)Ljava/lang/Object;+88 java.base@20.0.2
j  java.util.stream.ReferencePipeline.findFirst()Ljava/util/Optional;+5 java.base@20.0.2
j  java.lang.module.ModuleFinder$2.find(Ljava/lang/String;)Ljava/util/Optional;+53 java.base@20.0.2
j  java.lang.module.Resolver.findWithBeforeFinder(Ljava/lang/String;)Ljava/lang/module/ModuleReference;+5 java.base@20.0.2
j  java.lang.module.Resolver.resolve(Ljava/util/Collection;)Ljava/lang/module/Resolver;+38 java.base@20.0.2
j  java.lang.module.Configuration.resolveAndBind(Ljava/lang/module/ModuleFinder;Ljava/util/Collection;Ljava/io/PrintStream;)Ljava/lang/module/Configuration;+29 java.base@20.0.2
j  java.lang.module.ModuleDescriptor$1.resolveAndBind(Ljava/lang/module/ModuleFinder;Ljava/util/Collection;Ljava/io/PrintStream;)Ljava/lang/module/Configuration;+3 java.base@20.0.2
j  jdk.internal.module.Modules.newBootLayerConfiguration(Ljava/lang/module/ModuleFinder;Ljava/util/Collection;Ljava/io/PrintStream;)Ljava/lang/module/Configuration;+6 java.base@20.0.2
j  jdk.internal.module.ModuleBootstrap.boot2()Ljava/lang/ModuleLayer;+896 java.base@20.0.2
j  jdk.internal.module.ModuleBootstrap.boot()Ljava/lang/ModuleLayer;+64 java.base@20.0.2
j  java.lang.System.initPhase2(ZZ)I+0 java.base@20.0.2
v  ~StubRoutines::call_stub 0x000001a97159100d

---------------  P R O C E S S  ---------------

Threads class SMR info:
_java_thread_list=0x000001a97ed1c750, length=10, elements={
0x000001a9666d9d90, 0x000001a97eb56230, 0x000001a97eb57310, 0x000001a97eb6b3e0,
0x000001a97eb6bd20, 0x000001a97eb5f590, 0x000001a97eb5d940, 0x000001a97eb7a700,
0x000001a97eb7b820, 0x000001a97ea7cf60
}

Java Threads: ( => current thread )
=>0x000001a9666d9d90 JavaThread "main" [_thread_in_vm, id=3860, stack(0x000000274cc00000,0x000000274cd00000)]
  0x000001a97eb56230 JavaThread "Reference Handler" daemon [_thread_blocked, id=3260, stack(0x000000274d300000,0x000000274d400000)]
  0x000001a97eb57310 JavaThread "Finalizer" daemon [_thread_blocked, id=8380, stack(0x000000274d400000,0x000000274d500000)]
  0x000001a97eb6b3e0 JavaThread "Signal Dispatcher" daemon [_thread_blocked, id=16836, stack(0x000000274d500000,0x000000274d600000)]
  0x000001a97eb6bd20 JavaThread "Attach Listener" daemon [_thread_blocked, id=7520, stack(0x000000274d600000,0x000000274d700000)]
  0x000001a97eb5f590 JavaThread "Service Thread" daemon [_thread_blocked, id=2468, stack(0x000000274d700000,0x000000274d800000)]
  0x000001a97eb5d940 JavaThread "Monitor Deflation Thread" daemon [_thread_blocked, id=2496, stack(0x000000274d800000,0x000000274d900000)]
  0x000001a97eb7a700 JavaThread "C2 CompilerThread0" daemon [_thread_blocked, id=2296, stack(0x000000274d900000,0x000000274da00000)]
  0x000001a97eb7b820 JavaThread "C1 CompilerThread0" daemon [_thread_blocked, id=12112, stack(0x000000274da00000,0x000000274db00000)]
  0x000001a97ea7cf60 JavaThread "Common-Cleaner" daemon [_thread_blocked, id=3480, stack(0x000000274db00000,0x000000274dc00000)]

Other Threads:
  0x000001a97eb0ddc0 VMThread "VM Thread" [stack: 0x000000274d200000,0x000000274d300000] [id=860]
  0x000001a966736940 WorkerThread "GC Thread#0" [stack: 0x000000274cd00000,0x000000274ce00000] [id=5388]
  0x000001a966746320 ConcurrentGCThread "G1 Main Marker" [stack: 0x000000274ce00000,0x000000274cf00000] [id=10556]
  0x000001a9667475a0 WorkerThread "G1 Conc#0" [stack: 0x000000274cf00000,0x000000274d000000] [id=17484]
  0x000001a97e9530e0 ConcurrentGCThread "G1 Refine#0" [stack: 0x000000274d000000,0x000000274d100000] [id=13692]
  0x000001a97e953a90 ConcurrentGCThread "G1 Service" [stack: 0x000000274d100000,0x000000274d200000] [id=8388]

Threads with active compile tasks:

VM state: not at safepoint (normal execution)

VM Mutex/Monitor currently owned by a thread:  ([mutex/lock_event])
[0x000001a9666d36b0] Metaspace_lock - owner thread: 0x000001a9666d9d90

Heap address: 0x000000008a200000, size: 1886 MB, Compressed Oops mode: 32-bit

CDS archive(s) not mapped
Compressed class space mapped at: 0x0000000100000000-0x0000000140000000, reserved size: 1073741824
Narrow klass base: 0x0000000000000000, Narrow klass shift: 3, Narrow klass range: 0x140000000

GC Precious Log:
 CardTable entry size: 512
 Card Set container configuration: InlinePtr #cards 5 size 8 Array Of Cards #cards 12 size 40 Howl #buckets 4 coarsen threshold 1843 Howl Bitmap #cards 512 size 80 coarsen threshold 460 Card regions per heap region 1 cards per card region 2048
 CPUs: 12 total, 12 available
 Memory: 7541M
 Large Page Support: Disabled
 NUMA Support: Disabled
 Compressed Oops: Enabled (32-bit)
 Heap Region Size: 1M
 Heap Min Capacity: 8M
 Heap Initial Capacity: 118M
 Heap Max Capacity: 1886M
 Pre-touch: Disabled
 Parallel Workers: 10
 Concurrent Workers: 3
 Concurrent Refinement Workers: 10
 Periodic GC: Disabled

Heap:
 garbage-first heap   total 120832K, used 1024K [0x000000008a200000, 0x0000000100000000)
  region size 1024K, 2 young (2048K), 0 survivors (0K)
 Metaspace       used 6225K, committed 6336K, reserved 1114112K
  class space    used 523K, committed 576K, reserved 1048576K

Heap Regions: E=young(eden), S=young(survivor), O=old, HS=humongous(starts), HC=humongous(continues), CS=collection set, F=free, OA=open archive, CA=closed archive, TAMS=top-at-mark-start, PB=parsable bottom
|   0|0x000000008a200000, 0x000000008a200000, 0x000000008a300000|  0%| F|  |TAMS 0x000000008a200000| PB 0x000000008a200000| Untracked 
|   1|0x000000008a300000, 0x000000008a300000, 0x000000008a400000|  0%| F|  |TAMS 0x000000008a300000| PB 0x000000008a300000| Untracked 
|   2|0x000000008a400000, 0x000000008a400000, 0x000000008a500000|  0%| F|  |TAMS 0x000000008a400000| PB 0x000000008a400000| Untracked 
|   3|0x000000008a500000, 0x000000008a500000, 0x000000008a600000|  0%| F|  |TAMS 0x000000008a500000| PB 0x000000008a500000| Untracked 
|   4|0x000000008a600000, 0x000000008a600000, 0x000000008a700000|  0%| F|  |TAMS 0x000000008a600000| PB 0x000000008a600000| Untracked 
|   5|0x000000008a700000, 0x000000008a700000, 0x000000008a800000|  0%| F|  |TAMS 0x000000008a700000| PB 0x000000008a700000| Untracked 
|   6|0x000000008a800000, 0x000000008a800000, 0x000000008a900000|  0%| F|  |TAMS 0x000000008a800000| PB 0x000000008a800000| Untracked 
|   7|0x000000008a900000, 0x000000008a900000, 0x000000008aa00000|  0%| F|  |TAMS 0x000000008a900000| PB 0x000000008a900000| Untracked 
|   8|0x000000008aa00000, 0x000000008aa00000, 0x000000008ab00000|  0%| F|  |TAMS 0x000000008aa00000| PB 0x000000008aa00000| Untracked 
|   9|0x000000008ab00000, 0x000000008ab00000, 0x000000008ac00000|  0%| F|  |TAMS 0x000000008ab00000| PB 0x000000008ab00000| Untracked 
|  10|0x000000008ac00000, 0x000000008ac00000, 0x000000008ad00000|  0%| F|  |TAMS 0x000000008ac00000| PB 0x000000008ac00000| Untracked 
|  11|0x000000008ad00000, 0x000000008ad00000, 0x000000008ae00000|  0%| F|  |TAMS 0x000000008ad00000| PB 0x000000008ad00000| Untracked 
|  12|0x000000008ae00000, 0x000000008ae00000, 0x000000008af00000|  0%| F|  |TAMS 0x000000008ae00000| PB 0x000000008ae00000| Untracked 
|  13|0x000000008af00000, 0x000000008af00000, 0x000000008b000000|  0%| F|  |TAMS 0x000000008af00000| PB 0x000000008af00000| Untracked 
|  14|0x000000008b000000, 0x000000008b000000, 0x000000008b100000|  0%| F|  |TAMS 0x000000008b000000| PB 0x000000008b000000| Untracked 
|  15|0x000000008b100000, 0x000000008b100000, 0x000000008b200000|  0%| F|  |TAMS 0x000000008b100000| PB 0x000000008b100000| Untracked 
|  16|0x000000008b200000, 0x000000008b200000, 0x000000008b300000|  0%| F|  |TAMS 0x000000008b200000| PB 0x000000008b200000| Untracked 
|  17|0x000000008b300000, 0x000000008b300000, 0x000000008b400000|  0%| F|  |TAMS 0x000000008b300000| PB 0x000000008b300000| Untracked 
|  18|0x000000008b400000, 0x000000008b400000, 0x000000008b500000|  0%| F|  |TAMS 0x000000008b400000| PB 0x000000008b400000| Untracked 
|  19|0x000000008b500000, 0x000000008b500000, 0x000000008b600000|  0%| F|  |TAMS 0x000000008b500000| PB 0x000000008b500000| Untracked 
|  20|0x000000008b600000, 0x000000008b600000, 0x000000008b700000|  0%| F|  |TAMS 0x000000008b600000| PB 0x000000008b600000| Untracked 
|  21|0x000000008b700000, 0x000000008b700000, 0x000000008b800000|  0%| F|  |TAMS 0x000000008b700000| PB 0x000000008b700000| Untracked 
|  22|0x000000008b800000, 0x000000008b800000, 0x000000008b900000|  0%| F|  |TAMS 0x000000008b800000| PB 0x000000008b800000| Untracked 
|  23|0x000000008b900000, 0x000000008b900000, 0x000000008ba00000|  0%| F|  |TAMS 0x000000008b900000| PB 0x000000008b900000| Untracked 
|  24|0x000000008ba00000, 0x000000008ba00000, 0x000000008bb00000|  0%| F|  |TAMS 0x000000008ba00000| PB 0x000000008ba00000| Untracked 
|  25|0x000000008bb00000, 0x000000008bb00000, 0x000000008bc00000|  0%| F|  |TAMS 0x000000008bb00000| PB 0x000000008bb00000| Untracked 
|  26|0x000000008bc00000, 0x000000008bc00000, 0x000000008bd00000|  0%| F|  |TAMS 0x000000008bc00000| PB 0x000000008bc00000| Untracked 
|  27|0x000000008bd00000, 0x000000008bd00000, 0x000000008be00000|  0%| F|  |TAMS 0x000000008bd00000| PB 0x000000008bd00000| Untracked 
|  28|0x000000008be00000, 0x000000008be00000, 0x000000008bf00000|  0%| F|  |TAMS 0x000000008be00000| PB 0x000000008be00000| Untracked 
|  29|0x000000008bf00000, 0x000000008bf00000, 0x000000008c000000|  0%| F|  |TAMS 0x000000008bf00000| PB 0x000000008bf00000| Untracked 
|  30|0x000000008c000000, 0x000000008c000000, 0x000000008c100000|  0%| F|  |TAMS 0x000000008c000000| PB 0x000000008c000000| Untracked 
|  31|0x000000008c100000, 0x000000008c100000, 0x000000008c200000|  0%| F|  |TAMS 0x000000008c100000| PB 0x000000008c100000| Untracked 
|  32|0x000000008c200000, 0x000000008c200000, 0x000000008c300000|  0%| F|  |TAMS 0x000000008c200000| PB 0x000000008c200000| Untracked 
|  33|0x000000008c300000, 0x000000008c300000, 0x000000008c400000|  0%| F|  |TAMS 0x000000008c300000| PB 0x000000008c300000| Untracked 
|  34|0x000000008c400000, 0x000000008c400000, 0x000000008c500000|  0%| F|  |TAMS 0x000000008c400000| PB 0x000000008c400000| Untracked 
|  35|0x000000008c500000, 0x000000008c500000, 0x000000008c600000|  0%| F|  |TAMS 0x000000008c500000| PB 0x000000008c500000| Untracked 
|  36|0x000000008c600000, 0x000000008c600000, 0x000000008c700000|  0%| F|  |TAMS 0x000000008c600000| PB 0x000000008c600000| Untracked 
|  37|0x000000008c700000, 0x000000008c700000, 0x000000008c800000|  0%| F|  |TAMS 0x000000008c700000| PB 0x000000008c700000| Untracked 
|  38|0x000000008c800000, 0x000000008c800000, 0x000000008c900000|  0%| F|  |TAMS 0x000000008c800000| PB 0x000000008c800000| Untracked 
|  39|0x000000008c900000, 0x000000008c900000, 0x000000008ca00000|  0%| F|  |TAMS 0x000000008c900000| PB 0x000000008c900000| Untracked 
|  40|0x000000008ca00000, 0x000000008ca00000, 0x000000008cb00000|  0%| F|  |TAMS 0x000000008ca00000| PB 0x000000008ca00000| Untracked 
|  41|0x000000008cb00000, 0x000000008cb00000, 0x000000008cc00000|  0%| F|  |TAMS 0x000000008cb00000| PB 0x000000008cb00000| Untracked 
|  42|0x000000008cc00000, 0x000000008cc00000, 0x000000008cd00000|  0%| F|  |TAMS 0x000000008cc00000| PB 0x000000008cc00000| Untracked 
|  43|0x000000008cd00000, 0x000000008cd00000, 0x000000008ce00000|  0%| F|  |TAMS 0x000000008cd00000| PB 0x000000008cd00000| Untracked 
|  44|0x000000008ce00000, 0x000000008ce00000, 0x000000008cf00000|  0%| F|  |TAMS 0x000000008ce00000| PB 0x000000008ce00000| Untracked 
|  45|0x000000008cf00000, 0x000000008cf00000, 0x000000008d000000|  0%| F|  |TAMS 0x000000008cf00000| PB 0x000000008cf00000| Untracked 
|  46|0x000000008d000000, 0x000000008d000000, 0x000000008d100000|  0%| F|  |TAMS 0x000000008d000000| PB 0x000000008d000000| Untracked 
|  47|0x000000008d100000, 0x000000008d100000, 0x000000008d200000|  0%| F|  |TAMS 0x000000008d100000| PB 0x000000008d100000| Untracked 
|  48|0x000000008d200000, 0x000000008d200000, 0x000000008d300000|  0%| F|  |TAMS 0x000000008d200000| PB 0x000000008d200000| Untracked 
|  49|0x000000008d300000, 0x000000008d300000, 0x000000008d400000|  0%| F|  |TAMS 0x000000008d300000| PB 0x000000008d300000| Untracked 
|  50|0x000000008d400000, 0x000000008d400000, 0x000000008d500000|  0%| F|  |TAMS 0x000000008d400000| PB 0x000000008d400000| Untracked 
|  51|0x000000008d500000, 0x000000008d500000, 0x000000008d600000|  0%| F|  |TAMS 0x000000008d500000| PB 0x000000008d500000| Untracked 
|  52|0x000000008d600000, 0x000000008d600000, 0x000000008d700000|  0%| F|  |TAMS 0x000000008d600000| PB 0x000000008d600000| Untracked 
|  53|0x000000008d700000, 0x000000008d700000, 0x000000008d800000|  0%| F|  |TAMS 0x000000008d700000| PB 0x000000008d700000| Untracked 
|  54|0x000000008d800000, 0x000000008d800000, 0x000000008d900000|  0%| F|  |TAMS 0x000000008d800000| PB 0x000000008d800000| Untracked 
|  55|0x000000008d900000, 0x000000008d900000, 0x000000008da00000|  0%| F|  |TAMS 0x000000008d900000| PB 0x000000008d900000| Untracked 
|  56|0x000000008da00000, 0x000000008da00000, 0x000000008db00000|  0%| F|  |TAMS 0x000000008da00000| PB 0x000000008da00000| Untracked 
|  57|0x000000008db00000, 0x000000008db00000, 0x000000008dc00000|  0%| F|  |TAMS 0x000000008db00000| PB 0x000000008db00000| Untracked 
|  58|0x000000008dc00000, 0x000000008dc00000, 0x000000008dd00000|  0%| F|  |TAMS 0x000000008dc00000| PB 0x000000008dc00000| Untracked 
|  59|0x000000008dd00000, 0x000000008dd00000, 0x000000008de00000|  0%| F|  |TAMS 0x000000008dd00000| PB 0x000000008dd00000| Untracked 
|  60|0x000000008de00000, 0x000000008de00000, 0x000000008df00000|  0%| F|  |TAMS 0x000000008de00000| PB 0x000000008de00000| Untracked 
|  61|0x000000008df00000, 0x000000008df00000, 0x000000008e000000|  0%| F|  |TAMS 0x000000008df00000| PB 0x000000008df00000| Untracked 
|  62|0x000000008e000000, 0x000000008e000000, 0x000000008e100000|  0%| F|  |TAMS 0x000000008e000000| PB 0x000000008e000000| Untracked 
|  63|0x000000008e100000, 0x000000008e100000, 0x000000008e200000|  0%| F|  |TAMS 0x000000008e100000| PB 0x000000008e100000| Untracked 
|  64|0x000000008e200000, 0x000000008e200000, 0x000000008e300000|  0%| F|  |TAMS 0x000000008e200000| PB 0x000000008e200000| Untracked 
|  65|0x000000008e300000, 0x000000008e300000, 0x000000008e400000|  0%| F|  |TAMS 0x000000008e300000| PB 0x000000008e300000| Untracked 
|  66|0x000000008e400000, 0x000000008e400000, 0x000000008e500000|  0%| F|  |TAMS 0x000000008e400000| PB 0x000000008e400000| Untracked 
|  67|0x000000008e500000, 0x000000008e500000, 0x000000008e600000|  0%| F|  |TAMS 0x000000008e500000| PB 0x000000008e500000| Untracked 
|  68|0x000000008e600000, 0x000000008e600000, 0x000000008e700000|  0%| F|  |TAMS 0x000000008e600000| PB 0x000000008e600000| Untracked 
|  69|0x000000008e700000, 0x000000008e700000, 0x000000008e800000|  0%| F|  |TAMS 0x000000008e700000| PB 0x000000008e700000| Untracked 
|  70|0x000000008e800000, 0x000000008e800000, 0x000000008e900000|  0%| F|  |TAMS 0x000000008e800000| PB 0x000000008e800000| Untracked 
|  71|0x000000008e900000, 0x000000008e900000, 0x000000008ea00000|  0%| F|  |TAMS 0x000000008e900000| PB 0x000000008e900000| Untracked 
|  72|0x000000008ea00000, 0x000000008ea00000, 0x000000008eb00000|  0%| F|  |TAMS 0x000000008ea00000| PB 0x000000008ea00000| Untracked 
|  73|0x000000008eb00000, 0x000000008eb00000, 0x000000008ec00000|  0%| F|  |TAMS 0x000000008eb00000| PB 0x000000008eb00000| Untracked 
|  74|0x000000008ec00000, 0x000000008ec00000, 0x000000008ed00000|  0%| F|  |TAMS 0x000000008ec00000| PB 0x000000008ec00000| Untracked 
|  75|0x000000008ed00000, 0x000000008ed00000, 0x000000008ee00000|  0%| F|  |TAMS 0x000000008ed00000| PB 0x000000008ed00000| Untracked 
|  76|0x000000008ee00000, 0x000000008ee00000, 0x000000008ef00000|  0%| F|  |TAMS 0x000000008ee00000| PB 0x000000008ee00000| Untracked 
|  77|0x000000008ef00000, 0x000000008ef00000, 0x000000008f000000|  0%| F|  |TAMS 0x000000008ef00000| PB 0x000000008ef00000| Untracked 
|  78|0x000000008f000000, 0x000000008f000000, 0x000000008f100000|  0%| F|  |TAMS 0x000000008f000000| PB 0x000000008f000000| Untracked 
|  79|0x000000008f100000, 0x000000008f100000, 0x000000008f200000|  0%| F|  |TAMS 0x000000008f100000| PB 0x000000008f100000| Untracked 
|  80|0x000000008f200000, 0x000000008f200000, 0x000000008f300000|  0%| F|  |TAMS 0x000000008f200000| PB 0x000000008f200000| Untracked 
|  81|0x000000008f300000, 0x000000008f300000, 0x000000008f400000|  0%| F|  |TAMS 0x000000008f300000| PB 0x000000008f300000| Untracked 
|  82|0x000000008f400000, 0x000000008f400000, 0x000000008f500000|  0%| F|  |TAMS 0x000000008f400000| PB 0x000000008f400000| Untracked 
|  83|0x000000008f500000, 0x000000008f500000, 0x000000008f600000|  0%| F|  |TAMS 0x000000008f500000| PB 0x000000008f500000| Untracked 
|  84|0x000000008f600000, 0x000000008f600000, 0x000000008f700000|  0%| F|  |TAMS 0x000000008f600000| PB 0x000000008f600000| Untracked 
|  85|0x000000008f700000, 0x000000008f700000, 0x000000008f800000|  0%| F|  |TAMS 0x000000008f700000| PB 0x000000008f700000| Untracked 
|  86|0x000000008f800000, 0x000000008f800000, 0x000000008f900000|  0%| F|  |TAMS 0x000000008f800000| PB 0x000000008f800000| Untracked 
|  87|0x000000008f900000, 0x000000008f900000, 0x000000008fa00000|  0%| F|  |TAMS 0x000000008f900000| PB 0x000000008f900000| Untracked 
|  88|0x000000008fa00000, 0x000000008fa00000, 0x000000008fb00000|  0%| F|  |TAMS 0x000000008fa00000| PB 0x000000008fa00000| Untracked 
|  89|0x000000008fb00000, 0x000000008fb00000, 0x000000008fc00000|  0%| F|  |TAMS 0x000000008fb00000| PB 0x000000008fb00000| Untracked 
|  90|0x000000008fc00000, 0x000000008fc00000, 0x000000008fd00000|  0%| F|  |TAMS 0x000000008fc00000| PB 0x000000008fc00000| Untracked 
|  91|0x000000008fd00000, 0x000000008fd00000, 0x000000008fe00000|  0%| F|  |TAMS 0x000000008fd00000| PB 0x000000008fd00000| Untracked 
|  92|0x000000008fe00000, 0x000000008fe00000, 0x000000008ff00000|  0%| F|  |TAMS 0x000000008fe00000| PB 0x000000008fe00000| Untracked 
|  93|0x000000008ff00000, 0x000000008ff00000, 0x0000000090000000|  0%| F|  |TAMS 0x000000008ff00000| PB 0x000000008ff00000| Untracked 
|  94|0x0000000090000000, 0x0000000090000000, 0x0000000090100000|  0%| F|  |TAMS 0x0000000090000000| PB 0x0000000090000000| Untracked 
|  95|0x0000000090100000, 0x0000000090100000, 0x0000000090200000|  0%| F|  |TAMS 0x0000000090100000| PB 0x0000000090100000| Untracked 
|  96|0x0000000090200000, 0x0000000090200000, 0x0000000090300000|  0%| F|  |TAMS 0x0000000090200000| PB 0x0000000090200000| Untracked 
|  97|0x0000000090300000, 0x0000000090300000, 0x0000000090400000|  0%| F|  |TAMS 0x0000000090300000| PB 0x0000000090300000| Untracked 
|  98|0x0000000090400000, 0x0000000090400000, 0x0000000090500000|  0%| F|  |TAMS 0x0000000090400000| PB 0x0000000090400000| Untracked 
|  99|0x0000000090500000, 0x0000000090500000, 0x0000000090600000|  0%| F|  |TAMS 0x0000000090500000| PB 0x0000000090500000| Untracked 
| 100|0x0000000090600000, 0x0000000090600000, 0x0000000090700000|  0%| F|  |TAMS 0x0000000090600000| PB 0x0000000090600000| Untracked 
| 101|0x0000000090700000, 0x0000000090700000, 0x0000000090800000|  0%| F|  |TAMS 0x0000000090700000| PB 0x0000000090700000| Untracked 
| 102|0x0000000090800000, 0x0000000090800000, 0x0000000090900000|  0%| F|  |TAMS 0x0000000090800000| PB 0x0000000090800000| Untracked 
| 103|0x0000000090900000, 0x0000000090900000, 0x0000000090a00000|  0%| F|  |TAMS 0x0000000090900000| PB 0x0000000090900000| Untracked 
| 104|0x0000000090a00000, 0x0000000090a00000, 0x0000000090b00000|  0%| F|  |TAMS 0x0000000090a00000| PB 0x0000000090a00000| Untracked 
| 105|0x0000000090b00000, 0x0000000090b00000, 0x0000000090c00000|  0%| F|  |TAMS 0x0000000090b00000| PB 0x0000000090b00000| Untracked 
| 106|0x0000000090c00000, 0x0000000090c00000, 0x0000000090d00000|  0%| F|  |TAMS 0x0000000090c00000| PB 0x0000000090c00000| Untracked 
| 107|0x0000000090d00000, 0x0000000090d00000, 0x0000000090e00000|  0%| F|  |TAMS 0x0000000090d00000| PB 0x0000000090d00000| Untracked 
| 108|0x0000000090e00000, 0x0000000090e00000, 0x0000000090f00000|  0%| F|  |TAMS 0x0000000090e00000| PB 0x0000000090e00000| Untracked 
| 109|0x0000000090f00000, 0x0000000090f00000, 0x0000000091000000|  0%| F|  |TAMS 0x0000000090f00000| PB 0x0000000090f00000| Untracked 
| 110|0x0000000091000000, 0x0000000091000000, 0x0000000091100000|  0%| F|  |TAMS 0x0000000091000000| PB 0x0000000091000000| Untracked 
| 111|0x0000000091100000, 0x0000000091100000, 0x0000000091200000|  0%| F|  |TAMS 0x0000000091100000| PB 0x0000000091100000| Untracked 
| 112|0x0000000091200000, 0x0000000091200000, 0x0000000091300000|  0%| F|  |TAMS 0x0000000091200000| PB 0x0000000091200000| Untracked 
| 113|0x0000000091300000, 0x0000000091300000, 0x0000000091400000|  0%| F|  |TAMS 0x0000000091300000| PB 0x0000000091300000| Untracked 
| 114|0x0000000091400000, 0x0000000091400000, 0x0000000091500000|  0%| F|  |TAMS 0x0000000091400000| PB 0x0000000091400000| Untracked 
| 115|0x0000000091500000, 0x0000000091500000, 0x0000000091600000|  0%| F|  |TAMS 0x0000000091500000| PB 0x0000000091500000| Untracked 
| 116|0x0000000091600000, 0x0000000091700000, 0x0000000091700000|100%| E|  |TAMS 0x0000000091600000| PB 0x0000000091600000| Complete 
| 117|0x0000000091700000, 0x0000000091800000, 0x0000000091800000|100%| E|CS|TAMS 0x0000000091700000| PB 0x0000000091700000| Complete 

Card table byte_map: [0x000001a979970000,0x000001a979d20000] _byte_map_base: 0x000001a97951f000

Marking Bits: (CMBitMap*) 0x000001a966736e80
 Bits: [0x000001a97a0d0000, 0x000001a97be48000)

Polling page: 0x000001a964640000

Metaspace:

Usage:
  Non-class:      5.57 MB used.
      Class:    523.69 KB used.
       Both:      6.08 MB used.

Virtual space:
  Non-class space:       64.00 MB reserved,       5.62 MB (  9%) committed,  1 nodes.
      Class space:        1.00 GB reserved,     576.00 KB ( <1%) committed,  1 nodes.
             Both:        1.06 GB reserved,       6.19 MB ( <1%) committed. 

Chunk freelists:
   Non-Class:  2.24 MB
       Class:  3.25 MB
        Both:  5.49 MB

MaxMetaspaceSize: unlimited
CompressedClassSpaceSize: 1.00 GB
Initial GC threshold: 21.00 MB
Current GC threshold: 21.00 MB
CDS: off
MetaspaceReclaimPolicy: balanced
 - commit_granule_bytes: 65536.
 - commit_granule_words: 8192.
 - virtual_space_node_default_size: 8388608.
 - enlarge_chunks_in_place: 1.
 - new_chunks_are_fully_committed: 0.
 - uncommit_free_chunks: 1.
 - use_allocation_guard: 0.


Internal statistics:

num_allocs_failed_limit: 0.
num_arena_births: 12.
num_arena_deaths: 0.
num_vsnodes_births: 2.
num_vsnodes_deaths: 0.
num_space_committed: 99.
num_space_uncommitted: 0.
num_chunks_returned_to_freelist: 0.
num_chunks_taken_from_freelist: 23.
num_chunk_merges: 0.
num_chunk_splits: 10.
num_chunks_enlarged: 5.
num_inconsistent_stats: 0.

CodeHeap 'non-profiled nmethods': size=120000Kb used=35Kb max_used=35Kb free=119964Kb
 bounds [0x000001a971b30000, 0x000001a971da0000, 0x000001a979060000]
CodeHeap 'profiled nmethods': size=120000Kb used=123Kb max_used=123Kb free=119876Kb
 bounds [0x000001a96a060000, 0x000001a96a2d0000, 0x000001a971590000]
CodeHeap 'non-nmethods': size=5760Kb used=1324Kb max_used=1324Kb free=4435Kb
 bounds [0x000001a971590000, 0x000001a971800000, 0x000001a971b30000]
 total_blobs=504 nmethods=119 adapters=296
 compilation: enabled
              stopped_count=0, restarted_count=0
 full_count=0

Compilation events (20 events):
Event: 0.224 Thread 0x000001a97eb7b820  110       3       java.lang.invoke.MethodType$ConcurrentWeakInternSet::expungeStaleElements (27 bytes)
Event: 0.224 Thread 0x000001a97eb7b820 nmethod 110 0x000001a96a07a810 code [0x000001a96a07a9e0, 0x000001a96a07ad58]
Event: 0.224 Thread 0x000001a97eb7b820  108       3       java.lang.Math::max (11 bytes)
Event: 0.224 Thread 0x000001a97eb7b820 nmethod 108 0x000001a96a07af10 code [0x000001a96a07b0a0, 0x000001a96a07b1e0]
Event: 0.224 Thread 0x000001a97eb7b820  111   !   3       java.lang.ref.NativeReferenceQueue::poll (28 bytes)
Event: 0.225 Thread 0x000001a97eb7b820 nmethod 111 0x000001a96a07b290 code [0x000001a96a07b440, 0x000001a96a07b798]
Event: 0.226 Thread 0x000001a97eb7b820  113       3       java.lang.invoke.MethodType::<init> (15 bytes)
Event: 0.226 Thread 0x000001a97eb7b820 nmethod 113 0x000001a96a07b910 code [0x000001a96a07baa0, 0x000001a96a07bcc8]
Event: 0.226 Thread 0x000001a97eb7b820  112       3       java.lang.invoke.MethodType::makeImpl (109 bytes)
Event: 0.227 Thread 0x000001a97eb7b820 nmethod 112 0x000001a96a07bd90 code [0x000001a96a07c020, 0x000001a96a07cdb0]
Event: 0.227 Thread 0x000001a97eb7b820  115       3       jdk.internal.org.objectweb.asm.ClassReader::readUnsignedShort (26 bytes)
Event: 0.227 Thread 0x000001a97eb7b820 nmethod 115 0x000001a96a07d210 code [0x000001a96a07d3a0, 0x000001a96a07d510]
Event: 0.227 Thread 0x000001a97eb7b820  114       1       java.lang.invoke.MethodHandles$Lookup::lookupClass (5 bytes)
Event: 0.228 Thread 0x000001a97eb7b820 nmethod 114 0x000001a971b38a10 code [0x000001a971b38b80, 0x000001a971b38c48]
Event: 0.228 Thread 0x000001a97eb7b820  117       3       java.util.concurrent.ConcurrentHashMap::get (162 bytes)
Event: 0.228 Thread 0x000001a97eb7b820 nmethod 117 0x000001a96a07d610 code [0x000001a96a07d840, 0x000001a96a07e2f8]
Event: 0.228 Thread 0x000001a97eb7b820  118       3       java.lang.invoke.MethodType::parameterType (7 bytes)
Event: 0.228 Thread 0x000001a97eb7b820 nmethod 118 0x000001a96a07e610 code [0x000001a96a07e7a0, 0x000001a96a07e8d8]
Event: 0.232 Thread 0x000001a97eb7b820  119       3       java.lang.StringLatin1::newString (24 bytes)
Event: 0.232 Thread 0x000001a97eb7b820 nmethod 119 0x000001a96a07e990 code [0x000001a96a07eb40, 0x000001a96a07ee48]

GC Heap History (0 events):
No events

Dll operation events (4 events):
Event: 0.012 Loaded shared library C:\Users\FIGHTER\.p2\pool\plugins\org.eclipse.justj.openjdk.hotspot.jre.full.win32.x86_64_20.0.2.v20230801-2057\jre\bin\java.dll
Event: 0.021 Loaded shared library C:\Users\FIGHTER\.p2\pool\plugins\org.eclipse.justj.openjdk.hotspot.jre.full.win32.x86_64_20.0.2.v20230801-2057\jre\bin\zip.dll
Event: 0.193 Loaded shared library C:\Users\FIGHTER\.p2\pool\plugins\org.eclipse.justj.openjdk.hotspot.jre.full.win32.x86_64_20.0.2.v20230801-2057\jre\bin\net.dll
Event: 0.196 Loaded shared library C:\Users\FIGHTER\.p2\pool\plugins\org.eclipse.justj.openjdk.hotspot.jre.full.win32.x86_64_20.0.2.v20230801-2057\jre\bin\nio.dll

Deoptimization events (0 events):
No events

Classes loaded (20 events):
Event: 0.229 Loading class java/util/stream/ReduceOps done
Event: 0.229 Loading class java/util/stream/ReduceOps$3
Event: 0.229 Loading class java/util/stream/ReduceOps$ReduceOp
Event: 0.229 Loading class java/util/stream/ReduceOps$ReduceOp done
Event: 0.229 Loading class java/util/stream/ReduceOps$3 done
Event: 0.229 Loading class java/util/stream/ReduceOps$3ReducingSink
Event: 0.230 Loading class java/util/stream/ReduceOps$AccumulatingSink
Event: 0.230 Loading class java/util/stream/ReduceOps$AccumulatingSink done
Event: 0.230 Loading class java/util/stream/ReduceOps$Box
Event: 0.230 Loading class java/util/stream/ReduceOps$Box done
Event: 0.230 Loading class java/util/stream/ReduceOps$3ReducingSink done
Event: 0.230 Loading class java/util/stream/ReferencePipeline$2$1
Event: 0.230 Loading class java/util/stream/ReferencePipeline$2$1 done
Event: 0.230 Loading class sun/nio/fs/WindowsPath$WindowsPathWithAttributes
Event: 0.231 Loading class sun/nio/fs/BasicFileAttributesHolder
Event: 0.231 Loading class sun/nio/fs/BasicFileAttributesHolder done
Event: 0.231 Loading class sun/nio/fs/WindowsPath$WindowsPathWithAttributes done
Event: 0.232 Loading class java/util/StringJoiner
Event: 0.232 Loading class java/util/StringJoiner done
Event: 0.233 Loading class jdk/internal/module/Checks

Classes unloaded (0 events):
No events

Classes redefined (0 events):
No events

Internal exceptions (2 events):
Event: 0.217 Thread 0x000001a9666d9d90 Exception <a 'java/lang/NoSuchMethodError'{0x00000000916b0578}: 'void java.lang.invoke.DirectMethodHandle$Holder.invokeVirtual(java.lang.Object, java.lang.Object)'> (0x00000000916b0578) 
thrown [s\src\hotspot\share\interpreter\linkResolver.cpp, line 773]
Event: 0.220 Thread 0x000001a9666d9d90 Exception <a 'java/lang/NoSuchMethodError'{0x00000000916bc500}: 'java.lang.Object java.lang.invoke.DirectMethodHandle$Holder.invokeInterface(java.lang.Object, java.lang.Object, java.lang.Object)'> (0x00000000916bc500) 
thrown [s\src\hotspot\share\interpreter\linkResolver.cpp, line 773]

VM Operations (0 events):
No events

Events (10 events):
Event: 0.053 Thread 0x000001a9666d9d90 Thread added: 0x000001a9666d9d90
Event: 0.089 Thread 0x000001a97eb56230 Thread added: 0x000001a97eb56230
Event: 0.089 Thread 0x000001a97eb57310 Thread added: 0x000001a97eb57310
Event: 0.090 Thread 0x000001a97eb6b3e0 Thread added: 0x000001a97eb6b3e0
Event: 0.091 Thread 0x000001a97eb6bd20 Thread added: 0x000001a97eb6bd20
Event: 0.091 Thread 0x000001a97eb5f590 Thread added: 0x000001a97eb5f590
Event: 0.091 Thread 0x000001a97eb5d940 Thread added: 0x000001a97eb5d940
Event: 0.091 Thread 0x000001a97eb7a700 Thread added: 0x000001a97eb7a700
Event: 0.091 Thread 0x000001a97eb7b820 Thread added: 0x000001a97eb7b820
Event: 0.175 Thread 0x000001a97ea7cf60 Thread added: 0x000001a97ea7cf60


Dynamic libraries:
0x00007ff7853d0000 - 0x00007ff7853de000 	C:\Users\FIGHTER\.p2\pool\plugins\org.eclipse.justj.openjdk.hotspot.jre.full.win32.x86_64_20.0.2.v20230801-2057\jre\bin\javaw.exe
0x00007ff80e610000 - 0x00007ff80e827000 	C:\WINDOWS\SYSTEM32\ntdll.dll
0x00007ff80d9f0000 - 0x00007ff80dab4000 	C:\WINDOWS\System32\KERNEL32.DLL
0x00007ff80bd70000 - 0x00007ff80c115000 	C:\WINDOWS\System32\KERNELBASE.dll
0x00007ff80c240000 - 0x00007ff80c351000 	C:\WINDOWS\System32\ucrtbase.dll
0x00007ff806240000 - 0x00007ff80625b000 	C:\Users\FIGHTER\.p2\pool\plugins\org.eclipse.justj.openjdk.hotspot.jre.full.win32.x86_64_20.0.2.v20230801-2057\jre\bin\VCRUNTIME140.dll
0x00007ff8004e0000 - 0x00007ff8004f7000 	C:\Users\FIGHTER\.p2\pool\plugins\org.eclipse.justj.openjdk.hotspot.jre.full.win32.x86_64_20.0.2.v20230801-2057\jre\bin\jli.dll
0x00007ff80d840000 - 0x00007ff80d9ee000 	C:\WINDOWS\System32\USER32.dll
0x00007ff80bab0000 - 0x00007ff80bad6000 	C:\WINDOWS\System32\win32u.dll
0x00007ffff6680000 - 0x00007ffff6913000 	C:\WINDOWS\WinSxS\amd64_microsoft.windows.common-controls_6595b64144ccf1df_6.0.22621.2506_none_270c5ae97388e100\COMCTL32.dll
0x00007ff80d630000 - 0x00007ff80d659000 	C:\WINDOWS\System32\GDI32.dll
0x00007ff80cc70000 - 0x00007ff80cd17000 	C:\WINDOWS\System32\msvcrt.dll
0x00007ff80c120000 - 0x00007ff80c239000 	C:\WINDOWS\System32\gdi32full.dll
0x00007ff80bae0000 - 0x00007ff80bb7a000 	C:\WINDOWS\System32\msvcp_win.dll
0x00007ff80de30000 - 0x00007ff80de61000 	C:\WINDOWS\System32\IMM32.DLL
0x00007ff808c60000 - 0x00007ff808c6c000 	C:\Users\FIGHTER\.p2\pool\plugins\org.eclipse.justj.openjdk.hotspot.jre.full.win32.x86_64_20.0.2.v20230801-2057\jre\bin\vcruntime140_1.dll
0x00007ffff1220000 - 0x00007ffff12ad000 	C:\Users\FIGHTER\.p2\pool\plugins\org.eclipse.justj.openjdk.hotspot.jre.full.win32.x86_64_20.0.2.v20230801-2057\jre\bin\msvcp140.dll
0x00007fffda1f0000 - 0x00007fffdaeff000 	C:\Users\FIGHTER\.p2\pool\plugins\org.eclipse.justj.openjdk.hotspot.jre.full.win32.x86_64_20.0.2.v20230801-2057\jre\bin\server\jvm.dll
0x00007ff80d780000 - 0x00007ff80d831000 	C:\WINDOWS\System32\ADVAPI32.dll
0x00007ff80cbc0000 - 0x00007ff80cc66000 	C:\WINDOWS\System32\sechost.dll
0x00007ff80de70000 - 0x00007ff80df87000 	C:\WINDOWS\System32\RPCRT4.dll
0x00007ff802cf0000 - 0x00007ff802cfa000 	C:\WINDOWS\SYSTEM32\VERSION.dll
0x00007ff808bb0000 - 0x00007ff808bb9000 	C:\WINDOWS\SYSTEM32\WSOCK32.dll
0x00007ff804e50000 - 0x00007ff804e84000 	C:\WINDOWS\SYSTEM32\WINMM.dll
0x00007ff80d700000 - 0x00007ff80d771000 	C:\WINDOWS\System32\WS2_32.dll
0x00007ff80a8e0000 - 0x00007ff80a8f8000 	C:\WINDOWS\SYSTEM32\kernel.appcore.dll
0x00007ff806ef0000 - 0x00007ff806efa000 	C:\Users\FIGHTER\.p2\pool\plugins\org.eclipse.justj.openjdk.hotspot.jre.full.win32.x86_64_20.0.2.v20230801-2057\jre\bin\jimage.dll
0x00007ff802de0000 - 0x00007ff803013000 	C:\WINDOWS\SYSTEM32\DBGHELP.DLL
0x00007ff80d1a0000 - 0x00007ff80d529000 	C:\WINDOWS\System32\combase.dll
0x00007ff80df90000 - 0x00007ff80e067000 	C:\WINDOWS\System32\OLEAUT32.dll
0x00007ffff48f0000 - 0x00007ffff4922000 	C:\WINDOWS\SYSTEM32\dbgcore.DLL
0x00007ff80bb80000 - 0x00007ff80bbfa000 	C:\WINDOWS\System32\bcryptPrimitives.dll
0x00007ff808b70000 - 0x00007ff808b7e000 	C:\Users\FIGHTER\.p2\pool\plugins\org.eclipse.justj.openjdk.hotspot.jre.full.win32.x86_64_20.0.2.v20230801-2057\jre\bin\instrument.dll
0x00007ff8006c0000 - 0x00007ff8006e6000 	C:\Users\FIGHTER\.p2\pool\plugins\org.eclipse.justj.openjdk.hotspot.jre.full.win32.x86_64_20.0.2.v20230801-2057\jre\bin\java.dll
0x00007ff804ee0000 - 0x00007ff804ef8000 	C:\Users\FIGHTER\.p2\pool\plugins\org.eclipse.justj.openjdk.hotspot.jre.full.win32.x86_64_20.0.2.v20230801-2057\jre\bin\zip.dll
0x00007ff80c360000 - 0x00007ff80cbb9000 	C:\WINDOWS\System32\SHELL32.dll
0x00007ff809850000 - 0x00007ff80a144000 	C:\WINDOWS\SYSTEM32\windows.storage.dll
0x00007ff809710000 - 0x00007ff80984e000 	C:\WINDOWS\SYSTEM32\wintypes.dll
0x00007ff80dd20000 - 0x00007ff80de13000 	C:\WINDOWS\System32\SHCORE.dll
0x00007ff80cda0000 - 0x00007ff80cdfe000 	C:\WINDOWS\System32\shlwapi.dll
0x00007ff80b8b0000 - 0x00007ff80b8d6000 	C:\WINDOWS\SYSTEM32\profapi.dll
0x00007ff800580000 - 0x00007ff800593000 	C:\Users\FIGHTER\.p2\pool\plugins\org.eclipse.justj.openjdk.hotspot.jre.full.win32.x86_64_20.0.2.v20230801-2057\jre\bin\net.dll
0x00007ff805f50000 - 0x00007ff806087000 	C:\WINDOWS\SYSTEM32\WINHTTP.dll
0x00007ff80adb0000 - 0x00007ff80ae19000 	C:\WINDOWS\system32\mswsock.dll
0x00007ff8004c0000 - 0x00007ff8004d6000 	C:\Users\FIGHTER\.p2\pool\plugins\org.eclipse.justj.openjdk.hotspot.jre.full.win32.x86_64_20.0.2.v20230801-2057\jre\bin\nio.dll

dbghelp: loaded successfully - version: 4.0.5 - missing functions: none
symbol engine: initialized successfully - sym options: 0x614 - pdb path: .;C:\Users\FIGHTER\.p2\pool\plugins\org.eclipse.justj.openjdk.hotspot.jre.full.win32.x86_64_20.0.2.v20230801-2057\jre\bin;C:\WINDOWS\SYSTEM32;C:\WINDOWS\WinSxS\amd64_microsoft.windows.common-controls_6595b64144ccf1df_6.0.22621.2506_none_270c5ae97388e100;C:\Users\FIGHTER\.p2\pool\plugins\org.eclipse.justj.openjdk.hotspot.jre.full.win32.x86_64_20.0.2.v20230801-2057\jre\bin\server

VM Arguments:
jvm_args: -javaagent:C:\Users\FIGHTER\eclipse\java-2023-06\eclipse\configuration\org.eclipse.osgi\471\0\.cp\jacocoagent.jar=includes=*,excludes=,exclclassloader=sun.reflect.DelegatingClassLoader,output=tcpclient,port=59853 -Dfile.encoding=UTF-8 --module-path=C:\Users\FIGHTER\eclipse-workspace\prj\bin;C:\Users\FIGHTER\Documents\mysql-connector-j-8.2.0\mysql-connector-j-8.2.0\mysql-connector-j-8.2.0.jar -XX:+ShowCodeDetailsInExceptionMessages -Djdk.module.main=prj 
java_command: prj/prj.Main
java_class_path (initial): <not set>
Launcher Type: SUN_STANDARD

[Global flags]
     intx CICompilerCount                          = 4                                         {product} {ergonomic}
     uint ConcGCThreads                            = 3                                         {product} {ergonomic}
     uint G1ConcRefinementThreads                  = 10                                        {product} {ergonomic}
   size_t G1HeapRegionSize                         = 1048576                                   {product} {ergonomic}
    uintx GCDrainStackTargetSize                   = 64                                        {product} {ergonomic}
   size_t InitialHeapSize                          = 123731968                                 {product} {ergonomic}
   size_t MarkStackSize                            = 4194304                                   {product} {ergonomic}
   size_t MaxHeapSize                              = 1977614336                                {product} {ergonomic}
   size_t MaxNewSize                               = 1185939456                                {product} {ergonomic}
   size_t MinHeapDeltaBytes                        = 1048576                                   {product} {ergonomic}
   size_t MinHeapSize                              = 8388608                                   {product} {ergonomic}
    uintx NonNMethodCodeHeapSize                   = 5839372                                {pd product} {ergonomic}
    uintx NonProfiledCodeHeapSize                  = 122909434                              {pd product} {ergonomic}
    uintx ProfiledCodeHeapSize                     = 122909434                              {pd product} {ergonomic}
    uintx ReservedCodeCacheSize                    = 251658240                              {pd product} {ergonomic}
     bool SegmentedCodeCache                       = true                                      {product} {ergonomic}
     bool ShowCodeDetailsInExceptionMessages       = true                                   {manageable} {command line}
   size_t SoftMaxHeapSize                          = 1977614336                             {manageable} {ergonomic}
     bool UseCompressedClassPointers               = true                           {product lp64_product} {ergonomic}
     bool UseCompressedOops                        = true                           {product lp64_product} {ergonomic}
     bool UseG1GC                                  = true                                      {product} {ergonomic}
     bool UseLargePagesIndividualAllocation        = false                                  {pd product} {ergonomic}

Logging:
Log output configuration:
 #0: stdout all=warning uptime,level,tags foldmultilines=false
 #1: stderr all=off uptime,level,tags foldmultilines=false

Environment Variables:
PATH=C:/Users/FIGHTER/.p2/pool/plugins/org.eclipse.justj.openjdk.hotspot.jre.full.win32.x86_64_20.0.2.v20230801-2057/jre/bin/server;C:/Users/FIGHTER/.p2/pool/plugins/org.eclipse.justj.openjdk.hotspot.jre.full.win32.x86_64_20.0.2.v20230801-2057/jre/bin;C:\app\FIGHTER\product\21c\dbhomeXE\bin;C:\Program Files\Common Files\Oracle\Java\javapath;C:\WINDOWS\system32;C:\WINDOWS;C:\WINDOWS\System32\Wbem;C:\WINDOWS\System32\WindowsPowerShell\v1.0\;C:\WINDOWS\System32\OpenSSH\;C:\MinGW\bin;C:\Users\FIGHTER\AppData\Local\Microsoft\WindowsApps;C:\Program Files\CodeBlocks\MinGW\bin;;C:\Users\FIGHTER\AppData\Local\Programs\Microsoft VS Code\bin;C:\Users\FIGHTER\Desktop;
USERNAME=FIGHTER
OS=Windows_NT
PROCESSOR_IDENTIFIER=AMD64 Family 23 Model 104 Stepping 1, AuthenticAMD
TMP=C:\Users\FIGHTER\AppData\Local\Temp
TEMP=C:\Users\FIGHTER\AppData\Local\Temp




---------------  S Y S T E M  ---------------

OS:
 Windows 11 , 64 bit Build 22621 (10.0.22621.2506)
OS uptime: 24 days 9:06 hours
Hyper-V role detected

CPU: total 12 (initial active 12) (12 cores per cpu, 2 threads per core) family 23 model 104 stepping 1 microcode 0x0, cx8, cmov, fxsr, ht, mmx, 3dnowpref, sse, sse2, sse3, ssse3, sse4a, sse4.1, sse4.2, popcnt, lzcnt, tsc, tscinvbit, avx, avx2, aes, clmul, bmi1, bmi2, adx, sha, fma, vzeroupper, clflush, clflushopt, hv, rdtscp, rdpid, f16c

Memory: 4k page, system-wide physical 7541M (1303M free)
TotalPageFile size 9589M (AvailPageFile size 3M)
current process WorkingSet (physical memory assigned to process): 34M, peak: 34M
current process commit charge ("private bytes"): 196M, peak: 196M

vm_info: OpenJDK 64-Bit Server VM (20.0.2+9) for windows-amd64 JRE (20.0.2+9), built on 2023-07-18T00:00:00Z by "admin" with MS VC++ 16.10 / 16.11 (VS2019)

END.
