#
# There is insufficient memory for the Java Runtime Environment to continue.
# Native memory allocation (mmap) failed to map 65536 bytes for Failed to commit metaspace.
# Possible reasons:
#   The system is out of physical RAM or swap space
#   The process is running with CompressedOops enabled, and the Java Heap may be blocking the growth of the native heap
# Possible solutions:
#   Reduce memory load on the system
#   Increase physical memory or swap space
#   Check if swap backing store is full
#   Decrease Java heap size (-Xmx/-Xms)
#   Decrease number of Java threads
#   Decrease Java thread stack sizes (-Xss)
#   Set larger code cache with -XX:ReservedCodeCacheSize=
#   JVM is running with Unscaled Compressed Oops mode in which the Java heap is
#     placed in the first 4GB address space. The Java Heap base address is the
#     maximum limit for the native heap growth. Please use -XX:HeapBaseMinAddress
#     to set the Java Heap base and to place the Java Heap above 4GB virtual address.
# This output file may be truncated or incomplete.
#
#  Out of Memory Error (virtualSpaceNode.cpp:110), pid=15312, tid=2160
#
# JRE version: OpenJDK Runtime Environment Temurin-20.0.2+9 (20.0.2+9) (build 20.0.2+9)
# Java VM: OpenJDK 64-Bit Server VM Temurin-20.0.2+9 (20.0.2+9, mixed mode, tiered, compressed oops, compressed class ptrs, g1 gc, windows-amd64)
# No core dump will be written. Minidumps are not enabled by default on client versions of Windows
#

---------------  S U M M A R Y ------------

Command Line: -javaagent:C:\Users\FIGHTER\eclipse\java-2023-06\eclipse\configuration\org.eclipse.osgi\471\0\.cp\jacocoagent.jar=includes=*,excludes=,exclclassloader=sun.reflect.DelegatingClassLoader,output=tcpclient,port=60014 -Dfile.encoding=UTF-8 --module-path=C:\Users\FIGHTER\eclipse-workspace\prj\bin;C:\Users\FIGHTER\Documents\mysql-connector-j-8.2.0\mysql-connector-j-8.2.0\mysql-connector-j-8.2.0.jar -XX:+ShowCodeDetailsInExceptionMessages -Djdk.module.main=prj prj/prj.Main

Host: AMD Ryzen 5 5500U with Radeon Graphics         , 12 cores, 7G,  Windows 11 , 64 bit Build 22621 (10.0.22621.2506)
Time: Wed Jan 10 07:46:28 2024 Bangladesh Standard Time elapsed time: 1.696064 seconds (0d 0h 0m 1s)

---------------  T H R E A D  ---------------

Current thread (0x000001e94358cb50):  JavaThread "AWT-EventQueue-0" [_thread_in_vm, id=2160, stack(0x00000051ad600000,0x00000051ad700000)]

Stack: [0x00000051ad600000,0x00000051ad700000]
Native frames: (J=compiled Java code, j=interpreted, Vv=VM code, C=native code)
V  [jvm.dll+0x6c4a1a]
V  [jvm.dll+0x8a341c]
V  [jvm.dll+0x8a5025]
V  [jvm.dll+0x8a5723]
V  [jvm.dll+0x284aff]
V  [jvm.dll+0x89f28b]
V  [jvm.dll+0x667616]
V  [jvm.dll+0x66767a]
V  [jvm.dll+0x669f4e]
V  [jvm.dll+0x669e0e]
V  [jvm.dll+0x66800e]
V  [jvm.dll+0x271166]
V  [jvm.dll+0x21f68b]
V  [jvm.dll+0x214d50]
V  [jvm.dll+0x5a34db]
V  [jvm.dll+0x226227]
V  [jvm.dll+0x81cdf4]
V  [jvm.dll+0x81defa]
V  [jvm.dll+0x81e4bf]
V  [jvm.dll+0x81e168]
V  [jvm.dll+0x273946]
V  [jvm.dll+0x3deafe]
C  0x000001e931e6f7d6

Java frames: (J=compiled Java code, j=interpreted, Vv=VM code)
j  java.awt.image.Raster.createPackedRaster(Ljava/awt/image/DataBuffer;III[ILjava/awt/Point;)Ljava/awt/image/WritableRaster;+137 java.desktop@20.0.2
j  java.awt.image.Raster.createPackedRaster(III[ILjava/awt/Point;)Ljava/awt/image/WritableRaster;+99 java.desktop@20.0.2
j  java.awt.image.DirectColorModel.createCompatibleWritableRaster(II)Ljava/awt/image/WritableRaster;+83 java.desktop@20.0.2
j  java.awt.GraphicsConfiguration.createCompatibleImage(II)Ljava/awt/image/BufferedImage;+8 java.desktop@20.0.2
j  java.awt.GraphicsConfiguration.createCompatibleImage(III)Ljava/awt/image/BufferedImage;+14 java.desktop@20.0.2
j  sun.awt.image.SunVolatileImage.getBackupImage(DD)Ljava/awt/image/BufferedImage;+36 java.desktop@20.0.2
j  sun.awt.image.VolatileSurfaceManager.getBackupSurface()Lsun/java2d/SurfaceData;+38 java.desktop@20.0.2
j  sun.awt.image.VolatileSurfaceManager.validate(Ljava/awt/GraphicsConfiguration;)I+127 java.desktop@20.0.2
j  sun.awt.image.SunVolatileImage.validate(Ljava/awt/GraphicsConfiguration;)I+5 java.desktop@20.0.2
j  javax.swing.RepaintManager$PaintManager.paint(Ljavax/swing/JComponent;Ljavax/swing/JComponent;Ljava/awt/Graphics;IIII)Z+78 java.desktop@20.0.2
j  javax.swing.RepaintManager.paint(Ljavax/swing/JComponent;Ljavax/swing/JComponent;Ljava/awt/Graphics;IIII)V+52 java.desktop@20.0.2
j  javax.swing.JComponent.paint(Ljava/awt/Graphics;)V+221 java.desktop@20.0.2
j  java.awt.GraphicsCallback$PaintCallback.run(Ljava/awt/Component;Ljava/awt/Graphics;)V+2 java.desktop@20.0.2
j  sun.awt.SunGraphicsCallback.runOneComponent(Ljava/awt/Component;Ljava/awt/Rectangle;Ljava/awt/Graphics;Ljava/awt/Shape;I)V+130 java.desktop@20.0.2
j  sun.awt.SunGraphicsCallback.runComponents([Ljava/awt/Component;Ljava/awt/Graphics;I)V+157 java.desktop@20.0.2
j  java.awt.Container.paint(Ljava/awt/Graphics;)V+58 java.desktop@20.0.2
j  java.awt.Window.paint(Ljava/awt/Graphics;)V+68 java.desktop@20.0.2
j  javax.swing.RepaintManager$4.run()Ljava/lang/Void;+142 java.desktop@20.0.2
j  javax.swing.RepaintManager$4.run()Ljava/lang/Object;+1 java.desktop@20.0.2
j  java.security.AccessController.executePrivileged(Ljava/security/PrivilegedAction;Ljava/security/AccessControlContext;Ljava/lang/Class;)Ljava/lang/Object;+29 java.base@20.0.2
j  java.security.AccessController.doPrivileged(Ljava/security/PrivilegedAction;Ljava/security/AccessControlContext;)Ljava/lang/Object;+13 java.base@20.0.2
j  java.security.ProtectionDomain$JavaSecurityAccessImpl.doIntersectionPrivilege(Ljava/security/PrivilegedAction;Ljava/security/AccessControlContext;Ljava/security/AccessControlContext;)Ljava/lang/Object;+18 java.base@20.0.2
j  javax.swing.RepaintManager.paintDirtyRegions(Ljava/util/Map;)V+154 java.desktop@20.0.2
j  javax.swing.RepaintManager.paintDirtyRegions()V+46 java.desktop@20.0.2
j  javax.swing.RepaintManager.prePaintDirtyRegions()V+73 java.desktop@20.0.2
j  javax.swing.RepaintManager$ProcessingRunnable.run()V+37 java.desktop@20.0.2
j  java.awt.event.InvocationEvent.dispatch()V+47 java.desktop@20.0.2
j  java.awt.EventQueue.dispatchEventImpl(Ljava/awt/AWTEvent;Ljava/lang/Object;)V+21 java.desktop@20.0.2
j  java.awt.EventQueue$4.run()Ljava/lang/Void;+32 java.desktop@20.0.2
j  java.awt.EventQueue$4.run()Ljava/lang/Object;+1 java.desktop@20.0.2
j  java.security.AccessController.executePrivileged(Ljava/security/PrivilegedAction;Ljava/security/AccessControlContext;Ljava/lang/Class;)Ljava/lang/Object;+29 java.base@20.0.2
j  java.security.AccessController.doPrivileged(Ljava/security/PrivilegedAction;Ljava/security/AccessControlContext;)Ljava/lang/Object;+13 java.base@20.0.2
j  java.security.ProtectionDomain$JavaSecurityAccessImpl.doIntersectionPrivilege(Ljava/security/PrivilegedAction;Ljava/security/AccessControlContext;Ljava/security/AccessControlContext;)Ljava/lang/Object;+18 java.base@20.0.2
j  java.awt.EventQueue.dispatchEvent(Ljava/awt/AWTEvent;)V+46 java.desktop@20.0.2
j  java.awt.EventDispatchThread.pumpOneEventForFilters(I)V+81 java.desktop@20.0.2
j  java.awt.EventDispatchThread.pumpEventsForFilter(ILjava/awt/Conditional;Ljava/awt/EventFilter;)V+35 java.desktop@20.0.2
j  java.awt.EventDispatchThread.pumpEventsForHierarchy(ILjava/awt/Conditional;Ljava/awt/Component;)V+11 java.desktop@20.0.2
j  java.awt.EventDispatchThread.pumpEvents(ILjava/awt/Conditional;)V+4 java.desktop@20.0.2
j  java.awt.EventDispatchThread.pumpEvents(Ljava/awt/Conditional;)V+3 java.desktop@20.0.2
j  java.awt.EventDispatchThread.run()V+9 java.desktop@20.0.2
v  ~StubRoutines::call_stub 0x000001e931e4100d

---------------  P R O C E S S  ---------------

Threads class SMR info:
_java_thread_list=0x000001e943676bd0, length=17, elements={
0x000001e9434666c0, 0x000001e943468b60, 0x000001e943488e90, 0x000001e943489be0,
0x000001e943486960, 0x000001e943487a40, 0x000001e9434ba5d0, 0x000001e9434bcb70,
0x000001e94358f080, 0x000001e94358e5e0, 0x000001e94358c0b0, 0x000001e94358db40,
0x000001e94358eb30, 0x000001e94358bb60, 0x000001e94358cb50, 0x000001e94358d0a0,
0x000001e94358d5f0
}

Java Threads: ( => current thread )
  0x000001e9434666c0 JavaThread "Reference Handler" daemon [_thread_blocked, id=13764, stack(0x00000051acd00000,0x00000051ace00000)]
  0x000001e943468b60 JavaThread "Finalizer" daemon [_thread_blocked, id=8124, stack(0x00000051ace00000,0x00000051acf00000)]
  0x000001e943488e90 JavaThread "Signal Dispatcher" daemon [_thread_blocked, id=13700, stack(0x00000051acf00000,0x00000051ad000000)]
  0x000001e943489be0 JavaThread "Attach Listener" daemon [_thread_blocked, id=13464, stack(0x00000051ad000000,0x00000051ad100000)]
  0x000001e943486960 JavaThread "Service Thread" daemon [_thread_blocked, id=15948, stack(0x00000051ad100000,0x00000051ad200000)]
  0x000001e943487a40 JavaThread "Monitor Deflation Thread" daemon [_thread_blocked, id=18088, stack(0x00000051ad200000,0x00000051ad300000)]
  0x000001e9434ba5d0 JavaThread "C2 CompilerThread0" daemon [_thread_blocked, id=4460, stack(0x00000051ad300000,0x00000051ad400000)]
  0x000001e9434bcb70 JavaThread "C1 CompilerThread0" daemon [_thread_blocked, id=1772, stack(0x00000051ad400000,0x00000051ad500000)]
  0x000001e94358f080 JavaThread "Common-Cleaner" daemon [_thread_blocked, id=4036, stack(0x00000051ad500000,0x00000051ad600000)]
  0x000001e94358e5e0 JavaThread "org.jacoco.agent.rt.internal_4a7f17c.output.TcpClientOutput" daemon [_thread_in_native, id=8664, stack(0x00000051ad700000,0x00000051ad800000)]
  0x000001e94358c0b0 JavaThread "Notification Thread" daemon [_thread_blocked, id=11564, stack(0x00000051ad800000,0x00000051ad900000)]
  0x000001e94358db40 JavaThread "Java2D Disposer" daemon [_thread_blocked, id=17588, stack(0x00000051ada00000,0x00000051adb00000)]
  0x000001e94358eb30 JavaThread "AWT-Shutdown" [_thread_blocked, id=980, stack(0x00000051adb00000,0x00000051adc00000)]
  0x000001e94358bb60 JavaThread "AWT-Windows" daemon [_thread_in_native, id=9444, stack(0x00000051adc00000,0x00000051add00000)]
=>0x000001e94358cb50 JavaThread "AWT-EventQueue-0" [_thread_in_vm, id=2160, stack(0x00000051ad600000,0x00000051ad700000)]
  0x000001e94358d0a0 JavaThread "DestroyJavaVM" [_thread_blocked, id=7344, stack(0x00000051ac600000,0x00000051ac700000)]
  0x000001e94358d5f0 JavaThread "D3D Screen Updater" daemon [_thread_blocked, id=8840, stack(0x00000051ae800000,0x00000051ae900000)]

Other Threads:
  0x000001e943412010 VMThread "VM Thread" [stack: 0x00000051acc00000,0x00000051acd00000] [id=2888]
  0x000001e926f924d0 WatcherThread "VM Periodic Task Thread" [stack: 0x00000051ad900000,0x00000051ada00000] [id=9496]
  0x000001e926fea890 WorkerThread "GC Thread#0" [stack: 0x00000051ac700000,0x00000051ac800000] [id=11076]
  0x000001e924e7e880 ConcurrentGCThread "G1 Main Marker" [stack: 0x00000051ac800000,0x00000051ac900000] [id=6036]
  0x000001e927012be0 WorkerThread "G1 Conc#0" [stack: 0x00000051ac900000,0x00000051aca00000] [id=3624]
  0x000001e93f1fc7f0 ConcurrentGCThread "G1 Refine#0" [stack: 0x00000051aca00000,0x00000051acb00000] [id=2712]
  0x000001e93f1fd0a0 ConcurrentGCThread "G1 Service" [stack: 0x00000051acb00000,0x00000051acc00000] [id=8480]

Threads with active compile tasks:

VM state: not at safepoint (normal execution)

VM Mutex/Monitor currently owned by a thread:  ([mutex/lock_event])
[0x000001e924e78d90] Metaspace_lock - owner thread: 0x000001e94358cb50

Heap address: 0x000000008a200000, size: 1886 MB, Compressed Oops mode: 32-bit

CDS archive(s) not mapped
Compressed class space mapped at: 0x0000000100000000-0x0000000140000000, reserved size: 1073741824
Narrow klass base: 0x0000000000000000, Narrow klass shift: 3, Narrow klass range: 0x140000000

GC Precious Log:
 CardTable entry size: 512
 Card Set container configuration: InlinePtr #cards 5 size 8 Array Of Cards #cards 12 size 40 Howl #buckets 4 coarsen threshold 1843 Howl Bitmap #cards 512 size 80 coarsen threshold 460 Card regions per heap region 1 cards per card region 2048
 CPUs: 12 total, 12 available
 Memory: 7541M
 Large Page Support: Disabled
 NUMA Support: Disabled
 Compressed Oops: Enabled (32-bit)
 Heap Region Size: 1M
 Heap Min Capacity: 8M
 Heap Initial Capacity: 118M
 Heap Max Capacity: 1886M
 Pre-touch: Disabled
 Parallel Workers: 10
 Concurrent Workers: 3
 Concurrent Refinement Workers: 10
 Periodic GC: Disabled

Heap:
 garbage-first heap   total 120832K, used 17408K [0x000000008a200000, 0x0000000100000000)
  region size 1024K, 17 young (17408K), 0 survivors (0K)
 Metaspace       used 17479K, committed 17728K, reserved 1114112K
  class space    used 1797K, committed 1920K, reserved 1048576K

Heap Regions: E=young(eden), S=young(survivor), O=old, HS=humongous(starts), HC=humongous(continues), CS=collection set, F=free, OA=open archive, CA=closed archive, TAMS=top-at-mark-start, PB=parsable bottom
|   0|0x000000008a200000, 0x000000008a300000, 0x000000008a300000|100%|HS|  |TAMS 0x000000008a200000| PB 0x000000008a200000| Complete 
|   1|0x000000008a300000, 0x000000008a400000, 0x000000008a400000|100%|HC|  |TAMS 0x000000008a300000| PB 0x000000008a300000| Complete 
|   2|0x000000008a400000, 0x000000008a400000, 0x000000008a500000|  0%| F|  |TAMS 0x000000008a400000| PB 0x000000008a400000| Untracked 
|   3|0x000000008a500000, 0x000000008a500000, 0x000000008a600000|  0%| F|  |TAMS 0x000000008a500000| PB 0x000000008a500000| Untracked 
|   4|0x000000008a600000, 0x000000008a600000, 0x000000008a700000|  0%| F|  |TAMS 0x000000008a600000| PB 0x000000008a600000| Untracked 
|   5|0x000000008a700000, 0x000000008a700000, 0x000000008a800000|  0%| F|  |TAMS 0x000000008a700000| PB 0x000000008a700000| Untracked 
|   6|0x000000008a800000, 0x000000008a800000, 0x000000008a900000|  0%| F|  |TAMS 0x000000008a800000| PB 0x000000008a800000| Untracked 
|   7|0x000000008a900000, 0x000000008a900000, 0x000000008aa00000|  0%| F|  |TAMS 0x000000008a900000| PB 0x000000008a900000| Untracked 
|   8|0x000000008aa00000, 0x000000008aa00000, 0x000000008ab00000|  0%| F|  |TAMS 0x000000008aa00000| PB 0x000000008aa00000| Untracked 
|   9|0x000000008ab00000, 0x000000008ab00000, 0x000000008ac00000|  0%| F|  |TAMS 0x000000008ab00000| PB 0x000000008ab00000| Untracked 
|  10|0x000000008ac00000, 0x000000008ac00000, 0x000000008ad00000|  0%| F|  |TAMS 0x000000008ac00000| PB 0x000000008ac00000| Untracked 
|  11|0x000000008ad00000, 0x000000008ad00000, 0x000000008ae00000|  0%| F|  |TAMS 0x000000008ad00000| PB 0x000000008ad00000| Untracked 
|  12|0x000000008ae00000, 0x000000008ae00000, 0x000000008af00000|  0%| F|  |TAMS 0x000000008ae00000| PB 0x000000008ae00000| Untracked 
|  13|0x000000008af00000, 0x000000008af00000, 0x000000008b000000|  0%| F|  |TAMS 0x000000008af00000| PB 0x000000008af00000| Untracked 
|  14|0x000000008b000000, 0x000000008b000000, 0x000000008b100000|  0%| F|  |TAMS 0x000000008b000000| PB 0x000000008b000000| Untracked 
|  15|0x000000008b100000, 0x000000008b100000, 0x000000008b200000|  0%| F|  |TAMS 0x000000008b100000| PB 0x000000008b100000| Untracked 
|  16|0x000000008b200000, 0x000000008b200000, 0x000000008b300000|  0%| F|  |TAMS 0x000000008b200000| PB 0x000000008b200000| Untracked 
|  17|0x000000008b300000, 0x000000008b300000, 0x000000008b400000|  0%| F|  |TAMS 0x000000008b300000| PB 0x000000008b300000| Untracked 
|  18|0x000000008b400000, 0x000000008b400000, 0x000000008b500000|  0%| F|  |TAMS 0x000000008b400000| PB 0x000000008b400000| Untracked 
|  19|0x000000008b500000, 0x000000008b500000, 0x000000008b600000|  0%| F|  |TAMS 0x000000008b500000| PB 0x000000008b500000| Untracked 
|  20|0x000000008b600000, 0x000000008b600000, 0x000000008b700000|  0%| F|  |TAMS 0x000000008b600000| PB 0x000000008b600000| Untracked 
|  21|0x000000008b700000, 0x000000008b700000, 0x000000008b800000|  0%| F|  |TAMS 0x000000008b700000| PB 0x000000008b700000| Untracked 
|  22|0x000000008b800000, 0x000000008b800000, 0x000000008b900000|  0%| F|  |TAMS 0x000000008b800000| PB 0x000000008b800000| Untracked 
|  23|0x000000008b900000, 0x000000008b900000, 0x000000008ba00000|  0%| F|  |TAMS 0x000000008b900000| PB 0x000000008b900000| Untracked 
|  24|0x000000008ba00000, 0x000000008ba00000, 0x000000008bb00000|  0%| F|  |TAMS 0x000000008ba00000| PB 0x000000008ba00000| Untracked 
|  25|0x000000008bb00000, 0x000000008bb00000, 0x000000008bc00000|  0%| F|  |TAMS 0x000000008bb00000| PB 0x000000008bb00000| Untracked 
|  26|0x000000008bc00000, 0x000000008bc00000, 0x000000008bd00000|  0%| F|  |TAMS 0x000000008bc00000| PB 0x000000008bc00000| Untracked 
|  27|0x000000008bd00000, 0x000000008bd00000, 0x000000008be00000|  0%| F|  |TAMS 0x000000008bd00000| PB 0x000000008bd00000| Untracked 
|  28|0x000000008be00000, 0x000000008be00000, 0x000000008bf00000|  0%| F|  |TAMS 0x000000008be00000| PB 0x000000008be00000| Untracked 
|  29|0x000000008bf00000, 0x000000008bf00000, 0x000000008c000000|  0%| F|  |TAMS 0x000000008bf00000| PB 0x000000008bf00000| Untracked 
|  30|0x000000008c000000, 0x000000008c000000, 0x000000008c100000|  0%| F|  |TAMS 0x000000008c000000| PB 0x000000008c000000| Untracked 
|  31|0x000000008c100000, 0x000000008c100000, 0x000000008c200000|  0%| F|  |TAMS 0x000000008c100000| PB 0x000000008c100000| Untracked 
|  32|0x000000008c200000, 0x000000008c200000, 0x000000008c300000|  0%| F|  |TAMS 0x000000008c200000| PB 0x000000008c200000| Untracked 
|  33|0x000000008c300000, 0x000000008c300000, 0x000000008c400000|  0%| F|  |TAMS 0x000000008c300000| PB 0x000000008c300000| Untracked 
|  34|0x000000008c400000, 0x000000008c400000, 0x000000008c500000|  0%| F|  |TAMS 0x000000008c400000| PB 0x000000008c400000| Untracked 
|  35|0x000000008c500000, 0x000000008c500000, 0x000000008c600000|  0%| F|  |TAMS 0x000000008c500000| PB 0x000000008c500000| Untracked 
|  36|0x000000008c600000, 0x000000008c600000, 0x000000008c700000|  0%| F|  |TAMS 0x000000008c600000| PB 0x000000008c600000| Untracked 
|  37|0x000000008c700000, 0x000000008c700000, 0x000000008c800000|  0%| F|  |TAMS 0x000000008c700000| PB 0x000000008c700000| Untracked 
|  38|0x000000008c800000, 0x000000008c800000, 0x000000008c900000|  0%| F|  |TAMS 0x000000008c800000| PB 0x000000008c800000| Untracked 
|  39|0x000000008c900000, 0x000000008c900000, 0x000000008ca00000|  0%| F|  |TAMS 0x000000008c900000| PB 0x000000008c900000| Untracked 
|  40|0x000000008ca00000, 0x000000008ca00000, 0x000000008cb00000|  0%| F|  |TAMS 0x000000008ca00000| PB 0x000000008ca00000| Untracked 
|  41|0x000000008cb00000, 0x000000008cb00000, 0x000000008cc00000|  0%| F|  |TAMS 0x000000008cb00000| PB 0x000000008cb00000| Untracked 
|  42|0x000000008cc00000, 0x000000008cc00000, 0x000000008cd00000|  0%| F|  |TAMS 0x000000008cc00000| PB 0x000000008cc00000| Untracked 
|  43|0x000000008cd00000, 0x000000008cd00000, 0x000000008ce00000|  0%| F|  |TAMS 0x000000008cd00000| PB 0x000000008cd00000| Untracked 
|  44|0x000000008ce00000, 0x000000008ce00000, 0x000000008cf00000|  0%| F|  |TAMS 0x000000008ce00000| PB 0x000000008ce00000| Untracked 
|  45|0x000000008cf00000, 0x000000008cf00000, 0x000000008d000000|  0%| F|  |TAMS 0x000000008cf00000| PB 0x000000008cf00000| Untracked 
|  46|0x000000008d000000, 0x000000008d000000, 0x000000008d100000|  0%| F|  |TAMS 0x000000008d000000| PB 0x000000008d000000| Untracked 
|  47|0x000000008d100000, 0x000000008d100000, 0x000000008d200000|  0%| F|  |TAMS 0x000000008d100000| PB 0x000000008d100000| Untracked 
|  48|0x000000008d200000, 0x000000008d200000, 0x000000008d300000|  0%| F|  |TAMS 0x000000008d200000| PB 0x000000008d200000| Untracked 
|  49|0x000000008d300000, 0x000000008d300000, 0x000000008d400000|  0%| F|  |TAMS 0x000000008d300000| PB 0x000000008d300000| Untracked 
|  50|0x000000008d400000, 0x000000008d400000, 0x000000008d500000|  0%| F|  |TAMS 0x000000008d400000| PB 0x000000008d400000| Untracked 
|  51|0x000000008d500000, 0x000000008d500000, 0x000000008d600000|  0%| F|  |TAMS 0x000000008d500000| PB 0x000000008d500000| Untracked 
|  52|0x000000008d600000, 0x000000008d600000, 0x000000008d700000|  0%| F|  |TAMS 0x000000008d600000| PB 0x000000008d600000| Untracked 
|  53|0x000000008d700000, 0x000000008d700000, 0x000000008d800000|  0%| F|  |TAMS 0x000000008d700000| PB 0x000000008d700000| Untracked 
|  54|0x000000008d800000, 0x000000008d800000, 0x000000008d900000|  0%| F|  |TAMS 0x000000008d800000| PB 0x000000008d800000| Untracked 
|  55|0x000000008d900000, 0x000000008d900000, 0x000000008da00000|  0%| F|  |TAMS 0x000000008d900000| PB 0x000000008d900000| Untracked 
|  56|0x000000008da00000, 0x000000008da00000, 0x000000008db00000|  0%| F|  |TAMS 0x000000008da00000| PB 0x000000008da00000| Untracked 
|  57|0x000000008db00000, 0x000000008db00000, 0x000000008dc00000|  0%| F|  |TAMS 0x000000008db00000| PB 0x000000008db00000| Untracked 
|  58|0x000000008dc00000, 0x000000008dc00000, 0x000000008dd00000|  0%| F|  |TAMS 0x000000008dc00000| PB 0x000000008dc00000| Untracked 
|  59|0x000000008dd00000, 0x000000008dd00000, 0x000000008de00000|  0%| F|  |TAMS 0x000000008dd00000| PB 0x000000008dd00000| Untracked 
|  60|0x000000008de00000, 0x000000008de00000, 0x000000008df00000|  0%| F|  |TAMS 0x000000008de00000| PB 0x000000008de00000| Untracked 
|  61|0x000000008df00000, 0x000000008df00000, 0x000000008e000000|  0%| F|  |TAMS 0x000000008df00000| PB 0x000000008df00000| Untracked 
|  62|0x000000008e000000, 0x000000008e000000, 0x000000008e100000|  0%| F|  |TAMS 0x000000008e000000| PB 0x000000008e000000| Untracked 
|  63|0x000000008e100000, 0x000000008e100000, 0x000000008e200000|  0%| F|  |TAMS 0x000000008e100000| PB 0x000000008e100000| Untracked 
|  64|0x000000008e200000, 0x000000008e200000, 0x000000008e300000|  0%| F|  |TAMS 0x000000008e200000| PB 0x000000008e200000| Untracked 
|  65|0x000000008e300000, 0x000000008e300000, 0x000000008e400000|  0%| F|  |TAMS 0x000000008e300000| PB 0x000000008e300000| Untracked 
|  66|0x000000008e400000, 0x000000008e400000, 0x000000008e500000|  0%| F|  |TAMS 0x000000008e400000| PB 0x000000008e400000| Untracked 
|  67|0x000000008e500000, 0x000000008e500000, 0x000000008e600000|  0%| F|  |TAMS 0x000000008e500000| PB 0x000000008e500000| Untracked 
|  68|0x000000008e600000, 0x000000008e600000, 0x000000008e700000|  0%| F|  |TAMS 0x000000008e600000| PB 0x000000008e600000| Untracked 
|  69|0x000000008e700000, 0x000000008e700000, 0x000000008e800000|  0%| F|  |TAMS 0x000000008e700000| PB 0x000000008e700000| Untracked 
|  70|0x000000008e800000, 0x000000008e800000, 0x000000008e900000|  0%| F|  |TAMS 0x000000008e800000| PB 0x000000008e800000| Untracked 
|  71|0x000000008e900000, 0x000000008e900000, 0x000000008ea00000|  0%| F|  |TAMS 0x000000008e900000| PB 0x000000008e900000| Untracked 
|  72|0x000000008ea00000, 0x000000008ea00000, 0x000000008eb00000|  0%| F|  |TAMS 0x000000008ea00000| PB 0x000000008ea00000| Untracked 
|  73|0x000000008eb00000, 0x000000008eb00000, 0x000000008ec00000|  0%| F|  |TAMS 0x000000008eb00000| PB 0x000000008eb00000| Untracked 
|  74|0x000000008ec00000, 0x000000008ec00000, 0x000000008ed00000|  0%| F|  |TAMS 0x000000008ec00000| PB 0x000000008ec00000| Untracked 
|  75|0x000000008ed00000, 0x000000008ed00000, 0x000000008ee00000|  0%| F|  |TAMS 0x000000008ed00000| PB 0x000000008ed00000| Untracked 
|  76|0x000000008ee00000, 0x000000008ee00000, 0x000000008ef00000|  0%| F|  |TAMS 0x000000008ee00000| PB 0x000000008ee00000| Untracked 
|  77|0x000000008ef00000, 0x000000008ef00000, 0x000000008f000000|  0%| F|  |TAMS 0x000000008ef00000| PB 0x000000008ef00000| Untracked 
|  78|0x000000008f000000, 0x000000008f000000, 0x000000008f100000|  0%| F|  |TAMS 0x000000008f000000| PB 0x000000008f000000| Untracked 
|  79|0x000000008f100000, 0x000000008f100000, 0x000000008f200000|  0%| F|  |TAMS 0x000000008f100000| PB 0x000000008f100000| Untracked 
|  80|0x000000008f200000, 0x000000008f200000, 0x000000008f300000|  0%| F|  |TAMS 0x000000008f200000| PB 0x000000008f200000| Untracked 
|  81|0x000000008f300000, 0x000000008f300000, 0x000000008f400000|  0%| F|  |TAMS 0x000000008f300000| PB 0x000000008f300000| Untracked 
|  82|0x000000008f400000, 0x000000008f400000, 0x000000008f500000|  0%| F|  |TAMS 0x000000008f400000| PB 0x000000008f400000| Untracked 
|  83|0x000000008f500000, 0x000000008f500000, 0x000000008f600000|  0%| F|  |TAMS 0x000000008f500000| PB 0x000000008f500000| Untracked 
|  84|0x000000008f600000, 0x000000008f600000, 0x000000008f700000|  0%| F|  |TAMS 0x000000008f600000| PB 0x000000008f600000| Untracked 
|  85|0x000000008f700000, 0x000000008f700000, 0x000000008f800000|  0%| F|  |TAMS 0x000000008f700000| PB 0x000000008f700000| Untracked 
|  86|0x000000008f800000, 0x000000008f800000, 0x000000008f900000|  0%| F|  |TAMS 0x000000008f800000| PB 0x000000008f800000| Untracked 
|  87|0x000000008f900000, 0x000000008f900000, 0x000000008fa00000|  0%| F|  |TAMS 0x000000008f900000| PB 0x000000008f900000| Untracked 
|  88|0x000000008fa00000, 0x000000008fa00000, 0x000000008fb00000|  0%| F|  |TAMS 0x000000008fa00000| PB 0x000000008fa00000| Untracked 
|  89|0x000000008fb00000, 0x000000008fb00000, 0x000000008fc00000|  0%| F|  |TAMS 0x000000008fb00000| PB 0x000000008fb00000| Untracked 
|  90|0x000000008fc00000, 0x000000008fc00000, 0x000000008fd00000|  0%| F|  |TAMS 0x000000008fc00000| PB 0x000000008fc00000| Untracked 
|  91|0x000000008fd00000, 0x000000008fd00000, 0x000000008fe00000|  0%| F|  |TAMS 0x000000008fd00000| PB 0x000000008fd00000| Untracked 
|  92|0x000000008fe00000, 0x000000008fe00000, 0x000000008ff00000|  0%| F|  |TAMS 0x000000008fe00000| PB 0x000000008fe00000| Untracked 
|  93|0x000000008ff00000, 0x000000008ff00000, 0x0000000090000000|  0%| F|  |TAMS 0x000000008ff00000| PB 0x000000008ff00000| Untracked 
|  94|0x0000000090000000, 0x0000000090000000, 0x0000000090100000|  0%| F|  |TAMS 0x0000000090000000| PB 0x0000000090000000| Untracked 
|  95|0x0000000090100000, 0x0000000090100000, 0x0000000090200000|  0%| F|  |TAMS 0x0000000090100000| PB 0x0000000090100000| Untracked 
|  96|0x0000000090200000, 0x0000000090200000, 0x0000000090300000|  0%| F|  |TAMS 0x0000000090200000| PB 0x0000000090200000| Untracked 
|  97|0x0000000090300000, 0x0000000090300000, 0x0000000090400000|  0%| F|  |TAMS 0x0000000090300000| PB 0x0000000090300000| Untracked 
|  98|0x0000000090400000, 0x0000000090400000, 0x0000000090500000|  0%| F|  |TAMS 0x0000000090400000| PB 0x0000000090400000| Untracked 
|  99|0x0000000090500000, 0x0000000090500000, 0x0000000090600000|  0%| F|  |TAMS 0x0000000090500000| PB 0x0000000090500000| Untracked 
| 100|0x0000000090600000, 0x0000000090600000, 0x0000000090700000|  0%| F|  |TAMS 0x0000000090600000| PB 0x0000000090600000| Untracked 
| 101|0x0000000090700000, 0x00000000907eeac0, 0x0000000090800000| 93%| E|  |TAMS 0x0000000090700000| PB 0x0000000090700000| Complete 
| 102|0x0000000090800000, 0x0000000090900000, 0x0000000090900000|100%| E|CS|TAMS 0x0000000090800000| PB 0x0000000090800000| Complete 
| 103|0x0000000090900000, 0x0000000090a00000, 0x0000000090a00000|100%| E|CS|TAMS 0x0000000090900000| PB 0x0000000090900000| Complete 
| 104|0x0000000090a00000, 0x0000000090b00000, 0x0000000090b00000|100%| E|CS|TAMS 0x0000000090a00000| PB 0x0000000090a00000| Complete 
| 105|0x0000000090b00000, 0x0000000090c00000, 0x0000000090c00000|100%| E|CS|TAMS 0x0000000090b00000| PB 0x0000000090b00000| Complete 
| 106|0x0000000090c00000, 0x0000000090d00000, 0x0000000090d00000|100%| E|CS|TAMS 0x0000000090c00000| PB 0x0000000090c00000| Complete 
| 107|0x0000000090d00000, 0x0000000090e00000, 0x0000000090e00000|100%| E|  |TAMS 0x0000000090d00000| PB 0x0000000090d00000| Complete 
| 108|0x0000000090e00000, 0x0000000090f00000, 0x0000000090f00000|100%| E|CS|TAMS 0x0000000090e00000| PB 0x0000000090e00000| Complete 
| 109|0x0000000090f00000, 0x0000000091000000, 0x0000000091000000|100%| E|CS|TAMS 0x0000000090f00000| PB 0x0000000090f00000| Complete 
| 110|0x0000000091000000, 0x0000000091100000, 0x0000000091100000|100%| E|CS|TAMS 0x0000000091000000| PB 0x0000000091000000| Complete 
| 111|0x0000000091100000, 0x0000000091200000, 0x0000000091200000|100%| E|CS|TAMS 0x0000000091100000| PB 0x0000000091100000| Complete 
| 112|0x0000000091200000, 0x0000000091300000, 0x0000000091300000|100%| E|CS|TAMS 0x0000000091200000| PB 0x0000000091200000| Complete 
| 113|0x0000000091300000, 0x0000000091400000, 0x0000000091400000|100%| E|CS|TAMS 0x0000000091300000| PB 0x0000000091300000| Complete 
| 114|0x0000000091400000, 0x0000000091500000, 0x0000000091500000|100%| E|CS|TAMS 0x0000000091400000| PB 0x0000000091400000| Complete 
| 115|0x0000000091500000, 0x0000000091600000, 0x0000000091600000|100%| E|CS|TAMS 0x0000000091500000| PB 0x0000000091500000| Complete 
| 116|0x0000000091600000, 0x0000000091700000, 0x0000000091700000|100%| E|CS|TAMS 0x0000000091600000| PB 0x0000000091600000| Complete 
| 117|0x0000000091700000, 0x0000000091800000, 0x0000000091800000|100%| E|CS|TAMS 0x0000000091700000| PB 0x0000000091700000| Complete 

Card table byte_map: [0x000001e93a210000,0x000001e93a5c0000] _byte_map_base: 0x000001e939dbf000

Marking Bits: (CMBitMap*) 0x000001e924e79f70
 Bits: [0x000001e93a970000, 0x000001e93c6e8000)

Polling page: 0x000001e924f70000

Metaspace:

Usage:
  Non-class:     15.31 MB used.
      Class:      1.76 MB used.
       Both:     17.07 MB used.

Virtual space:
  Non-class space:       64.00 MB reserved,      15.44 MB ( 24%) committed,  1 nodes.
      Class space:        1.00 GB reserved,       1.88 MB ( <1%) committed,  1 nodes.
             Both:        1.06 GB reserved,      17.31 MB (  2%) committed. 

Chunk freelists:
   Non-Class:  489.00 KB
       Class:  2.11 MB
        Both:  2.59 MB

MaxMetaspaceSize: unlimited
CompressedClassSpaceSize: 1.00 GB
Initial GC threshold: 21.00 MB
Current GC threshold: 21.00 MB
CDS: off
MetaspaceReclaimPolicy: balanced
 - commit_granule_bytes: 65536.
 - commit_granule_words: 8192.
 - virtual_space_node_default_size: 8388608.
 - enlarge_chunks_in_place: 1.
 - new_chunks_are_fully_committed: 0.
 - uncommit_free_chunks: 1.
 - use_allocation_guard: 0.


Internal statistics:

num_allocs_failed_limit: 0.
num_arena_births: 218.
num_arena_deaths: 0.
num_vsnodes_births: 2.
num_vsnodes_deaths: 0.
num_space_committed: 277.
num_space_uncommitted: 0.
num_chunks_returned_to_freelist: 0.
num_chunks_taken_from_freelist: 337.
num_chunk_merges: 0.
num_chunk_splits: 189.
num_chunks_enlarged: 93.
num_inconsistent_stats: 0.

CodeHeap 'non-profiled nmethods': size=120000Kb used=299Kb max_used=299Kb free=119700Kb
 bounds [0x000001e9323e0000, 0x000001e932650000, 0x000001e939910000]
CodeHeap 'profiled nmethods': size=120000Kb used=1639Kb max_used=1639Kb free=118361Kb
 bounds [0x000001e92a910000, 0x000001e92ab80000, 0x000001e931e40000]
CodeHeap 'non-nmethods': size=5760Kb used=1621Kb max_used=1621Kb free=4138Kb
 bounds [0x000001e931e40000, 0x000001e9320b0000, 0x000001e9323e0000]
 total_blobs=1683 nmethods=1052 adapters=542
 compilation: enabled
              stopped_count=0, restarted_count=0
 full_count=0

Compilation events (20 events):
Event: 1.686 Thread 0x000001e9434bcb70 1041       3       java.util.concurrent.locks.ReentrantLock$Sync::lock (13 bytes)
Event: 1.686 Thread 0x000001e9434bcb70 nmethod 1041 0x000001e92aaa8310 code [0x000001e92aaa84c0, 0x000001e92aaa86f8]
Event: 1.686 Thread 0x000001e9434bcb70 1043       3       jdk.internal.misc.Unsafe::putFloat (8 bytes)
Event: 1.686 Thread 0x000001e9434bcb70 nmethod 1043 0x000001e92aaa8790 code [0x000001e92aaa8920, 0x000001e92aaa8a40]
Event: 1.686 Thread 0x000001e9434bcb70 1045       1       sun.java2d.SurfaceData::isValid (5 bytes)
Event: 1.686 Thread 0x000001e9434bcb70 nmethod 1045 0x000001e93242a290 code [0x000001e93242a400, 0x000001e93242a4d0]
Event: 1.688 Thread 0x000001e9434bcb70 1046       3       sun.java2d.pipe.RenderBuffer::putFloat (26 bytes)
Event: 1.688 Thread 0x000001e9434bcb70 nmethod 1046 0x000001e92aaa8b10 code [0x000001e92aaa8ca0, 0x000001e92aaa8e40]
Event: 1.688 Thread 0x000001e9434bcb70 1047       3       java.awt.geom.Rectangle2D::<init> (5 bytes)
Event: 1.688 Thread 0x000001e9434bcb70 nmethod 1047 0x000001e92aaa8f10 code [0x000001e92aaa90a0, 0x000001e92aaa9268]
Event: 1.688 Thread 0x000001e9434bcb70 1048       3       java.awt.geom.RectangularShape::<init> (5 bytes)
Event: 1.688 Thread 0x000001e9434bcb70 nmethod 1048 0x000001e92aaa9390 code [0x000001e92aaa9520, 0x000001e92aaa9688]
Event: 1.688 Thread 0x000001e9434bcb70 1049       1       java.awt.Component::getHeight (5 bytes)
Event: 1.689 Thread 0x000001e9434bcb70 nmethod 1049 0x000001e93242a590 code [0x000001e93242a700, 0x000001e93242a7c8]
Event: 1.689 Thread 0x000001e9434bcb70 1050       1       java.awt.Component::getWidth (5 bytes)
Event: 1.689 Thread 0x000001e9434bcb70 nmethod 1050 0x000001e93242a890 code [0x000001e93242aa00, 0x000001e93242aac8]
Event: 1.689 Thread 0x000001e9434bcb70 1052       3       java.lang.invoke.BoundMethodHandle$Species_L::<init> (12 bytes)
Event: 1.689 Thread 0x000001e9434bcb70 nmethod 1052 0x000001e92aaa9790 code [0x000001e92aaa9920, 0x000001e92aaa9b40]
Event: 1.689 Thread 0x000001e9434bcb70 1051       1       sun.java2d.SurfaceData::isSurfaceLost (5 bytes)
Event: 1.689 Thread 0x000001e9434bcb70 nmethod 1051 0x000001e93242ab90 code [0x000001e93242ad00, 0x000001e93242add0]

GC Heap History (0 events):
No events

Dll operation events (11 events):
Event: 0.016 Loaded shared library C:\Users\FIGHTER\.p2\pool\plugins\org.eclipse.justj.openjdk.hotspot.jre.full.win32.x86_64_20.0.2.v20230801-2057\jre\bin\java.dll
Event: 0.025 Loaded shared library C:\Users\FIGHTER\.p2\pool\plugins\org.eclipse.justj.openjdk.hotspot.jre.full.win32.x86_64_20.0.2.v20230801-2057\jre\bin\zip.dll
Event: 0.237 Loaded shared library C:\Users\FIGHTER\.p2\pool\plugins\org.eclipse.justj.openjdk.hotspot.jre.full.win32.x86_64_20.0.2.v20230801-2057\jre\bin\net.dll
Event: 0.241 Loaded shared library C:\Users\FIGHTER\.p2\pool\plugins\org.eclipse.justj.openjdk.hotspot.jre.full.win32.x86_64_20.0.2.v20230801-2057\jre\bin\nio.dll
Event: 0.319 Loaded shared library C:\Users\FIGHTER\.p2\pool\plugins\org.eclipse.justj.openjdk.hotspot.jre.full.win32.x86_64_20.0.2.v20230801-2057\jre\bin\zip.dll
Event: 0.509 Loaded shared library C:\Users\FIGHTER\.p2\pool\plugins\org.eclipse.justj.openjdk.hotspot.jre.full.win32.x86_64_20.0.2.v20230801-2057\jre\bin\instrument.dll
Event: 0.527 Loaded shared library C:\Users\FIGHTER\.p2\pool\plugins\org.eclipse.justj.openjdk.hotspot.jre.full.win32.x86_64_20.0.2.v20230801-2057\jre\bin\verify.dll
Event: 0.586 Loaded shared library C:\Users\FIGHTER\.p2\pool\plugins\org.eclipse.justj.openjdk.hotspot.jre.full.win32.x86_64_20.0.2.v20230801-2057\jre\bin\jimage.dll
Event: 0.890 Loaded shared library C:\Users\FIGHTER\.p2\pool\plugins\org.eclipse.justj.openjdk.hotspot.jre.full.win32.x86_64_20.0.2.v20230801-2057\jre\bin\awt.dll
Event: 1.375 Loaded shared library C:\Users\FIGHTER\.p2\pool\plugins\org.eclipse.justj.openjdk.hotspot.jre.full.win32.x86_64_20.0.2.v20230801-2057\jre\bin\freetype.dll
Event: 1.377 Loaded shared library C:\Users\FIGHTER\.p2\pool\plugins\org.eclipse.justj.openjdk.hotspot.jre.full.win32.x86_64_20.0.2.v20230801-2057\jre\bin\fontmanager.dll

Deoptimization events (20 events):
Event: 1.222 Thread 0x000001e926f914b0 Uncommon trap: trap_request=0xffffffc6 fr.pc=0x000001e9323fcbe0 relative=0x0000000000000bc0
Event: 1.222 Thread 0x000001e926f914b0 Uncommon trap: reason=bimorphic_or_optimized_type_check action=maybe_recompile pc=0x000001e9323fcbe0 method=java.util.HashMap.putVal(ILjava/lang/Object;Ljava/lang/Object;ZZ)Ljava/lang/Object; @ 56 c2
Event: 1.222 Thread 0x000001e926f914b0 DEOPT PACKING pc=0x000001e9323fcbe0 sp=0x00000051ac6feed0
Event: 1.222 Thread 0x000001e926f914b0 DEOPT UNPACKING pc=0x000001e931ea9d22 sp=0x00000051ac6fee68 mode 2
Event: 1.222 Thread 0x000001e926f914b0 Uncommon trap: trap_request=0xffffffc6 fr.pc=0x000001e9323fcbe0 relative=0x0000000000000bc0
Event: 1.222 Thread 0x000001e926f914b0 Uncommon trap: reason=bimorphic_or_optimized_type_check action=maybe_recompile pc=0x000001e9323fcbe0 method=java.util.HashMap.putVal(ILjava/lang/Object;Ljava/lang/Object;ZZ)Ljava/lang/Object; @ 56 c2
Event: 1.222 Thread 0x000001e926f914b0 DEOPT PACKING pc=0x000001e9323fcbe0 sp=0x00000051ac6feed0
Event: 1.222 Thread 0x000001e926f914b0 DEOPT UNPACKING pc=0x000001e931ea9d22 sp=0x00000051ac6fee68 mode 2
Event: 1.222 Thread 0x000001e926f914b0 Uncommon trap: trap_request=0xffffffc6 fr.pc=0x000001e9323fcbe0 relative=0x0000000000000bc0
Event: 1.222 Thread 0x000001e926f914b0 Uncommon trap: reason=bimorphic_or_optimized_type_check action=maybe_recompile pc=0x000001e9323fcbe0 method=java.util.HashMap.putVal(ILjava/lang/Object;Ljava/lang/Object;ZZ)Ljava/lang/Object; @ 56 c2
Event: 1.222 Thread 0x000001e926f914b0 DEOPT PACKING pc=0x000001e9323fcbe0 sp=0x00000051ac6feed0
Event: 1.222 Thread 0x000001e926f914b0 DEOPT UNPACKING pc=0x000001e931ea9d22 sp=0x00000051ac6fee68 mode 2
Event: 1.224 Thread 0x000001e926f914b0 Uncommon trap: trap_request=0xffffff45 fr.pc=0x000001e93240da88 relative=0x0000000000000208
Event: 1.224 Thread 0x000001e926f914b0 Uncommon trap: reason=unstable_if action=reinterpret pc=0x000001e93240da88 method=java.lang.String.startsWith(Ljava/lang/String;I)Z @ 1 c2
Event: 1.224 Thread 0x000001e926f914b0 DEOPT PACKING pc=0x000001e93240da88 sp=0x00000051ac6fee90
Event: 1.224 Thread 0x000001e926f914b0 DEOPT UNPACKING pc=0x000001e931ea9d22 sp=0x00000051ac6fedf8 mode 2
Event: 1.396 Thread 0x000001e926f914b0 Uncommon trap: trap_request=0xffffff45 fr.pc=0x000001e9323e6cec relative=0x000000000000006c
Event: 1.396 Thread 0x000001e926f914b0 Uncommon trap: reason=unstable_if action=reinterpret pc=0x000001e9323e6cec method=java.lang.String.isLatin1()Z @ 10 c2
Event: 1.396 Thread 0x000001e926f914b0 DEOPT PACKING pc=0x000001e9323e6cec sp=0x00000051ac6fdfc0
Event: 1.396 Thread 0x000001e926f914b0 DEOPT UNPACKING pc=0x000001e931ea9d22 sp=0x00000051ac6fdf50 mode 2

Classes loaded (20 events):
Event: 1.684 Loading class sun/java2d/loops/Blit$GeneralMaskBlit done
Event: 1.689 Loading class java/awt/image/Raster
Event: 1.689 Loading class java/awt/image/Raster done
Event: 1.690 Loading class java/awt/image/DataBufferInt
Event: 1.690 Loading class java/awt/image/DataBuffer
Event: 1.690 Loading class java/awt/image/DataBuffer done
Event: 1.690 Loading class java/awt/image/DataBufferInt done
Event: 1.690 Loading class java/awt/image/DataBuffer$1
Event: 1.691 Loading class sun/awt/image/SunWritableRaster$DataStealer
Event: 1.691 Loading class sun/awt/image/SunWritableRaster$DataStealer done
Event: 1.691 Loading class java/awt/image/DataBuffer$1 done
Event: 1.691 Loading class sun/awt/image/SunWritableRaster
Event: 1.691 Loading class java/awt/image/WritableRaster
Event: 1.691 Loading class java/awt/image/WritableRaster done
Event: 1.691 Loading class sun/awt/image/SunWritableRaster done
Event: 1.692 Loading class java/awt/image/SinglePixelPackedSampleModel
Event: 1.693 Loading class java/awt/image/SampleModel
Event: 1.693 Loading class java/awt/image/SampleModel done
Event: 1.693 Loading class java/awt/image/SinglePixelPackedSampleModel done
Event: 1.693 Loading class sun/awt/image/IntegerInterleavedRaster

Classes unloaded (0 events):
No events

Classes redefined (0 events):
No events

Internal exceptions (20 events):
Event: 0.651 Thread 0x000001e926f914b0 Exception <a 'java/lang/NoSuchMethodError'{0x0000000091356a48}: 'void java.lang.invoke.DirectMethodHandle$Holder.invokeStatic(java.lang.Object, java.lang.Object)'> (0x0000000091356a48) 
thrown [s\src\hotspot\share\interpreter\linkResolver.cpp, line 773]
Event: 0.686 Thread 0x000001e926f914b0 Exception <a 'java/lang/NoSuchMethodError'{0x000000009120c218}: 'void java.lang.invoke.DelegatingMethodHandle$Holder.reinvoke_L(java.lang.Object, java.lang.Object, java.lang.Object, java.lang.Object, java.lang.Object, java.lang.Object, java.lang.Object, java.lang.Object)'> (0x000000009120c218) 
thrown [s\src\hotspot\share\interpreter\linkResolver.cpp, line 773]
Event: 0.696 Thread 0x000001e926f914b0 Exception <a 'java/lang/NoSuchMethodError'{0x0000000091220d20}: 'java.lang.Object java.lang.invoke.DirectMethodHandle$Holder.invokeStatic(java.lang.Object, java.lang.Object, int)'> (0x0000000091220d20) 
thrown [s\src\hotspot\share\interpreter\linkResolver.cpp, line 773]
Event: 0.698 Thread 0x000001e926f914b0 Exception <a 'java/lang/NoSuchMethodError'{0x000000009122c220}: 'void java.lang.invoke.DelegatingMethodHandle$Holder.delegate(java.lang.Object, java.lang.Object, int, java.lang.Object)'> (0x000000009122c220) 
thrown [s\src\hotspot\share\interpreter\linkResolver.cpp, line 773]
Event: 0.699 Thread 0x000001e926f914b0 Exception <a 'java/lang/NoSuchMethodError'{0x000000009122fc50}: 'int java.lang.invoke.DirectMethodHandle$Holder.invokeSpecial(java.lang.Object, java.lang.Object, java.lang.Object)'> (0x000000009122fc50) 
thrown [s\src\hotspot\share\interpreter\linkResolver.cpp, line 773]
Event: 0.710 Thread 0x000001e926f914b0 Exception <a 'sun/nio/fs/WindowsException'{0x0000000091258708}> (0x0000000091258708) 
thrown [s\src\hotspot\share\prims\jni.cpp, line 519]
Event: 0.719 Thread 0x000001e926f914b0 Exception <a 'sun/nio/fs/WindowsException'{0x00000000912687b8}> (0x00000000912687b8) 
thrown [s\src\hotspot\share\prims\jni.cpp, line 519]
Event: 0.771 Thread 0x000001e926f914b0 Exception <a 'java/lang/NoSuchMethodError'{0x000000009113ace0}: 'void java.lang.invoke.Invokers$Holder.invokeExact_MT(java.lang.Object, java.lang.Object, java.lang.Object)'> (0x000000009113ace0) 
thrown [s\src\hotspot\share\interpreter\linkResolver.cpp, line 773]
Event: 0.845 Thread 0x000001e926f914b0 Exception <a 'java/lang/NoSuchMethodError'{0x0000000091064270}: 'java.lang.Object java.lang.invoke.Invokers$Holder.invoke_MT(java.lang.Object, java.lang.Object, java.lang.Object, java.lang.Object, java.lang.Object)'> (0x0000000091064270) 
thrown [s\src\hotspot\share\interpreter\linkResolver.cpp, line 773]
Event: 0.869 Thread 0x000001e926f914b0 Exception <a 'sun/nio/fs/WindowsException'{0x00000000910eb1f0}> (0x00000000910eb1f0) 
thrown [s\src\hotspot\share\prims\jni.cpp, line 519]
Event: 0.878 Thread 0x000001e926f914b0 Exception <a 'java/lang/ClassNotFoundException'{0x0000000090f14bf0}: sun/awt/resources/spi/awtProvider> (0x0000000090f14bf0) 
thrown [s\src\hotspot\share\classfile\systemDictionary.cpp, line 305]
Event: 0.904 Thread 0x000001e926f914b0 Exception <a 'java/io/FileNotFoundException'{0x0000000090f70620}> (0x0000000090f70620) 
thrown [s\src\hotspot\share\prims\jni.cpp, line 519]
Event: 0.911 Thread 0x000001e926f914b0 Exception <a 'java/io/FileNotFoundException'{0x0000000090f9b348}> (0x0000000090f9b348) 
thrown [s\src\hotspot\share\prims\jni.cpp, line 519]
Event: 1.156 Thread 0x000001e926f914b0 Exception <a 'java/lang/NoSuchMethodError'{0x0000000090cd88f8}: 'java.lang.Object java.lang.invoke.DirectMethodHandle$Holder.newInvokeSpecial(java.lang.Object, java.lang.Object, java.lang.Object, java.lang.Object, java.lang.Object)'> (0x0000000090cd88f8) 
thrown [s\src\hotspot\share\interpreter\linkResolver.cpp, line 773]
Event: 1.169 Thread 0x000001e926f914b0 Exception <a 'java/lang/NoSuchMethodError'{0x0000000090b0cbe8}: 'java.lang.Object java.lang.invoke.DirectMethodHandle$Holder.invokeStatic(java.lang.Object, int, java.lang.Object)'> (0x0000000090b0cbe8) 
thrown [s\src\hotspot\share\interpreter\linkResolver.cpp, line 773]
Event: 1.221 Thread 0x000001e926f914b0 Exception <a 'java/lang/ClassNotFoundException'{0x0000000090bdac20}: com/sun/swing/internal/plaf/metal/resources/spi/metalProvider> (0x0000000090bdac20) 
thrown [s\src\hotspot\share\classfile\systemDictionary.cpp, line 305]
Event: 1.223 Thread 0x000001e926f914b0 Exception <a 'java/lang/ClassNotFoundException'{0x0000000090be1620}: com/sun/swing/internal/plaf/basic/resources/spi/basicProvider> (0x0000000090be1620) 
thrown [s\src\hotspot\share\classfile\systemDictionary.cpp, line 305]
Event: 1.241 Thread 0x000001e926f914b0 Exception <a 'java/lang/NoSuchMethodError'{0x0000000090a1a788}: 'int java.lang.invoke.Invokers$Holder.invokeExact_MT(java.lang.Object, java.lang.Object)'> (0x0000000090a1a788) 
thrown [s\src\hotspot\share\interpreter\linkResolver.cpp, line 773]
Event: 1.365 Thread 0x000001e926f914b0 Exception <a 'java/lang/NoSuchMethodError'{0x0000000090841668}: 'void java.lang.invoke.DirectMethodHandle$Holder.invokeStaticInit(java.lang.Object)'> (0x0000000090841668) 
thrown [s\src\hotspot\share\interpreter\linkResolver.cpp, line 773]
Event: 1.428 Thread 0x000001e926f914b0 Exception <a 'sun/nio/fs/WindowsException'{0x00000000908e27a0}> (0x00000000908e27a0) 
thrown [s\src\hotspot\share\prims\jni.cpp, line 519]

VM Operations (14 events):
Event: 0.464 Executing VM operation: HandshakeAllThreads
Event: 0.464 Executing VM operation: HandshakeAllThreads done
Event: 0.556 Executing VM operation: HandshakeAllThreads
Event: 0.557 Executing VM operation: HandshakeAllThreads done
Event: 0.608 Executing VM operation: HandshakeAllThreads
Event: 0.608 Executing VM operation: HandshakeAllThreads done
Event: 0.713 Executing VM operation: HandshakeAllThreads
Event: 0.713 Executing VM operation: HandshakeAllThreads done
Event: 0.927 Executing VM operation: HandshakeAllThreads
Event: 0.927 Executing VM operation: HandshakeAllThreads done
Event: 1.249 Executing VM operation: HandshakeAllThreads
Event: 1.249 Executing VM operation: HandshakeAllThreads done
Event: 1.249 Executing VM operation: Cleanup
Event: 1.250 Executing VM operation: Cleanup done

Events (20 events):
Event: 0.115 Thread 0x000001e9434666c0 Thread added: 0x000001e9434666c0
Event: 0.115 Thread 0x000001e943468b60 Thread added: 0x000001e943468b60
Event: 0.117 Thread 0x000001e943488e90 Thread added: 0x000001e943488e90
Event: 0.117 Thread 0x000001e943489be0 Thread added: 0x000001e943489be0
Event: 0.117 Thread 0x000001e943486960 Thread added: 0x000001e943486960
Event: 0.117 Thread 0x000001e943487a40 Thread added: 0x000001e943487a40
Event: 0.118 Thread 0x000001e9434ba5d0 Thread added: 0x000001e9434ba5d0
Event: 0.118 Thread 0x000001e9434bcb70 Thread added: 0x000001e9434bcb70
Event: 0.216 Thread 0x000001e94358f080 Thread added: 0x000001e94358f080
Event: 0.425 Thread 0x000001e94379c0a0 Thread added: 0x000001e94379c0a0
Event: 0.672 Thread 0x000001e94358e5e0 Thread added: 0x000001e94358e5e0
Event: 0.782 Thread 0x000001e94358c0b0 Thread added: 0x000001e94358c0b0
Event: 0.991 Thread 0x000001e94358db40 Thread added: 0x000001e94358db40
Event: 0.994 Thread 0x000001e94358eb30 Thread added: 0x000001e94358eb30
Event: 0.996 Thread 0x000001e94358bb60 Thread added: 0x000001e94358bb60
Event: 1.100 Thread 0x000001e94379c0a0 Thread exited: 0x000001e94379c0a0
Event: 1.333 Thread 0x000001e94358cb50 Thread added: 0x000001e94358cb50
Event: 1.517 Thread 0x000001e926f914b0 Thread exited: 0x000001e926f914b0
Event: 1.517 Thread 0x000001e94358d0a0 Thread added: 0x000001e94358d0a0
Event: 1.525 Thread 0x000001e94358d5f0 Thread added: 0x000001e94358d5f0


Dynamic libraries:
0x00007ff7853d0000 - 0x00007ff7853de000 	C:\Users\FIGHTER\.p2\pool\plugins\org.eclipse.justj.openjdk.hotspot.jre.full.win32.x86_64_20.0.2.v20230801-2057\jre\bin\javaw.exe
0x00007ff80e610000 - 0x00007ff80e827000 	C:\WINDOWS\SYSTEM32\ntdll.dll
0x00007ff80d9f0000 - 0x00007ff80dab4000 	C:\WINDOWS\System32\KERNEL32.DLL
0x00007ff80bd70000 - 0x00007ff80c115000 	C:\WINDOWS\System32\KERNELBASE.dll
0x00007ff80c240000 - 0x00007ff80c351000 	C:\WINDOWS\System32\ucrtbase.dll
0x00007ff800130000 - 0x00007ff800147000 	C:\Users\FIGHTER\.p2\pool\plugins\org.eclipse.justj.openjdk.hotspot.jre.full.win32.x86_64_20.0.2.v20230801-2057\jre\bin\jli.dll
0x00007ff800110000 - 0x00007ff80012b000 	C:\Users\FIGHTER\.p2\pool\plugins\org.eclipse.justj.openjdk.hotspot.jre.full.win32.x86_64_20.0.2.v20230801-2057\jre\bin\VCRUNTIME140.dll
0x00007ff80d840000 - 0x00007ff80d9ee000 	C:\WINDOWS\System32\USER32.dll
0x00007ffff6680000 - 0x00007ffff6913000 	C:\WINDOWS\WinSxS\amd64_microsoft.windows.common-controls_6595b64144ccf1df_6.0.22621.2506_none_270c5ae97388e100\COMCTL32.dll
0x00007ff80bab0000 - 0x00007ff80bad6000 	C:\WINDOWS\System32\win32u.dll
0x00007ff80cc70000 - 0x00007ff80cd17000 	C:\WINDOWS\System32\msvcrt.dll
0x00007ff80d630000 - 0x00007ff80d659000 	C:\WINDOWS\System32\GDI32.dll
0x00007ff80c120000 - 0x00007ff80c239000 	C:\WINDOWS\System32\gdi32full.dll
0x00007ff80bae0000 - 0x00007ff80bb7a000 	C:\WINDOWS\System32\msvcp_win.dll
0x00007ff80de30000 - 0x00007ff80de61000 	C:\WINDOWS\System32\IMM32.DLL
0x00007ff8004a0000 - 0x00007ff8004ac000 	C:\Users\FIGHTER\.p2\pool\plugins\org.eclipse.justj.openjdk.hotspot.jre.full.win32.x86_64_20.0.2.v20230801-2057\jre\bin\vcruntime140_1.dll
0x00007ffffcce0000 - 0x00007ffffcd6d000 	C:\Users\FIGHTER\.p2\pool\plugins\org.eclipse.justj.openjdk.hotspot.jre.full.win32.x86_64_20.0.2.v20230801-2057\jre\bin\msvcp140.dll
0x00007fffda1f0000 - 0x00007fffdaeff000 	C:\Users\FIGHTER\.p2\pool\plugins\org.eclipse.justj.openjdk.hotspot.jre.full.win32.x86_64_20.0.2.v20230801-2057\jre\bin\server\jvm.dll
0x00007ff80d780000 - 0x00007ff80d831000 	C:\WINDOWS\System32\ADVAPI32.dll
0x00007ff80cbc0000 - 0x00007ff80cc66000 	C:\WINDOWS\System32\sechost.dll
0x00007ff80de70000 - 0x00007ff80df87000 	C:\WINDOWS\System32\RPCRT4.dll
0x00007ff804e50000 - 0x00007ff804e84000 	C:\WINDOWS\SYSTEM32\WINMM.dll
0x00007ff807040000 - 0x00007ff807049000 	C:\WINDOWS\SYSTEM32\WSOCK32.dll
0x00007ff802cf0000 - 0x00007ff802cfa000 	C:\WINDOWS\SYSTEM32\VERSION.dll
0x00007ff80d700000 - 0x00007ff80d771000 	C:\WINDOWS\System32\WS2_32.dll
0x00007ff80a8e0000 - 0x00007ff80a8f8000 	C:\WINDOWS\SYSTEM32\kernel.appcore.dll
0x00007ff807020000 - 0x00007ff80702a000 	C:\Users\FIGHTER\.p2\pool\plugins\org.eclipse.justj.openjdk.hotspot.jre.full.win32.x86_64_20.0.2.v20230801-2057\jre\bin\jimage.dll
0x00007ff802de0000 - 0x00007ff803013000 	C:\WINDOWS\SYSTEM32\DBGHELP.DLL
0x00007ff80d1a0000 - 0x00007ff80d529000 	C:\WINDOWS\System32\combase.dll
0x00007ff80df90000 - 0x00007ff80e067000 	C:\WINDOWS\System32\OLEAUT32.dll
0x00007ffff48f0000 - 0x00007ffff4922000 	C:\WINDOWS\SYSTEM32\dbgcore.DLL
0x00007ff80bb80000 - 0x00007ff80bbfa000 	C:\WINDOWS\System32\bcryptPrimitives.dll
0x00007ffffd2e0000 - 0x00007ffffd2ee000 	C:\Users\FIGHTER\.p2\pool\plugins\org.eclipse.justj.openjdk.hotspot.jre.full.win32.x86_64_20.0.2.v20230801-2057\jre\bin\instrument.dll
0x00007ff8006c0000 - 0x00007ff8006e6000 	C:\Users\FIGHTER\.p2\pool\plugins\org.eclipse.justj.openjdk.hotspot.jre.full.win32.x86_64_20.0.2.v20230801-2057\jre\bin\java.dll
0x00007ff806240000 - 0x00007ff806258000 	C:\Users\FIGHTER\.p2\pool\plugins\org.eclipse.justj.openjdk.hotspot.jre.full.win32.x86_64_20.0.2.v20230801-2057\jre\bin\zip.dll
0x00007ff80c360000 - 0x00007ff80cbb9000 	C:\WINDOWS\System32\SHELL32.dll
0x00007ff809850000 - 0x00007ff80a144000 	C:\WINDOWS\SYSTEM32\windows.storage.dll
0x00007ff809710000 - 0x00007ff80984e000 	C:\WINDOWS\SYSTEM32\wintypes.dll
0x00007ff80dd20000 - 0x00007ff80de13000 	C:\WINDOWS\System32\SHCORE.dll
0x00007ff80cda0000 - 0x00007ff80cdfe000 	C:\WINDOWS\System32\shlwapi.dll
0x00007ff80b8b0000 - 0x00007ff80b8d6000 	C:\WINDOWS\SYSTEM32\profapi.dll
0x00007ff804ee0000 - 0x00007ff804ef3000 	C:\Users\FIGHTER\.p2\pool\plugins\org.eclipse.justj.openjdk.hotspot.jre.full.win32.x86_64_20.0.2.v20230801-2057\jre\bin\net.dll
0x00007ff805f50000 - 0x00007ff806087000 	C:\WINDOWS\SYSTEM32\WINHTTP.dll
0x00007ff80adb0000 - 0x00007ff80ae19000 	C:\WINDOWS\system32\mswsock.dll
0x00007ff800510000 - 0x00007ff800526000 	C:\Users\FIGHTER\.p2\pool\plugins\org.eclipse.justj.openjdk.hotspot.jre.full.win32.x86_64_20.0.2.v20230801-2057\jre\bin\nio.dll
0x00007ff806ef0000 - 0x00007ff806f00000 	C:\Users\FIGHTER\.p2\pool\plugins\org.eclipse.justj.openjdk.hotspot.jre.full.win32.x86_64_20.0.2.v20230801-2057\jre\bin\verify.dll
0x00007fffeb2d0000 - 0x00007fffeb2e7000 	C:\WINDOWS\system32\napinsp.dll
0x00007ffff0160000 - 0x00007ffff017b000 	C:\WINDOWS\system32\pnrpnsp.dll
0x00007ff80a420000 - 0x00007ff80a519000 	C:\WINDOWS\SYSTEM32\DNSAPI.dll
0x00007ff80a3f0000 - 0x00007ff80a41d000 	C:\WINDOWS\SYSTEM32\IPHLPAPI.DLL
0x00007ff80d660000 - 0x00007ff80d669000 	C:\WINDOWS\System32\NSI.dll
0x00007fffeb2f0000 - 0x00007fffeb301000 	C:\WINDOWS\System32\winrnr.dll
0x00007ffff7060000 - 0x00007ffff7075000 	C:\WINDOWS\system32\wshbth.dll
0x00007ffff4ac0000 - 0x00007ffff4ae1000 	C:\WINDOWS\system32\nlansp_c.dll
0x00007ff8048f0000 - 0x00007ff8048fa000 	C:\Windows\System32\rasadhlp.dll
0x00007ff804c60000 - 0x00007ff804ce3000 	C:\WINDOWS\System32\fwpuclnt.dll
0x00007ff805a30000 - 0x00007ff805a49000 	C:\WINDOWS\SYSTEM32\dhcpcsvc6.DLL
0x00007ff805950000 - 0x00007ff80596f000 	C:\WINDOWS\SYSTEM32\dhcpcsvc.DLL
0x00007fffedb40000 - 0x00007fffedcd0000 	C:\Users\FIGHTER\.p2\pool\plugins\org.eclipse.justj.openjdk.hotspot.jre.full.win32.x86_64_20.0.2.v20230801-2057\jre\bin\awt.dll
0x00007ff808c80000 - 0x00007ff808d17000 	C:\WINDOWS\SYSTEM32\apphelp.dll
0x00007ff8090b0000 - 0x00007ff8090db000 	C:\WINDOWS\system32\DWMAPI.DLL
0x00007ff808e40000 - 0x00007ff808eeb000 	C:\WINDOWS\system32\uxtheme.dll
0x00007ffff9370000 - 0x00007ffff9470000 	C:\WINDOWS\system32\opengl32.dll
0x00007ffff92d0000 - 0x00007ffff92fd000 	C:\WINDOWS\SYSTEM32\GLU32.dll
0x00007ff808f50000 - 0x00007ff808f86000 	C:\WINDOWS\SYSTEM32\dxcore.dll
0x00007ff80d050000 - 0x00007ff80d19f000 	C:\WINDOWS\System32\MSCTF.dll
0x00007ff80dac0000 - 0x00007ff80dc60000 	C:\WINDOWS\System32\ole32.dll
0x00007ffff9470000 - 0x00007ffff9619000 	C:\WINDOWS\system32\d3d9.dll
0x00007ff8016d0000 - 0x00007ff80188b000 	C:\WINDOWS\System32\DriverStore\FileRepository\u0382307.inf_amd64_186ddabffbbb414f\B382066\aticfx64.dll
0x00007ffffb160000 - 0x00007ffffb194000 	C:\WINDOWS\System32\DriverStore\FileRepository\u0382307.inf_amd64_186ddabffbbb414f\B382066\atiu9p64.dll
0x00007fffd2d20000 - 0x00007fffd3a75000 	C:\WINDOWS\System32\DriverStore\FileRepository\u0382307.inf_amd64_186ddabffbbb414f\B382066\atiumd64.dll
0x000000006c690000 - 0x000000006d5b6000 	C:\WINDOWS\System32\DriverStore\FileRepository\u0382307.inf_amd64_186ddabffbbb414f\B382066\atiumd6a.dll
0x00007ff80e070000 - 0x00007ff80e4e4000 	C:\WINDOWS\System32\SETUPAPI.dll
0x00007ff80b850000 - 0x00007ff80b89d000 	C:\WINDOWS\SYSTEM32\POWRPROF.dll
0x00007ff80b780000 - 0x00007ff80b793000 	C:\WINDOWS\SYSTEM32\UMPDC.dll
0x00007ff801480000 - 0x00007ff8014b5000 	C:\WINDOWS\SYSTEM32\amdihk64.dll
0x00007ff804e90000 - 0x00007ff804eda000 	C:\WINDOWS\SYSTEM32\directxdatabasehelper.dll
0x00007ffff1220000 - 0x00007ffff12a6000 	C:\Users\FIGHTER\.p2\pool\plugins\org.eclipse.justj.openjdk.hotspot.jre.full.win32.x86_64_20.0.2.v20230801-2057\jre\bin\freetype.dll
0x00007fffde600000 - 0x00007fffde6d3000 	C:\Users\FIGHTER\.p2\pool\plugins\org.eclipse.justj.openjdk.hotspot.jre.full.win32.x86_64_20.0.2.v20230801-2057\jre\bin\fontmanager.dll
0x00007ff80dc70000 - 0x00007ff80dd20000 	C:\WINDOWS\System32\clbcatq.dll
0x00007ff8070f0000 - 0x00007ff8072a0000 	C:\WINDOWS\SYSTEM32\WindowsCodecs.dll
0x00007ffff5a60000 - 0x00007ffff5abe000 	C:\WINDOWS\system32\dataexchange.dll
0x00007ff801f90000 - 0x00007ff802215000 	C:\WINDOWS\system32\twinapi.appcore.dll
0x00007fffee8e0000 - 0x00007fffeea2a000 	C:\WINDOWS\SYSTEM32\textinputframework.dll

dbghelp: loaded successfully - version: 4.0.5 - missing functions: none
symbol engine: initialized successfully - sym options: 0x614 - pdb path: .;C:\Users\FIGHTER\.p2\pool\plugins\org.eclipse.justj.openjdk.hotspot.jre.full.win32.x86_64_20.0.2.v20230801-2057\jre\bin;C:\WINDOWS\SYSTEM32;C:\WINDOWS\WinSxS\amd64_microsoft.windows.common-controls_6595b64144ccf1df_6.0.22621.2506_none_270c5ae97388e100;C:\Users\FIGHTER\.p2\pool\plugins\org.eclipse.justj.openjdk.hotspot.jre.full.win32.x86_64_20.0.2.v20230801-2057\jre\bin\server;C:\WINDOWS\System32\DriverStore\FileRepository\u0382307.inf_amd64_186ddabffbbb414f\B382066

VM Arguments:
jvm_args: -javaagent:C:\Users\FIGHTER\eclipse\java-2023-06\eclipse\configuration\org.eclipse.osgi\471\0\.cp\jacocoagent.jar=includes=*,excludes=,exclclassloader=sun.reflect.DelegatingClassLoader,output=tcpclient,port=60014 -Dfile.encoding=UTF-8 --module-path=C:\Users\FIGHTER\eclipse-workspace\prj\bin;C:\Users\FIGHTER\Documents\mysql-connector-j-8.2.0\mysql-connector-j-8.2.0\mysql-connector-j-8.2.0.jar -XX:+ShowCodeDetailsInExceptionMessages -Djdk.module.main=prj 
java_command: prj/prj.Main
java_class_path (initial): <not set>
Launcher Type: SUN_STANDARD

[Global flags]
     intx CICompilerCount                          = 4                                         {product} {ergonomic}
     uint ConcGCThreads                            = 3                                         {product} {ergonomic}
     uint G1ConcRefinementThreads                  = 10                                        {product} {ergonomic}
   size_t G1HeapRegionSize                         = 1048576                                   {product} {ergonomic}
    uintx GCDrainStackTargetSize                   = 64                                        {product} {ergonomic}
   size_t InitialHeapSize                          = 123731968                                 {product} {ergonomic}
   size_t MarkStackSize                            = 4194304                                   {product} {ergonomic}
   size_t MaxHeapSize                              = 1977614336                                {product} {ergonomic}
   size_t MaxNewSize                               = 1185939456                                {product} {ergonomic}
   size_t MinHeapDeltaBytes                        = 1048576                                   {product} {ergonomic}
   size_t MinHeapSize                              = 8388608                                   {product} {ergonomic}
    uintx NonNMethodCodeHeapSize                   = 5839372                                {pd product} {ergonomic}
    uintx NonProfiledCodeHeapSize                  = 122909434                              {pd product} {ergonomic}
    uintx ProfiledCodeHeapSize                     = 122909434                              {pd product} {ergonomic}
    uintx ReservedCodeCacheSize                    = 251658240                              {pd product} {ergonomic}
     bool SegmentedCodeCache                       = true                                      {product} {ergonomic}
     bool ShowCodeDetailsInExceptionMessages       = true                                   {manageable} {command line}
   size_t SoftMaxHeapSize                          = 1977614336                             {manageable} {ergonomic}
     bool UseCompressedClassPointers               = true                           {product lp64_product} {ergonomic}
     bool UseCompressedOops                        = true                           {product lp64_product} {ergonomic}
     bool UseG1GC                                  = true                                      {product} {ergonomic}
     bool UseLargePagesIndividualAllocation        = false                                  {pd product} {ergonomic}

Logging:
Log output configuration:
 #0: stdout all=warning uptime,level,tags foldmultilines=false
 #1: stderr all=off uptime,level,tags foldmultilines=false

Environment Variables:
PATH=C:/Users/FIGHTER/.p2/pool/plugins/org.eclipse.justj.openjdk.hotspot.jre.full.win32.x86_64_20.0.2.v20230801-2057/jre/bin/server;C:/Users/FIGHTER/.p2/pool/plugins/org.eclipse.justj.openjdk.hotspot.jre.full.win32.x86_64_20.0.2.v20230801-2057/jre/bin;C:\app\FIGHTER\product\21c\dbhomeXE\bin;C:\Program Files\Common Files\Oracle\Java\javapath;C:\WINDOWS\system32;C:\WINDOWS;C:\WINDOWS\System32\Wbem;C:\WINDOWS\System32\WindowsPowerShell\v1.0\;C:\WINDOWS\System32\OpenSSH\;C:\MinGW\bin;C:\Users\FIGHTER\AppData\Local\Microsoft\WindowsApps;C:\Program Files\CodeBlocks\MinGW\bin;;C:\Users\FIGHTER\AppData\Local\Programs\Microsoft VS Code\bin;C:\Users\FIGHTER\Desktop;
USERNAME=FIGHTER
OS=Windows_NT
PROCESSOR_IDENTIFIER=AMD64 Family 23 Model 104 Stepping 1, AuthenticAMD
TMP=C:\Users\FIGHTER\AppData\Local\Temp
TEMP=C:\Users\FIGHTER\AppData\Local\Temp




---------------  S Y S T E M  ---------------

OS:
 Windows 11 , 64 bit Build 22621 (10.0.22621.2506)
OS uptime: 24 days 9:56 hours
Hyper-V role detected

CPU: total 12 (initial active 12) (12 cores per cpu, 2 threads per core) family 23 model 104 stepping 1 microcode 0x0, cx8, cmov, fxsr, ht, mmx, 3dnowpref, sse, sse2, sse3, ssse3, sse4a, sse4.1, sse4.2, popcnt, lzcnt, tsc, tscinvbit, avx, avx2, aes, clmul, bmi1, bmi2, adx, sha, fma, vzeroupper, clflush, clflushopt, hv, rdtscp, rdpid, f16c

Memory: 4k page, system-wide physical 7541M (1303M free)
TotalPageFile size 9589M (AvailPageFile size 4M)
current process WorkingSet (physical memory assigned to process): 97M, peak: 97M
current process commit charge ("private bytes"): 245M, peak: 246M

vm_info: OpenJDK 64-Bit Server VM (20.0.2+9) for windows-amd64 JRE (20.0.2+9), built on 2023-07-18T00:00:00Z by "admin" with MS VC++ 16.10 / 16.11 (VS2019)

END.
